C:\ECOLOGY-LAB\ECOLOGYLAB-WINTUIODRIVER-375775C\TUIOTOVMULTI-CLIENT\DEBUG\VMULTICLIENT.LIB
C:\ECOLOGY-LAB\ECOLOGYLAB-WINTUIODRIVER-375775C\TUIOTOVMULTI-CLIENT\VMULTI_CLIENT\DEBUG\CLIENT.OBJ
C:\ECOLOGY-LAB\ECOLOGYLAB-WINTUIODRIVER-375775C\TUIOTOVMULTI-CLIENT\VMULTI_CLIENT\DEBUG\VC100.PDB
C:\FINAL PROJECT\DRIVERS\SERVICE5\DEBUG\VMULTICLIENT.LIB
C:\FINAL PROJECT\DRIVERS\SERVICE5\VMULTI_CLIENT\DEBUG\CLIENT.OBJ
C:\FINAL PROJECT\DRIVERS\SERVICE5\VMULTI_CLIENT\DEBUG\VC100.PDB
C:\FINAL PROJECT\DRIVERS\SERVICES\SERVICE5\DEBUG\VMULTICLIENT.LIB
C:\FINAL PROJECT\DRIVERS\SERVICES\SERVICE5\VMULTI_CLIENT\DEBUG\CLIENT.OBJ
C:\FINAL PROJECT\DRIVERS\SERVICES\SERVICE5\VMULTI_CLIENT\DEBUG\VC100.PDB
C:\FINAL PROJECT\DRIVERS\TUIOTOVMULTI-CLIENT\DEBUG\VMULTICLIENT.LIB
C:\FINAL PROJECT\DRIVERS\TUIOTOVMULTI-CLIENT\VMULTI_CLIENT\DEBUG\CLIENT.OBJ
C:\FINAL PROJECT\DRIVERS\TUIOTOVMULTI-CLIENT\VMULTI_CLIENT\DEBUG\VC100.PDB
C:\Users\ecologylab\Documents\GitHub\WinTUIODriver\Services\Service5\Debug\vmulticlient.lib
C:\Users\ecologylab\Documents\GitHub\WinTUIODriver\Services\Service5\Vmulti_Client\Debug\cl.command.1.tlog
C:\Users\ecologylab\Documents\GitHub\WinTUIODriver\Services\Service5\Vmulti_Client\Debug\CL.read.1.tlog
C:\Users\ecologylab\Documents\GitHub\WinTUIODriver\Services\Service5\Vmulti_Client\Debug\CL.write.1.tlog
C:\Users\ecologylab\Documents\GitHub\WinTUIODriver\Services\Service5\Vmulti_Client\Debug\client.obj
C:\Users\ecologylab\Documents\GitHub\WinTUIODriver\Services\Service5\Vmulti_Client\Debug\lib.command.1.tlog
C:\Users\ecologylab\Documents\GitHub\WinTUIODriver\Services\Service5\Vmulti_Client\Debug\Lib.read.1.tlog
C:\Users\ecologylab\Documents\GitHub\WinTUIODriver\Services\Service5\Vmulti_Client\Debug\Lib.write.1.tlog
C:\Users\ecologylab\Documents\GitHub\WinTUIODriver\Services\Service5\Vmulti_Client\Debug\Lib-link.read.1.tlog
C:\Users\ecologylab\Documents\GitHub\WinTUIODriver\Services\Service5\Vmulti_Client\Debug\Lib-link.write.1.tlog
C:\Users\ecologylab\Documents\GitHub\WinTUIODriver\Services\Service5\Vmulti_Client\Debug\vc100.idb
C:\Users\ecologylab\Documents\GitHub\WinTUIODriver\Services\Service5\Vmulti_Client\Debug\vc100.pdb
C:\Users\ecologylab\Documents\GitHub\WinTUIODriver\Services\Service5\Vmulti_Client\Debug\vmulticlient.vcxprojResolveAssemblyReference.cache
C:\Users\ecologylab\Documents\GitHub\WinTUIODriver\Services\Service5\Vmulti_Client\Debug\vmulticlient.write.1.tlog
E:\ECOLOGY-LAB\ECOLOGYLAB-WINTUIODRIVER-375775C\TUIOTOVMULTI-CLIENT\DEBUG\VMULTICLIENT.LIB
E:\ECOLOGY-LAB\ECOLOGYLAB-WINTUIODRIVER-375775C\TUIOTOVMULTI-CLIENT\VMULTI_CLIENT\DEBUG\CLIENT.OBJ
E:\ECOLOGY-LAB\ECOLOGYLAB-WINTUIODRIVER-375775C\TUIOTOVMULTI-CLIENT\VMULTI_CLIENT\DEBUG\VC100.PDB
