C:\ECOLOGY-LAB\ECOLOGYLAB-WINTUIODRIVER-375775C\TUIOTOVMULTI-CLIENT\DEBUG\VMULTICLIENT.LIB
C:\ECOLOGY-LAB\ECOLOGYLAB-WINTUIODRIVER-375775C\TUIOTOVMULTI-CLIENT\VMULTI_CLIENT\DEBUG\CLIENT.OBJ
C:\ECOLOGY-LAB\ECOLOGYLAB-WINTUIODRIVER-375775C\TUIOTOVMULTI-CLIENT\VMULTI_CLIENT\DEBUG\VC100.PDB
C:\FINAL PROJECT\DRIVERS\SERVICES\SERVICE1\DEBUG\VMULTICLIENT.LIB
C:\Final Project\Drivers\Services\Service1\Vmulti_Client\Debug\cl.command.1.tlog
C:\Final Project\Drivers\Services\Service1\Vmulti_Client\Debug\CL.read.1.tlog
C:\Final Project\Drivers\Services\Service1\Vmulti_Client\Debug\CL.write.1.tlog
C:\FINAL PROJECT\DRIVERS\SERVICES\SERVICE1\VMULTI_CLIENT\DEBUG\CLIENT.OBJ
C:\Final Project\Drivers\Services\Service1\Vmulti_Client\Debug\lib.command.1.tlog
C:\Final Project\Drivers\Services\Service1\Vmulti_Client\Debug\Lib.read.1.tlog
C:\Final Project\Drivers\Services\Service1\Vmulti_Client\Debug\Lib.write.1.tlog
C:\Final Project\Drivers\Services\Service1\Vmulti_Client\Debug\Lib-link.read.1.tlog
C:\Final Project\Drivers\Services\Service1\Vmulti_Client\Debug\Lib-link.write.1.tlog
C:\Final Project\Drivers\Services\Service1\Vmulti_Client\Debug\vc100.idb
C:\FINAL PROJECT\DRIVERS\SERVICES\SERVICE1\VMULTI_CLIENT\DEBUG\VC100.PDB
C:\Final Project\Drivers\Services\Service1\Vmulti_Client\Debug\vmulticlient.vcxprojResolveAssemblyReference.cache
C:\Final Project\Drivers\Services\Service1\Vmulti_Client\Debug\vmulticlient.write.1.tlog
C:\FINAL PROJECT\DRIVERS\TUIOTOVMULTI-CLIENT\DEBUG\VMULTICLIENT.LIB
C:\FINAL PROJECT\DRIVERS\TUIOTOVMULTI-CLIENT\VMULTI_CLIENT\DEBUG\CLIENT.OBJ
C:\FINAL PROJECT\DRIVERS\TUIOTOVMULTI-CLIENT\VMULTI_CLIENT\DEBUG\VC100.PDB
E:\ECOLOGY-LAB\ECOLOGYLAB-WINTUIODRIVER-375775C\TUIOTOVMULTI-CLIENT\DEBUG\VMULTICLIENT.LIB
E:\ECOLOGY-LAB\ECOLOGYLAB-WINTUIODRIVER-375775C\TUIOTOVMULTI-CLIENT\VMULTI_CLIENT\DEBUG\CLIENT.OBJ
E:\ECOLOGY-LAB\ECOLOGYLAB-WINTUIODRIVER-375775C\TUIOTOVMULTI-CLIENT\VMULTI_CLIENT\DEBUG\VC100.PDB
