C:\ecology-lab\ecologylab-WinTUIODriver-375775c\TuioToVmulti-Client\Tuio-to-Vmulti-Service-2\Debug\cl.command.1.tlog
C:\ecology-lab\ecologylab-WinTUIODriver-375775c\TuioToVmulti-Client\Tuio-to-Vmulti-Service-2\Debug\CL.read.1.tlog
C:\ecology-lab\ecologylab-WinTUIODriver-375775c\TuioToVmulti-Client\Tuio-to-Vmulti-Service-2\Debug\CL.write.1.tlog
C:\ecology-lab\ecologylab-WinTUIODriver-375775c\TuioToVmulti-Client\Tuio-to-Vmulti-Service-2\Debug\link.8740.read.1.tlog
C:\ecology-lab\ecologylab-WinTUIODriver-375775c\TuioToVmulti-Client\Tuio-to-Vmulti-Service-2\Debug\link.8740.write.1.tlog
C:\ecology-lab\ecologylab-WinTUIODriver-375775c\TuioToVmulti-Client\Tuio-to-Vmulti-Service-2\Debug\link.8876.read.1.tlog
C:\ecology-lab\ecologylab-WinTUIODriver-375775c\TuioToVmulti-Client\Tuio-to-Vmulti-Service-2\Debug\link.8876.write.1.tlog
C:\ecology-lab\ecologylab-WinTUIODriver-375775c\TuioToVmulti-Client\Tuio-to-Vmulti-Service-2\Debug\link.8876-cvtres.read.1.tlog
C:\ecology-lab\ecologylab-WinTUIODriver-375775c\TuioToVmulti-Client\Tuio-to-Vmulti-Service-2\Debug\link.8876-cvtres.write.1.tlog
C:\ecology-lab\ecologylab-WinTUIODriver-375775c\TuioToVmulti-Client\Tuio-to-Vmulti-Service-2\Debug\link.command.1.tlog
C:\ecology-lab\ecologylab-WinTUIODriver-375775c\TuioToVmulti-Client\Tuio-to-Vmulti-Service-2\Debug\link.read.1.tlog
C:\ecology-lab\ecologylab-WinTUIODriver-375775c\TuioToVmulti-Client\Tuio-to-Vmulti-Service-2\Debug\link.write.1.tlog
C:\ecology-lab\ecologylab-WinTUIODriver-375775c\TuioToVmulti-Client\Tuio-to-Vmulti-Service-2\Debug\link-cvtres.read.1.tlog
C:\ecology-lab\ecologylab-WinTUIODriver-375775c\TuioToVmulti-Client\Tuio-to-Vmulti-Service-2\Debug\link-cvtres.write.1.tlog
C:\ecology-lab\ecologylab-WinTUIODriver-375775c\TuioToVmulti-Client\Tuio-to-Vmulti-Service-2\Debug\mt.command.1.tlog
C:\ecology-lab\ecologylab-WinTUIODriver-375775c\TuioToVmulti-Client\Tuio-to-Vmulti-Service-2\Debug\mt.read.1.tlog
C:\ecology-lab\ecologylab-WinTUIODriver-375775c\TuioToVmulti-Client\Tuio-to-Vmulti-Service-2\Debug\mt.write.1.tlog
C:\ECOLOGY-LAB\ECOLOGYLAB-WINTUIODRIVER-375775C\TUIOTOVMULTI-CLIENT\TUIO-TO-VMULTI-SERVICE-2\DEBUG\NETWORKINGUTILS.OBJ
C:\ECOLOGY-LAB\ECOLOGYLAB-WINTUIODRIVER-375775C\TUIOTOVMULTI-CLIENT\TUIO-TO-VMULTI-SERVICE-2\DEBUG\OSCPRINTRECEIVEDELEMENTS.OBJ
C:\ECOLOGY-LAB\ECOLOGYLAB-WINTUIODRIVER-375775C\TUIOTOVMULTI-CLIENT\TUIO-TO-VMULTI-SERVICE-2\DEBUG\OSCRECEIVEDELEMENTS.OBJ
C:\ECOLOGY-LAB\ECOLOGYLAB-WINTUIODRIVER-375775C\TUIOTOVMULTI-CLIENT\TUIO-TO-VMULTI-SERVICE-2\DEBUG\OSCTYPES.OBJ
C:\ecology-lab\ecologylab-WinTUIODriver-375775c\TuioToVmulti-Client\Tuio-to-Vmulti-Service-2\Debug\rc.command.1.tlog
C:\ecology-lab\ecologylab-WinTUIODriver-375775c\TuioToVmulti-Client\Tuio-to-Vmulti-Service-2\Debug\rc.read.1.tlog
C:\ecology-lab\ecologylab-WinTUIODriver-375775c\TuioToVmulti-Client\Tuio-to-Vmulti-Service-2\Debug\rc.write.1.tlog
C:\ECOLOGY-LAB\ECOLOGYLAB-WINTUIODRIVER-375775C\TUIOTOVMULTI-CLIENT\TUIO-TO-VMULTI-SERVICE-2\DEBUG\SERVICEBASE.OBJ
C:\ECOLOGY-LAB\ECOLOGYLAB-WINTUIODRIVER-375775C\TUIOTOVMULTI-CLIENT\TUIO-TO-VMULTI-SERVICE-2\DEBUG\SERVICEINSTALLER.OBJ
C:\ECOLOGY-LAB\ECOLOGYLAB-WINTUIODRIVER-375775C\TUIOTOVMULTI-CLIENT\TUIO-TO-VMULTI-SERVICE-2\DEBUG\STDAFX.OBJ
C:\ECOLOGY-LAB\ECOLOGYLAB-WINTUIODRIVER-375775C\TUIOTOVMULTI-CLIENT\TUIO-TO-VMULTI-SERVICE-2\DEBUG\TUIOCLIENT.OBJ
C:\ECOLOGY-LAB\ECOLOGYLAB-WINTUIODRIVER-375775C\TUIOTOVMULTI-CLIENT\TUIO-TO-VMULTI-SERVICE-2\DEBUG\TUIOSERVICE2.OBJ
C:\ECOLOGY-LAB\ECOLOGYLAB-WINTUIODRIVER-375775C\TUIOTOVMULTI-CLIENT\TUIO-TO-VMULTI-SERVICE-2\DEBUG\TUIOTIME.OBJ
C:\ecology-lab\ecologylab-WinTUIODriver-375775c\TuioToVmulti-Client\Tuio-to-Vmulti-Service-2\Debug\Tuio-to-Vmulti-Service-2.exe.embed.manifest
C:\ECOLOGY-LAB\ECOLOGYLAB-WINTUIODRIVER-375775C\TUIOTOVMULTI-CLIENT\TUIO-TO-VMULTI-SERVICE-2\DEBUG\TUIO-TO-VMULTI-SERVICE-2.EXE.EMBED.MANIFEST.RES
C:\ecology-lab\ecologylab-WinTUIODriver-375775c\TuioToVmulti-Client\Tuio-to-Vmulti-Service-2\Debug\Tuio-to-Vmulti-Service-2.exe.intermediate.manifest
C:\ECOLOGY-LAB\ECOLOGYLAB-WINTUIODRIVER-375775C\TUIOTOVMULTI-CLIENT\TUIO-TO-VMULTI-SERVICE-2\DEBUG\TUIO-TO-VMULTI-SERVICE-2.OBJ
C:\ECOLOGY-LAB\ECOLOGYLAB-WINTUIODRIVER-375775C\TUIOTOVMULTI-CLIENT\TUIO-TO-VMULTI-SERVICE-2\DEBUG\TUIO-TO-VMULTI-SERVICE-2.PCH
C:\ecology-lab\ecologylab-WinTUIODriver-375775c\TuioToVmulti-Client\Tuio-to-Vmulti-Service-2\Debug\Tuio-to-Vmulti-Service-2.vcxprojResolveAssemblyReference.cache
C:\ecology-lab\ecologylab-WinTUIODriver-375775c\TuioToVmulti-Client\Tuio-to-Vmulti-Service-2\Debug\Tuio-to-Vmulti-Service-2.write.1.tlog
C:\ecology-lab\ecologylab-WinTUIODriver-375775c\TuioToVmulti-Client\Tuio-to-Vmulti-Service-2\Debug\Tuio-to-Vmulti-Service-2_manifest.rc
C:\ECOLOGY-LAB\ECOLOGYLAB-WINTUIODRIVER-375775C\TUIOTOVMULTI-CLIENT\TUIO-TO-VMULTI-SERVICE-2\DEBUG\UDPSOCKET.OBJ
C:\ecology-lab\ecologylab-WinTUIODriver-375775c\TuioToVmulti-Client\Tuio-to-Vmulti-Service-2\Debug\vc100.idb
C:\ECOLOGY-LAB\ECOLOGYLAB-WINTUIODRIVER-375775C\TUIOTOVMULTI-CLIENT\TUIO-TO-VMULTI-SERVICE-2\DEBUG\VC100.PDB
Debug\..\..\..\Executables\Tuio-to-Vmulti-Service-2.pdb
E:\ECOLOGY-LAB\ECOLOGYLAB-WINTUIODRIVER-375775C\EXECUTABLES\TUIO-TO-VMULTI-SERVICE-2.EXE
E:\ECOLOGY-LAB\ECOLOGYLAB-WINTUIODRIVER-375775C\EXECUTABLES\TUIO-TO-VMULTI-SERVICE-2.ILK
E:\ECOLOGY-LAB\ECOLOGYLAB-WINTUIODRIVER-375775C\EXECUTABLES\TUIO-TO-VMULTI-SERVICE-2.PDB
E:\ECOLOGY-LAB\ECOLOGYLAB-WINTUIODRIVER-375775C\TUIOTOVMULTI-CLIENT\TUIO-TO-VMULTI-SERVICE-2\DEBUG\NETWORKINGUTILS.OBJ
E:\ECOLOGY-LAB\ECOLOGYLAB-WINTUIODRIVER-375775C\TUIOTOVMULTI-CLIENT\TUIO-TO-VMULTI-SERVICE-2\DEBUG\OSCPRINTRECEIVEDELEMENTS.OBJ
E:\ECOLOGY-LAB\ECOLOGYLAB-WINTUIODRIVER-375775C\TUIOTOVMULTI-CLIENT\TUIO-TO-VMULTI-SERVICE-2\DEBUG\OSCRECEIVEDELEMENTS.OBJ
E:\ECOLOGY-LAB\ECOLOGYLAB-WINTUIODRIVER-375775C\TUIOTOVMULTI-CLIENT\TUIO-TO-VMULTI-SERVICE-2\DEBUG\OSCTYPES.OBJ
E:\ECOLOGY-LAB\ECOLOGYLAB-WINTUIODRIVER-375775C\TUIOTOVMULTI-CLIENT\TUIO-TO-VMULTI-SERVICE-2\DEBUG\SERVICEBASE.OBJ
E:\ECOLOGY-LAB\ECOLOGYLAB-WINTUIODRIVER-375775C\TUIOTOVMULTI-CLIENT\TUIO-TO-VMULTI-SERVICE-2\DEBUG\SERVICEINSTALLER.OBJ
E:\ECOLOGY-LAB\ECOLOGYLAB-WINTUIODRIVER-375775C\TUIOTOVMULTI-CLIENT\TUIO-TO-VMULTI-SERVICE-2\DEBUG\STDAFX.OBJ
E:\ECOLOGY-LAB\ECOLOGYLAB-WINTUIODRIVER-375775C\TUIOTOVMULTI-CLIENT\TUIO-TO-VMULTI-SERVICE-2\DEBUG\TUIOCLIENT.OBJ
E:\ECOLOGY-LAB\ECOLOGYLAB-WINTUIODRIVER-375775C\TUIOTOVMULTI-CLIENT\TUIO-TO-VMULTI-SERVICE-2\DEBUG\TUIOSERVICE2.OBJ
E:\ECOLOGY-LAB\ECOLOGYLAB-WINTUIODRIVER-375775C\TUIOTOVMULTI-CLIENT\TUIO-TO-VMULTI-SERVICE-2\DEBUG\TUIOTIME.OBJ
E:\ECOLOGY-LAB\ECOLOGYLAB-WINTUIODRIVER-375775C\TUIOTOVMULTI-CLIENT\TUIO-TO-VMULTI-SERVICE-2\DEBUG\TUIO-TO-VMULTI-SERVICE-2.EXE.EMBED.MANIFEST
E:\ECOLOGY-LAB\ECOLOGYLAB-WINTUIODRIVER-375775C\TUIOTOVMULTI-CLIENT\TUIO-TO-VMULTI-SERVICE-2\DEBUG\TUIO-TO-VMULTI-SERVICE-2.EXE.EMBED.MANIFEST.RES
E:\ECOLOGY-LAB\ECOLOGYLAB-WINTUIODRIVER-375775C\TUIOTOVMULTI-CLIENT\TUIO-TO-VMULTI-SERVICE-2\DEBUG\TUIO-TO-VMULTI-SERVICE-2.EXE.INTERMEDIATE.MANIFEST
E:\ECOLOGY-LAB\ECOLOGYLAB-WINTUIODRIVER-375775C\TUIOTOVMULTI-CLIENT\TUIO-TO-VMULTI-SERVICE-2\DEBUG\TUIO-TO-VMULTI-SERVICE-2.OBJ
E:\ECOLOGY-LAB\ECOLOGYLAB-WINTUIODRIVER-375775C\TUIOTOVMULTI-CLIENT\TUIO-TO-VMULTI-SERVICE-2\DEBUG\TUIO-TO-VMULTI-SERVICE-2.PCH
E:\ECOLOGY-LAB\ECOLOGYLAB-WINTUIODRIVER-375775C\TUIOTOVMULTI-CLIENT\TUIO-TO-VMULTI-SERVICE-2\DEBUG\UDPSOCKET.OBJ
E:\ECOLOGY-LAB\ECOLOGYLAB-WINTUIODRIVER-375775C\TUIOTOVMULTI-CLIENT\TUIO-TO-VMULTI-SERVICE-2\DEBUG\VC100.PDB
