C:\ECOLOGY-LAB\ECOLOGYLAB-WINTUIODRIVER-375775C\EXECUTABLES\TUIO-TO-VMULTI-SERVICE-1.EXE
C:\ECOLOGY-LAB\ECOLOGYLAB-WINTUIODRIVER-375775C\EXECUTABLES\TUIO-TO-VMULTI-SERVICE-1.ILK
C:\ECOLOGY-LAB\ECOLOGYLAB-WINTUIODRIVER-375775C\EXECUTABLES\TUIO-TO-VMULTI-SERVICE-1.PDB
C:\ECOLOGY-LAB\ECOLOGYLAB-WINTUIODRIVER-375775C\TUIOTOVMULTI-CLIENT\TUIO-TO-VMULTI-SERVICE-1\DEBUG\NETWORKINGUTILS.OBJ
C:\ECOLOGY-LAB\ECOLOGYLAB-WINTUIODRIVER-375775C\TUIOTOVMULTI-CLIENT\TUIO-TO-VMULTI-SERVICE-1\DEBUG\OSCPRINTRECEIVEDELEMENTS.OBJ
C:\ECOLOGY-LAB\ECOLOGYLAB-WINTUIODRIVER-375775C\TUIOTOVMULTI-CLIENT\TUIO-TO-VMULTI-SERVICE-1\DEBUG\OSCRECEIVEDELEMENTS.OBJ
C:\ECOLOGY-LAB\ECOLOGYLAB-WINTUIODRIVER-375775C\TUIOTOVMULTI-CLIENT\TUIO-TO-VMULTI-SERVICE-1\DEBUG\OSCTYPES.OBJ
C:\ECOLOGY-LAB\ECOLOGYLAB-WINTUIODRIVER-375775C\TUIOTOVMULTI-CLIENT\TUIO-TO-VMULTI-SERVICE-1\DEBUG\SERVICEBASE.OBJ
C:\ECOLOGY-LAB\ECOLOGYLAB-WINTUIODRIVER-375775C\TUIOTOVMULTI-CLIENT\TUIO-TO-VMULTI-SERVICE-1\DEBUG\SERVICEINSTALLER.OBJ
C:\ECOLOGY-LAB\ECOLOGYLAB-WINTUIODRIVER-375775C\TUIOTOVMULTI-CLIENT\TUIO-TO-VMULTI-SERVICE-1\DEBUG\TUIOCLIENT.OBJ
C:\ECOLOGY-LAB\ECOLOGYLAB-WINTUIODRIVER-375775C\TUIOTOVMULTI-CLIENT\TUIO-TO-VMULTI-SERVICE-1\DEBUG\TUIOSERVICE1.OBJ
C:\ECOLOGY-LAB\ECOLOGYLAB-WINTUIODRIVER-375775C\TUIOTOVMULTI-CLIENT\TUIO-TO-VMULTI-SERVICE-1\DEBUG\TUIOTIME.OBJ
C:\ECOLOGY-LAB\ECOLOGYLAB-WINTUIODRIVER-375775C\TUIOTOVMULTI-CLIENT\TUIO-TO-VMULTI-SERVICE-1\DEBUG\TUIO-TO-VMULTI-SERVICE-1.EXE.EMBED.MANIFEST.RES
C:\ECOLOGY-LAB\ECOLOGYLAB-WINTUIODRIVER-375775C\TUIOTOVMULTI-CLIENT\TUIO-TO-VMULTI-SERVICE-1\DEBUG\TUIO-TO-VMULTI-SERVICE-1.EXE.INTERMEDIATE.MANIFEST
C:\ECOLOGY-LAB\ECOLOGYLAB-WINTUIODRIVER-375775C\TUIOTOVMULTI-CLIENT\TUIO-TO-VMULTI-SERVICE-1\DEBUG\TUIO-TO-VMULTI-SERVICE-1.OBJ
C:\ECOLOGY-LAB\ECOLOGYLAB-WINTUIODRIVER-375775C\TUIOTOVMULTI-CLIENT\TUIO-TO-VMULTI-SERVICE-1\DEBUG\UDPSOCKET.OBJ
C:\ECOLOGY-LAB\ECOLOGYLAB-WINTUIODRIVER-375775C\TUIOTOVMULTI-CLIENT\TUIO-TO-VMULTI-SERVICE-1\DEBUG\VC100.PDB
C:\FINAL PROJECT\DRIVERS\EXECUTABLES\TUIO-TO-VMULTI-SERVICE-1.EXE
C:\FINAL PROJECT\DRIVERS\EXECUTABLES\TUIO-TO-VMULTI-SERVICE-1.ILK
C:\FINAL PROJECT\DRIVERS\EXECUTABLES\TUIO-TO-VMULTI-SERVICE-1.PDB
C:\Final Project\Drivers\Services\Service1\Tuio-to-Vmulti-Service-1\Debug\..\..\..\..\Executables\Tuio-to-Vmulti-Service-1.exe
C:\Final Project\Drivers\Services\Service1\Tuio-to-Vmulti-Service-1\Debug\cl.command.1.tlog
C:\Final Project\Drivers\Services\Service1\Tuio-to-Vmulti-Service-1\Debug\CL.read.1.tlog
C:\Final Project\Drivers\Services\Service1\Tuio-to-Vmulti-Service-1\Debug\CL.write.1.tlog
C:\Final Project\Drivers\Services\Service1\Tuio-to-Vmulti-Service-1\Debug\link.2012.read.1.tlog
C:\Final Project\Drivers\Services\Service1\Tuio-to-Vmulti-Service-1\Debug\link.2012.write.1.tlog
C:\Final Project\Drivers\Services\Service1\Tuio-to-Vmulti-Service-1\Debug\link.2012-cvtres.read.1.tlog
C:\Final Project\Drivers\Services\Service1\Tuio-to-Vmulti-Service-1\Debug\link.2012-cvtres.write.1.tlog
C:\Final Project\Drivers\Services\Service1\Tuio-to-Vmulti-Service-1\Debug\link.2588.read.1.tlog
C:\Final Project\Drivers\Services\Service1\Tuio-to-Vmulti-Service-1\Debug\link.2588.write.1.tlog
C:\Final Project\Drivers\Services\Service1\Tuio-to-Vmulti-Service-1\Debug\link.2588-cvtres.read.1.tlog
C:\Final Project\Drivers\Services\Service1\Tuio-to-Vmulti-Service-1\Debug\link.2588-cvtres.write.1.tlog
C:\Final Project\Drivers\Services\Service1\Tuio-to-Vmulti-Service-1\Debug\link.3408.read.1.tlog
C:\Final Project\Drivers\Services\Service1\Tuio-to-Vmulti-Service-1\Debug\link.3408.write.1.tlog
C:\Final Project\Drivers\Services\Service1\Tuio-to-Vmulti-Service-1\Debug\link.3408-cvtres.read.1.tlog
C:\Final Project\Drivers\Services\Service1\Tuio-to-Vmulti-Service-1\Debug\link.3408-cvtres.write.1.tlog
C:\Final Project\Drivers\Services\Service1\Tuio-to-Vmulti-Service-1\Debug\link.3536.read.1.tlog
C:\Final Project\Drivers\Services\Service1\Tuio-to-Vmulti-Service-1\Debug\link.3536.write.1.tlog
C:\Final Project\Drivers\Services\Service1\Tuio-to-Vmulti-Service-1\Debug\link.3536-cvtres.read.1.tlog
C:\Final Project\Drivers\Services\Service1\Tuio-to-Vmulti-Service-1\Debug\link.3536-cvtres.write.1.tlog
C:\Final Project\Drivers\Services\Service1\Tuio-to-Vmulti-Service-1\Debug\link.3800.read.1.tlog
C:\Final Project\Drivers\Services\Service1\Tuio-to-Vmulti-Service-1\Debug\link.3800.write.1.tlog
C:\Final Project\Drivers\Services\Service1\Tuio-to-Vmulti-Service-1\Debug\link.3800-cvtres.read.1.tlog
C:\Final Project\Drivers\Services\Service1\Tuio-to-Vmulti-Service-1\Debug\link.3800-cvtres.write.1.tlog
C:\Final Project\Drivers\Services\Service1\Tuio-to-Vmulti-Service-1\Debug\link.4196.read.1.tlog
C:\Final Project\Drivers\Services\Service1\Tuio-to-Vmulti-Service-1\Debug\link.4196.write.1.tlog
C:\Final Project\Drivers\Services\Service1\Tuio-to-Vmulti-Service-1\Debug\link.4196-cvtres.read.1.tlog
C:\Final Project\Drivers\Services\Service1\Tuio-to-Vmulti-Service-1\Debug\link.4196-cvtres.write.1.tlog
C:\Final Project\Drivers\Services\Service1\Tuio-to-Vmulti-Service-1\Debug\link.5732.read.1.tlog
C:\Final Project\Drivers\Services\Service1\Tuio-to-Vmulti-Service-1\Debug\link.5732.write.1.tlog
C:\Final Project\Drivers\Services\Service1\Tuio-to-Vmulti-Service-1\Debug\link.5732-cvtres.read.1.tlog
C:\Final Project\Drivers\Services\Service1\Tuio-to-Vmulti-Service-1\Debug\link.5732-cvtres.write.1.tlog
C:\Final Project\Drivers\Services\Service1\Tuio-to-Vmulti-Service-1\Debug\link.5956.read.1.tlog
C:\Final Project\Drivers\Services\Service1\Tuio-to-Vmulti-Service-1\Debug\link.5956.write.1.tlog
C:\Final Project\Drivers\Services\Service1\Tuio-to-Vmulti-Service-1\Debug\link.5956-cvtres.read.1.tlog
C:\Final Project\Drivers\Services\Service1\Tuio-to-Vmulti-Service-1\Debug\link.5956-cvtres.write.1.tlog
C:\Final Project\Drivers\Services\Service1\Tuio-to-Vmulti-Service-1\Debug\link.6600.read.1.tlog
C:\Final Project\Drivers\Services\Service1\Tuio-to-Vmulti-Service-1\Debug\link.6600.write.1.tlog
C:\Final Project\Drivers\Services\Service1\Tuio-to-Vmulti-Service-1\Debug\link.6600-cvtres.read.1.tlog
C:\Final Project\Drivers\Services\Service1\Tuio-to-Vmulti-Service-1\Debug\link.6600-cvtres.write.1.tlog
C:\Final Project\Drivers\Services\Service1\Tuio-to-Vmulti-Service-1\Debug\link.6748.read.1.tlog
C:\Final Project\Drivers\Services\Service1\Tuio-to-Vmulti-Service-1\Debug\link.6748.write.1.tlog
C:\Final Project\Drivers\Services\Service1\Tuio-to-Vmulti-Service-1\Debug\link.6748-cvtres.read.1.tlog
C:\Final Project\Drivers\Services\Service1\Tuio-to-Vmulti-Service-1\Debug\link.6748-cvtres.write.1.tlog
C:\Final Project\Drivers\Services\Service1\Tuio-to-Vmulti-Service-1\Debug\link.7568.read.1.tlog
C:\Final Project\Drivers\Services\Service1\Tuio-to-Vmulti-Service-1\Debug\link.7568.write.1.tlog
C:\Final Project\Drivers\Services\Service1\Tuio-to-Vmulti-Service-1\Debug\link.7568-cvtres.read.1.tlog
C:\Final Project\Drivers\Services\Service1\Tuio-to-Vmulti-Service-1\Debug\link.7568-cvtres.write.1.tlog
C:\Final Project\Drivers\Services\Service1\Tuio-to-Vmulti-Service-1\Debug\link.9012.read.1.tlog
C:\Final Project\Drivers\Services\Service1\Tuio-to-Vmulti-Service-1\Debug\link.9012.write.1.tlog
C:\Final Project\Drivers\Services\Service1\Tuio-to-Vmulti-Service-1\Debug\link.9012-cvtres.read.1.tlog
C:\Final Project\Drivers\Services\Service1\Tuio-to-Vmulti-Service-1\Debug\link.9012-cvtres.write.1.tlog
C:\Final Project\Drivers\Services\Service1\Tuio-to-Vmulti-Service-1\Debug\link.9284.read.1.tlog
C:\Final Project\Drivers\Services\Service1\Tuio-to-Vmulti-Service-1\Debug\link.9284.write.1.tlog
C:\Final Project\Drivers\Services\Service1\Tuio-to-Vmulti-Service-1\Debug\link.9284-cvtres.read.1.tlog
C:\Final Project\Drivers\Services\Service1\Tuio-to-Vmulti-Service-1\Debug\link.9284-cvtres.write.1.tlog
C:\Final Project\Drivers\Services\Service1\Tuio-to-Vmulti-Service-1\Debug\link.command.1.tlog
C:\Final Project\Drivers\Services\Service1\Tuio-to-Vmulti-Service-1\Debug\link.read.1.tlog
C:\Final Project\Drivers\Services\Service1\Tuio-to-Vmulti-Service-1\Debug\link.write.1.tlog
C:\Final Project\Drivers\Services\Service1\Tuio-to-Vmulti-Service-1\Debug\link-cvtres.read.1.tlog
C:\Final Project\Drivers\Services\Service1\Tuio-to-Vmulti-Service-1\Debug\link-cvtres.write.1.tlog
C:\Final Project\Drivers\Services\Service1\Tuio-to-Vmulti-Service-1\Debug\mt.command.1.tlog
C:\Final Project\Drivers\Services\Service1\Tuio-to-Vmulti-Service-1\Debug\mt.read.1.tlog
C:\Final Project\Drivers\Services\Service1\Tuio-to-Vmulti-Service-1\Debug\mt.write.1.tlog
C:\FINAL PROJECT\DRIVERS\SERVICES\SERVICE1\TUIO-TO-VMULTI-SERVICE-1\DEBUG\NETWORKINGUTILS.OBJ
C:\FINAL PROJECT\DRIVERS\SERVICES\SERVICE1\TUIO-TO-VMULTI-SERVICE-1\DEBUG\OSCPRINTRECEIVEDELEMENTS.OBJ
C:\FINAL PROJECT\DRIVERS\SERVICES\SERVICE1\TUIO-TO-VMULTI-SERVICE-1\DEBUG\OSCRECEIVEDELEMENTS.OBJ
C:\FINAL PROJECT\DRIVERS\SERVICES\SERVICE1\TUIO-TO-VMULTI-SERVICE-1\DEBUG\OSCTYPES.OBJ
C:\Final Project\Drivers\Services\Service1\Tuio-to-Vmulti-Service-1\Debug\rc.command.1.tlog
C:\Final Project\Drivers\Services\Service1\Tuio-to-Vmulti-Service-1\Debug\rc.read.1.tlog
C:\Final Project\Drivers\Services\Service1\Tuio-to-Vmulti-Service-1\Debug\rc.write.1.tlog
C:\Final Project\Drivers\Services\Service1\Tuio-to-Vmulti-Service-1\Debug\ResolveAssemblyReference.cache
C:\FINAL PROJECT\DRIVERS\SERVICES\SERVICE1\TUIO-TO-VMULTI-SERVICE-1\DEBUG\SERVICEBASE.OBJ
C:\FINAL PROJECT\DRIVERS\SERVICES\SERVICE1\TUIO-TO-VMULTI-SERVICE-1\DEBUG\SERVICEINSTALLER.OBJ
C:\FINAL PROJECT\DRIVERS\SERVICES\SERVICE1\TUIO-TO-VMULTI-SERVICE-1\DEBUG\TUIOCLIENT.OBJ
C:\FINAL PROJECT\DRIVERS\SERVICES\SERVICE1\TUIO-TO-VMULTI-SERVICE-1\DEBUG\TUIOSERVICE1.OBJ
C:\FINAL PROJECT\DRIVERS\SERVICES\SERVICE1\TUIO-TO-VMULTI-SERVICE-1\DEBUG\TUIOTIME.OBJ
C:\Final Project\Drivers\Services\Service1\Tuio-to-Vmulti-Service-1\Debug\Tuio-to-Vmulti-Service-1.exe.embed.manifest
C:\FINAL PROJECT\DRIVERS\SERVICES\SERVICE1\TUIO-TO-VMULTI-SERVICE-1\DEBUG\TUIO-TO-VMULTI-SERVICE-1.EXE.EMBED.MANIFEST.RES
C:\FINAL PROJECT\DRIVERS\SERVICES\SERVICE1\TUIO-TO-VMULTI-SERVICE-1\DEBUG\TUIO-TO-VMULTI-SERVICE-1.EXE.INTERMEDIATE.MANIFEST
C:\FINAL PROJECT\DRIVERS\SERVICES\SERVICE1\TUIO-TO-VMULTI-SERVICE-1\DEBUG\TUIO-TO-VMULTI-SERVICE-1.OBJ
C:\Final Project\Drivers\Services\Service1\Tuio-to-Vmulti-Service-1\Debug\Tuio-to-Vmulti-Service-1.vcxprojResolveAssemblyReference.cache
C:\Final Project\Drivers\Services\Service1\Tuio-to-Vmulti-Service-1\Debug\Tuio-to-Vmulti-Service-1.write.1.tlog
C:\Final Project\Drivers\Services\Service1\Tuio-to-Vmulti-Service-1\Debug\Tuio-to-Vmulti-Service-1_manifest.rc
C:\FINAL PROJECT\DRIVERS\SERVICES\SERVICE1\TUIO-TO-VMULTI-SERVICE-1\DEBUG\UDPSOCKET.OBJ
C:\Final Project\Drivers\Services\Service1\Tuio-to-Vmulti-Service-1\Debug\vc100.idb
C:\FINAL PROJECT\DRIVERS\SERVICES\SERVICE1\TUIO-TO-VMULTI-SERVICE-1\DEBUG\VC100.PDB
C:\FINAL PROJECT\DRIVERS\TUIOTOVMULTI-CLIENT\TUIO-TO-VMULTI-SERVICE-1\DEBUG\NETWORKINGUTILS.OBJ
C:\FINAL PROJECT\DRIVERS\TUIOTOVMULTI-CLIENT\TUIO-TO-VMULTI-SERVICE-1\DEBUG\OSCPRINTRECEIVEDELEMENTS.OBJ
C:\FINAL PROJECT\DRIVERS\TUIOTOVMULTI-CLIENT\TUIO-TO-VMULTI-SERVICE-1\DEBUG\OSCRECEIVEDELEMENTS.OBJ
C:\FINAL PROJECT\DRIVERS\TUIOTOVMULTI-CLIENT\TUIO-TO-VMULTI-SERVICE-1\DEBUG\OSCTYPES.OBJ
C:\FINAL PROJECT\DRIVERS\TUIOTOVMULTI-CLIENT\TUIO-TO-VMULTI-SERVICE-1\DEBUG\SERVICEBASE.OBJ
C:\FINAL PROJECT\DRIVERS\TUIOTOVMULTI-CLIENT\TUIO-TO-VMULTI-SERVICE-1\DEBUG\SERVICEINSTALLER.OBJ
C:\FINAL PROJECT\DRIVERS\TUIOTOVMULTI-CLIENT\TUIO-TO-VMULTI-SERVICE-1\DEBUG\TUIOCLIENT.OBJ
C:\FINAL PROJECT\DRIVERS\TUIOTOVMULTI-CLIENT\TUIO-TO-VMULTI-SERVICE-1\DEBUG\TUIOSERVICE1.OBJ
C:\FINAL PROJECT\DRIVERS\TUIOTOVMULTI-CLIENT\TUIO-TO-VMULTI-SERVICE-1\DEBUG\TUIOTIME.OBJ
C:\FINAL PROJECT\DRIVERS\TUIOTOVMULTI-CLIENT\TUIO-TO-VMULTI-SERVICE-1\DEBUG\TUIO-TO-VMULTI-SERVICE-1.EXE.EMBED.MANIFEST.RES
C:\FINAL PROJECT\DRIVERS\TUIOTOVMULTI-CLIENT\TUIO-TO-VMULTI-SERVICE-1\DEBUG\TUIO-TO-VMULTI-SERVICE-1.OBJ
C:\FINAL PROJECT\DRIVERS\TUIOTOVMULTI-CLIENT\TUIO-TO-VMULTI-SERVICE-1\DEBUG\UDPSOCKET.OBJ
C:\FINAL PROJECT\DRIVERS\TUIOTOVMULTI-CLIENT\TUIO-TO-VMULTI-SERVICE-1\DEBUG\VC100.PDB
C:\FINAL PROJECT\EXECUTABLES\TUIO-TO-VMULTI-SERVICE-1.EXE
C:\FINAL PROJECT\EXECUTABLES\TUIO-TO-VMULTI-SERVICE-1.ILK
C:\FINAL PROJECT\EXECUTABLES\TUIO-TO-VMULTI-SERVICE-1.PDB
Debug\..\..\..\..\Executables\Tuio-to-Vmulti-Service-1.ilk
Debug\..\..\..\..\Executables\Tuio-to-Vmulti-Service-1.pdb
E:\ECOLOGY-LAB\ECOLOGYLAB-WINTUIODRIVER-375775C\EXECUTABLES\TUIO-TO-VMULTI-SERVICE-1.EXE
E:\ECOLOGY-LAB\ECOLOGYLAB-WINTUIODRIVER-375775C\EXECUTABLES\TUIO-TO-VMULTI-SERVICE-1.ILK
E:\ECOLOGY-LAB\ECOLOGYLAB-WINTUIODRIVER-375775C\EXECUTABLES\TUIO-TO-VMULTI-SERVICE-1.PDB
E:\ECOLOGY-LAB\ECOLOGYLAB-WINTUIODRIVER-375775C\TUIOTOVMULTI-CLIENT\TUIO-TO-VMULTI-SERVICE-1\DEBUG\NETWORKINGUTILS.OBJ
E:\ECOLOGY-LAB\ECOLOGYLAB-WINTUIODRIVER-375775C\TUIOTOVMULTI-CLIENT\TUIO-TO-VMULTI-SERVICE-1\DEBUG\OSCPRINTRECEIVEDELEMENTS.OBJ
E:\ECOLOGY-LAB\ECOLOGYLAB-WINTUIODRIVER-375775C\TUIOTOVMULTI-CLIENT\TUIO-TO-VMULTI-SERVICE-1\DEBUG\OSCRECEIVEDELEMENTS.OBJ
E:\ECOLOGY-LAB\ECOLOGYLAB-WINTUIODRIVER-375775C\TUIOTOVMULTI-CLIENT\TUIO-TO-VMULTI-SERVICE-1\DEBUG\OSCTYPES.OBJ
E:\ECOLOGY-LAB\ECOLOGYLAB-WINTUIODRIVER-375775C\TUIOTOVMULTI-CLIENT\TUIO-TO-VMULTI-SERVICE-1\DEBUG\SERVICEBASE.OBJ
E:\ECOLOGY-LAB\ECOLOGYLAB-WINTUIODRIVER-375775C\TUIOTOVMULTI-CLIENT\TUIO-TO-VMULTI-SERVICE-1\DEBUG\SERVICEINSTALLER.OBJ
E:\ECOLOGY-LAB\ECOLOGYLAB-WINTUIODRIVER-375775C\TUIOTOVMULTI-CLIENT\TUIO-TO-VMULTI-SERVICE-1\DEBUG\TUIOCLIENT.OBJ
E:\ECOLOGY-LAB\ECOLOGYLAB-WINTUIODRIVER-375775C\TUIOTOVMULTI-CLIENT\TUIO-TO-VMULTI-SERVICE-1\DEBUG\TUIOSERVICE1.OBJ
E:\ECOLOGY-LAB\ECOLOGYLAB-WINTUIODRIVER-375775C\TUIOTOVMULTI-CLIENT\TUIO-TO-VMULTI-SERVICE-1\DEBUG\TUIOTIME.OBJ
E:\ECOLOGY-LAB\ECOLOGYLAB-WINTUIODRIVER-375775C\TUIOTOVMULTI-CLIENT\TUIO-TO-VMULTI-SERVICE-1\DEBUG\TUIO-TO-VMULTI-SERVICE-1.EXE.EMBED.MANIFEST
E:\ECOLOGY-LAB\ECOLOGYLAB-WINTUIODRIVER-375775C\TUIOTOVMULTI-CLIENT\TUIO-TO-VMULTI-SERVICE-1\DEBUG\TUIO-TO-VMULTI-SERVICE-1.EXE.EMBED.MANIFEST.RES
E:\ECOLOGY-LAB\ECOLOGYLAB-WINTUIODRIVER-375775C\TUIOTOVMULTI-CLIENT\TUIO-TO-VMULTI-SERVICE-1\DEBUG\TUIO-TO-VMULTI-SERVICE-1.EXE.INTERMEDIATE.MANIFEST
E:\ECOLOGY-LAB\ECOLOGYLAB-WINTUIODRIVER-375775C\TUIOTOVMULTI-CLIENT\TUIO-TO-VMULTI-SERVICE-1\DEBUG\TUIO-TO-VMULTI-SERVICE-1.OBJ
E:\ECOLOGY-LAB\ECOLOGYLAB-WINTUIODRIVER-375775C\TUIOTOVMULTI-CLIENT\TUIO-TO-VMULTI-SERVICE-1\DEBUG\UDPSOCKET.OBJ
E:\ECOLOGY-LAB\ECOLOGYLAB-WINTUIODRIVER-375775C\TUIOTOVMULTI-CLIENT\TUIO-TO-VMULTI-SERVICE-1\DEBUG\VC100.PDB
