C:\ECOLOGY-LAB\ECOLOGYLAB-WINTUIODRIVER-375775C\EXECUTABLES\TUIO-TO-VMULTI-SERVICE-5.EXE
C:\ECOLOGY-LAB\ECOLOGYLAB-WINTUIODRIVER-375775C\EXECUTABLES\TUIO-TO-VMULTI-SERVICE-5.ILK
C:\ECOLOGY-LAB\ECOLOGYLAB-WINTUIODRIVER-375775C\EXECUTABLES\TUIO-TO-VMULTI-SERVICE-5.PDB
C:\ECOLOGY-LAB\ECOLOGYLAB-WINTUIODRIVER-375775C\TUIOTOVMULTI-CLIENT\TUIO-TO-VMULTI-SERVICE-5\DEBUG\NETWORKINGUTILS.OBJ
C:\ECOLOGY-LAB\ECOLOGYLAB-WINTUIODRIVER-375775C\TUIOTOVMULTI-CLIENT\TUIO-TO-VMULTI-SERVICE-5\DEBUG\OSCPRINTRECEIVEDELEMENTS.OBJ
C:\ECOLOGY-LAB\ECOLOGYLAB-WINTUIODRIVER-375775C\TUIOTOVMULTI-CLIENT\TUIO-TO-VMULTI-SERVICE-5\DEBUG\OSCRECEIVEDELEMENTS.OBJ
C:\ECOLOGY-LAB\ECOLOGYLAB-WINTUIODRIVER-375775C\TUIOTOVMULTI-CLIENT\TUIO-TO-VMULTI-SERVICE-5\DEBUG\OSCTYPES.OBJ
C:\ECOLOGY-LAB\ECOLOGYLAB-WINTUIODRIVER-375775C\TUIOTOVMULTI-CLIENT\TUIO-TO-VMULTI-SERVICE-5\DEBUG\SERVICEBASE.OBJ
C:\ECOLOGY-LAB\ECOLOGYLAB-WINTUIODRIVER-375775C\TUIOTOVMULTI-CLIENT\TUIO-TO-VMULTI-SERVICE-5\DEBUG\SERVICEINSTALLER.OBJ
C:\ECOLOGY-LAB\ECOLOGYLAB-WINTUIODRIVER-375775C\TUIOTOVMULTI-CLIENT\TUIO-TO-VMULTI-SERVICE-5\DEBUG\STDAFX.OBJ
C:\ECOLOGY-LAB\ECOLOGYLAB-WINTUIODRIVER-375775C\TUIOTOVMULTI-CLIENT\TUIO-TO-VMULTI-SERVICE-5\DEBUG\TUIOCLIENT.OBJ
C:\ECOLOGY-LAB\ECOLOGYLAB-WINTUIODRIVER-375775C\TUIOTOVMULTI-CLIENT\TUIO-TO-VMULTI-SERVICE-5\DEBUG\TUIOSERVICE5.OBJ
C:\ECOLOGY-LAB\ECOLOGYLAB-WINTUIODRIVER-375775C\TUIOTOVMULTI-CLIENT\TUIO-TO-VMULTI-SERVICE-5\DEBUG\TUIOTIME.OBJ
C:\ECOLOGY-LAB\ECOLOGYLAB-WINTUIODRIVER-375775C\TUIOTOVMULTI-CLIENT\TUIO-TO-VMULTI-SERVICE-5\DEBUG\TUIO-TO-VMULTI-SERVICE-5.EXE.EMBED.MANIFEST.RES
C:\ECOLOGY-LAB\ECOLOGYLAB-WINTUIODRIVER-375775C\TUIOTOVMULTI-CLIENT\TUIO-TO-VMULTI-SERVICE-5\DEBUG\TUIO-TO-VMULTI-SERVICE-5.EXE.INTERMEDIATE.MANIFEST
C:\ECOLOGY-LAB\ECOLOGYLAB-WINTUIODRIVER-375775C\TUIOTOVMULTI-CLIENT\TUIO-TO-VMULTI-SERVICE-5\DEBUG\TUIO-TO-VMULTI-SERVICE-5.OBJ
C:\ECOLOGY-LAB\ECOLOGYLAB-WINTUIODRIVER-375775C\TUIOTOVMULTI-CLIENT\TUIO-TO-VMULTI-SERVICE-5\DEBUG\TUIO-TO-VMULTI-SERVICE-5.PCH
C:\ECOLOGY-LAB\ECOLOGYLAB-WINTUIODRIVER-375775C\TUIOTOVMULTI-CLIENT\TUIO-TO-VMULTI-SERVICE-5\DEBUG\UDPSOCKET.OBJ
C:\ECOLOGY-LAB\ECOLOGYLAB-WINTUIODRIVER-375775C\TUIOTOVMULTI-CLIENT\TUIO-TO-VMULTI-SERVICE-5\DEBUG\VC100.PDB
C:\FINAL PROJECT\DRIVERS\EXECUTABLES\TUIO-TO-VMULTI-SERVICE-5.EXE
C:\FINAL PROJECT\DRIVERS\EXECUTABLES\TUIO-TO-VMULTI-SERVICE-5.ILK
C:\FINAL PROJECT\DRIVERS\EXECUTABLES\TUIO-TO-VMULTI-SERVICE-5.PDB
C:\FINAL PROJECT\DRIVERS\SERVICE5\TUIO-TO-VMULTI-SERVICE-5\DEBUG\NETWORKINGUTILS.OBJ
C:\FINAL PROJECT\DRIVERS\SERVICE5\TUIO-TO-VMULTI-SERVICE-5\DEBUG\OSCPRINTRECEIVEDELEMENTS.OBJ
C:\FINAL PROJECT\DRIVERS\SERVICE5\TUIO-TO-VMULTI-SERVICE-5\DEBUG\OSCRECEIVEDELEMENTS.OBJ
C:\FINAL PROJECT\DRIVERS\SERVICE5\TUIO-TO-VMULTI-SERVICE-5\DEBUG\OSCTYPES.OBJ
C:\FINAL PROJECT\DRIVERS\SERVICE5\TUIO-TO-VMULTI-SERVICE-5\DEBUG\SERVICEBASE.OBJ
C:\FINAL PROJECT\DRIVERS\SERVICE5\TUIO-TO-VMULTI-SERVICE-5\DEBUG\SERVICEINSTALLER.OBJ
C:\FINAL PROJECT\DRIVERS\SERVICE5\TUIO-TO-VMULTI-SERVICE-5\DEBUG\STDAFX.OBJ
C:\FINAL PROJECT\DRIVERS\SERVICE5\TUIO-TO-VMULTI-SERVICE-5\DEBUG\TUIOCLIENT.OBJ
C:\FINAL PROJECT\DRIVERS\SERVICE5\TUIO-TO-VMULTI-SERVICE-5\DEBUG\TUIOSERVICE5.OBJ
C:\FINAL PROJECT\DRIVERS\SERVICE5\TUIO-TO-VMULTI-SERVICE-5\DEBUG\TUIOTIME.OBJ
C:\FINAL PROJECT\DRIVERS\SERVICE5\TUIO-TO-VMULTI-SERVICE-5\DEBUG\TUIO-TO-VMULTI-SERVICE-5.EXE.EMBED.MANIFEST.RES
C:\FINAL PROJECT\DRIVERS\SERVICE5\TUIO-TO-VMULTI-SERVICE-5\DEBUG\TUIO-TO-VMULTI-SERVICE-5.OBJ
C:\FINAL PROJECT\DRIVERS\SERVICE5\TUIO-TO-VMULTI-SERVICE-5\DEBUG\TUIO-TO-VMULTI-SERVICE-5.PCH
C:\FINAL PROJECT\DRIVERS\SERVICE5\TUIO-TO-VMULTI-SERVICE-5\DEBUG\UDPSOCKET.OBJ
C:\FINAL PROJECT\DRIVERS\SERVICE5\TUIO-TO-VMULTI-SERVICE-5\DEBUG\VC100.PDB
C:\FINAL PROJECT\DRIVERS\SERVICES\SERVICE5\TUIO-TO-VMULTI-SERVICE-5\DEBUG\NETWORKINGUTILS.OBJ
C:\FINAL PROJECT\DRIVERS\SERVICES\SERVICE5\TUIO-TO-VMULTI-SERVICE-5\DEBUG\OSCPRINTRECEIVEDELEMENTS.OBJ
C:\FINAL PROJECT\DRIVERS\SERVICES\SERVICE5\TUIO-TO-VMULTI-SERVICE-5\DEBUG\OSCRECEIVEDELEMENTS.OBJ
C:\FINAL PROJECT\DRIVERS\SERVICES\SERVICE5\TUIO-TO-VMULTI-SERVICE-5\DEBUG\OSCTYPES.OBJ
C:\FINAL PROJECT\DRIVERS\SERVICES\SERVICE5\TUIO-TO-VMULTI-SERVICE-5\DEBUG\SERVICEBASE.OBJ
C:\FINAL PROJECT\DRIVERS\SERVICES\SERVICE5\TUIO-TO-VMULTI-SERVICE-5\DEBUG\SERVICEINSTALLER.OBJ
C:\FINAL PROJECT\DRIVERS\SERVICES\SERVICE5\TUIO-TO-VMULTI-SERVICE-5\DEBUG\STDAFX.OBJ
C:\FINAL PROJECT\DRIVERS\SERVICES\SERVICE5\TUIO-TO-VMULTI-SERVICE-5\DEBUG\TUIOCLIENT.OBJ
C:\FINAL PROJECT\DRIVERS\SERVICES\SERVICE5\TUIO-TO-VMULTI-SERVICE-5\DEBUG\TUIOSERVICE5.OBJ
C:\FINAL PROJECT\DRIVERS\SERVICES\SERVICE5\TUIO-TO-VMULTI-SERVICE-5\DEBUG\TUIOTIME.OBJ
C:\FINAL PROJECT\DRIVERS\SERVICES\SERVICE5\TUIO-TO-VMULTI-SERVICE-5\DEBUG\TUIO-TO-VMULTI-SERVICE-5.EXE.EMBED.MANIFEST.RES
C:\FINAL PROJECT\DRIVERS\SERVICES\SERVICE5\TUIO-TO-VMULTI-SERVICE-5\DEBUG\TUIO-TO-VMULTI-SERVICE-5.EXE.INTERMEDIATE.MANIFEST
C:\FINAL PROJECT\DRIVERS\SERVICES\SERVICE5\TUIO-TO-VMULTI-SERVICE-5\DEBUG\TUIO-TO-VMULTI-SERVICE-5.OBJ
C:\FINAL PROJECT\DRIVERS\SERVICES\SERVICE5\TUIO-TO-VMULTI-SERVICE-5\DEBUG\TUIO-TO-VMULTI-SERVICE-5.PCH
C:\FINAL PROJECT\DRIVERS\SERVICES\SERVICE5\TUIO-TO-VMULTI-SERVICE-5\DEBUG\UDPSOCKET.OBJ
C:\FINAL PROJECT\DRIVERS\SERVICES\SERVICE5\TUIO-TO-VMULTI-SERVICE-5\DEBUG\VC100.PDB
C:\FINAL PROJECT\DRIVERS\TUIOTOVMULTI-CLIENT\TUIO-TO-VMULTI-SERVICE-5\DEBUG\NETWORKINGUTILS.OBJ
C:\FINAL PROJECT\DRIVERS\TUIOTOVMULTI-CLIENT\TUIO-TO-VMULTI-SERVICE-5\DEBUG\OSCPRINTRECEIVEDELEMENTS.OBJ
C:\FINAL PROJECT\DRIVERS\TUIOTOVMULTI-CLIENT\TUIO-TO-VMULTI-SERVICE-5\DEBUG\OSCRECEIVEDELEMENTS.OBJ
C:\FINAL PROJECT\DRIVERS\TUIOTOVMULTI-CLIENT\TUIO-TO-VMULTI-SERVICE-5\DEBUG\OSCTYPES.OBJ
C:\FINAL PROJECT\DRIVERS\TUIOTOVMULTI-CLIENT\TUIO-TO-VMULTI-SERVICE-5\DEBUG\SERVICEBASE.OBJ
C:\FINAL PROJECT\DRIVERS\TUIOTOVMULTI-CLIENT\TUIO-TO-VMULTI-SERVICE-5\DEBUG\SERVICEINSTALLER.OBJ
C:\FINAL PROJECT\DRIVERS\TUIOTOVMULTI-CLIENT\TUIO-TO-VMULTI-SERVICE-5\DEBUG\STDAFX.OBJ
C:\FINAL PROJECT\DRIVERS\TUIOTOVMULTI-CLIENT\TUIO-TO-VMULTI-SERVICE-5\DEBUG\TUIOCLIENT.OBJ
C:\FINAL PROJECT\DRIVERS\TUIOTOVMULTI-CLIENT\TUIO-TO-VMULTI-SERVICE-5\DEBUG\TUIOSERVICE5.OBJ
C:\FINAL PROJECT\DRIVERS\TUIOTOVMULTI-CLIENT\TUIO-TO-VMULTI-SERVICE-5\DEBUG\TUIOTIME.OBJ
C:\FINAL PROJECT\DRIVERS\TUIOTOVMULTI-CLIENT\TUIO-TO-VMULTI-SERVICE-5\DEBUG\TUIO-TO-VMULTI-SERVICE-5.EXE.EMBED.MANIFEST.RES
C:\FINAL PROJECT\DRIVERS\TUIOTOVMULTI-CLIENT\TUIO-TO-VMULTI-SERVICE-5\DEBUG\TUIO-TO-VMULTI-SERVICE-5.OBJ
C:\FINAL PROJECT\DRIVERS\TUIOTOVMULTI-CLIENT\TUIO-TO-VMULTI-SERVICE-5\DEBUG\TUIO-TO-VMULTI-SERVICE-5.PCH
C:\FINAL PROJECT\DRIVERS\TUIOTOVMULTI-CLIENT\TUIO-TO-VMULTI-SERVICE-5\DEBUG\UDPSOCKET.OBJ
C:\FINAL PROJECT\DRIVERS\TUIOTOVMULTI-CLIENT\TUIO-TO-VMULTI-SERVICE-5\DEBUG\VC100.PDB
C:\Users\ecologylab\Documents\GitHub\WinTUIODriver\Services\Service5\Tuio-to-Vmulti-Service-5\Debug\..\..\..\..\Executables\Tuio-to-Vmulti-Service-5.exe
C:\Users\ecologylab\Documents\GitHub\WinTUIODriver\Services\Service5\Tuio-to-Vmulti-Service-5\Debug\cl.command.1.tlog
C:\Users\ecologylab\Documents\GitHub\WinTUIODriver\Services\Service5\Tuio-to-Vmulti-Service-5\Debug\CL.read.1.tlog
C:\Users\ecologylab\Documents\GitHub\WinTUIODriver\Services\Service5\Tuio-to-Vmulti-Service-5\Debug\CL.write.1.tlog
C:\Users\ecologylab\Documents\GitHub\WinTUIODriver\Services\Service5\Tuio-to-Vmulti-Service-5\Debug\link.1532.read.1.tlog
C:\Users\ecologylab\Documents\GitHub\WinTUIODriver\Services\Service5\Tuio-to-Vmulti-Service-5\Debug\link.1532.write.1.tlog
C:\Users\ecologylab\Documents\GitHub\WinTUIODriver\Services\Service5\Tuio-to-Vmulti-Service-5\Debug\link.1532-cvtres.read.1.tlog
C:\Users\ecologylab\Documents\GitHub\WinTUIODriver\Services\Service5\Tuio-to-Vmulti-Service-5\Debug\link.1532-cvtres.write.1.tlog
C:\Users\ecologylab\Documents\GitHub\WinTUIODriver\Services\Service5\Tuio-to-Vmulti-Service-5\Debug\link.1588.read.1.tlog
C:\Users\ecologylab\Documents\GitHub\WinTUIODriver\Services\Service5\Tuio-to-Vmulti-Service-5\Debug\link.1588.write.1.tlog
C:\Users\ecologylab\Documents\GitHub\WinTUIODriver\Services\Service5\Tuio-to-Vmulti-Service-5\Debug\link.1588-cvtres.read.1.tlog
C:\Users\ecologylab\Documents\GitHub\WinTUIODriver\Services\Service5\Tuio-to-Vmulti-Service-5\Debug\link.1588-cvtres.write.1.tlog
C:\Users\ecologylab\Documents\GitHub\WinTUIODriver\Services\Service5\Tuio-to-Vmulti-Service-5\Debug\link.2912.read.1.tlog
C:\Users\ecologylab\Documents\GitHub\WinTUIODriver\Services\Service5\Tuio-to-Vmulti-Service-5\Debug\link.2912.write.1.tlog
C:\Users\ecologylab\Documents\GitHub\WinTUIODriver\Services\Service5\Tuio-to-Vmulti-Service-5\Debug\link.2912-cvtres.read.1.tlog
C:\Users\ecologylab\Documents\GitHub\WinTUIODriver\Services\Service5\Tuio-to-Vmulti-Service-5\Debug\link.2912-cvtres.write.1.tlog
C:\Users\ecologylab\Documents\GitHub\WinTUIODriver\Services\Service5\Tuio-to-Vmulti-Service-5\Debug\link.3492.read.1.tlog
C:\Users\ecologylab\Documents\GitHub\WinTUIODriver\Services\Service5\Tuio-to-Vmulti-Service-5\Debug\link.3492.write.1.tlog
C:\Users\ecologylab\Documents\GitHub\WinTUIODriver\Services\Service5\Tuio-to-Vmulti-Service-5\Debug\link.3492-cvtres.read.1.tlog
C:\Users\ecologylab\Documents\GitHub\WinTUIODriver\Services\Service5\Tuio-to-Vmulti-Service-5\Debug\link.3492-cvtres.write.1.tlog
C:\Users\ecologylab\Documents\GitHub\WinTUIODriver\Services\Service5\Tuio-to-Vmulti-Service-5\Debug\link.5356.read.1.tlog
C:\Users\ecologylab\Documents\GitHub\WinTUIODriver\Services\Service5\Tuio-to-Vmulti-Service-5\Debug\link.5356.write.1.tlog
C:\Users\ecologylab\Documents\GitHub\WinTUIODriver\Services\Service5\Tuio-to-Vmulti-Service-5\Debug\link.5356-cvtres.read.1.tlog
C:\Users\ecologylab\Documents\GitHub\WinTUIODriver\Services\Service5\Tuio-to-Vmulti-Service-5\Debug\link.5356-cvtres.write.1.tlog
C:\Users\ecologylab\Documents\GitHub\WinTUIODriver\Services\Service5\Tuio-to-Vmulti-Service-5\Debug\link.7128.read.1.tlog
C:\Users\ecologylab\Documents\GitHub\WinTUIODriver\Services\Service5\Tuio-to-Vmulti-Service-5\Debug\link.7128.write.1.tlog
C:\Users\ecologylab\Documents\GitHub\WinTUIODriver\Services\Service5\Tuio-to-Vmulti-Service-5\Debug\link.7128-cvtres.read.1.tlog
C:\Users\ecologylab\Documents\GitHub\WinTUIODriver\Services\Service5\Tuio-to-Vmulti-Service-5\Debug\link.7128-cvtres.write.1.tlog
C:\Users\ecologylab\Documents\GitHub\WinTUIODriver\Services\Service5\Tuio-to-Vmulti-Service-5\Debug\link.7284.read.1.tlog
C:\Users\ecologylab\Documents\GitHub\WinTUIODriver\Services\Service5\Tuio-to-Vmulti-Service-5\Debug\link.7284.write.1.tlog
C:\Users\ecologylab\Documents\GitHub\WinTUIODriver\Services\Service5\Tuio-to-Vmulti-Service-5\Debug\link.7284-cvtres.read.1.tlog
C:\Users\ecologylab\Documents\GitHub\WinTUIODriver\Services\Service5\Tuio-to-Vmulti-Service-5\Debug\link.7284-cvtres.write.1.tlog
C:\Users\ecologylab\Documents\GitHub\WinTUIODriver\Services\Service5\Tuio-to-Vmulti-Service-5\Debug\link.7444.read.1.tlog
C:\Users\ecologylab\Documents\GitHub\WinTUIODriver\Services\Service5\Tuio-to-Vmulti-Service-5\Debug\link.7444.write.1.tlog
C:\Users\ecologylab\Documents\GitHub\WinTUIODriver\Services\Service5\Tuio-to-Vmulti-Service-5\Debug\link.7444-cvtres.read.1.tlog
C:\Users\ecologylab\Documents\GitHub\WinTUIODriver\Services\Service5\Tuio-to-Vmulti-Service-5\Debug\link.7444-cvtres.write.1.tlog
C:\Users\ecologylab\Documents\GitHub\WinTUIODriver\Services\Service5\Tuio-to-Vmulti-Service-5\Debug\link.command.1.tlog
C:\Users\ecologylab\Documents\GitHub\WinTUIODriver\Services\Service5\Tuio-to-Vmulti-Service-5\Debug\link.read.1.tlog
C:\Users\ecologylab\Documents\GitHub\WinTUIODriver\Services\Service5\Tuio-to-Vmulti-Service-5\Debug\link.write.1.tlog
C:\Users\ecologylab\Documents\GitHub\WinTUIODriver\Services\Service5\Tuio-to-Vmulti-Service-5\Debug\link-cvtres.read.1.tlog
C:\Users\ecologylab\Documents\GitHub\WinTUIODriver\Services\Service5\Tuio-to-Vmulti-Service-5\Debug\link-cvtres.write.1.tlog
C:\Users\ecologylab\Documents\GitHub\WinTUIODriver\Services\Service5\Tuio-to-Vmulti-Service-5\Debug\mt.command.1.tlog
C:\Users\ecologylab\Documents\GitHub\WinTUIODriver\Services\Service5\Tuio-to-Vmulti-Service-5\Debug\mt.read.1.tlog
C:\Users\ecologylab\Documents\GitHub\WinTUIODriver\Services\Service5\Tuio-to-Vmulti-Service-5\Debug\mt.write.1.tlog
C:\Users\ecologylab\Documents\GitHub\WinTUIODriver\Services\Service5\Tuio-to-Vmulti-Service-5\Debug\NetworkingUtils.obj
C:\Users\ecologylab\Documents\GitHub\WinTUIODriver\Services\Service5\Tuio-to-Vmulti-Service-5\Debug\OscPrintReceivedElements.obj
C:\Users\ecologylab\Documents\GitHub\WinTUIODriver\Services\Service5\Tuio-to-Vmulti-Service-5\Debug\OscReceivedElements.obj
C:\Users\ecologylab\Documents\GitHub\WinTUIODriver\Services\Service5\Tuio-to-Vmulti-Service-5\Debug\OscTypes.obj
C:\Users\ecologylab\Documents\GitHub\WinTUIODriver\Services\Service5\Tuio-to-Vmulti-Service-5\Debug\rc.command.1.tlog
C:\Users\ecologylab\Documents\GitHub\WinTUIODriver\Services\Service5\Tuio-to-Vmulti-Service-5\Debug\rc.read.1.tlog
C:\Users\ecologylab\Documents\GitHub\WinTUIODriver\Services\Service5\Tuio-to-Vmulti-Service-5\Debug\rc.write.1.tlog
C:\Users\ecologylab\Documents\GitHub\WinTUIODriver\Services\Service5\Tuio-to-Vmulti-Service-5\Debug\ResolveAssemblyReference.cache
C:\Users\ecologylab\Documents\GitHub\WinTUIODriver\Services\Service5\Tuio-to-Vmulti-Service-5\Debug\ServiceBase.obj
C:\Users\ecologylab\Documents\GitHub\WinTUIODriver\Services\Service5\Tuio-to-Vmulti-Service-5\Debug\ServiceInstaller.obj
C:\Users\ecologylab\Documents\GitHub\WinTUIODriver\Services\Service5\Tuio-to-Vmulti-Service-5\Debug\stdafx.obj
C:\Users\ecologylab\Documents\GitHub\WinTUIODriver\Services\Service5\Tuio-to-Vmulti-Service-5\Debug\TuioClient.obj
C:\Users\ecologylab\Documents\GitHub\WinTUIODriver\Services\Service5\Tuio-to-Vmulti-Service-5\Debug\TUIOService5.obj
C:\Users\ecologylab\Documents\GitHub\WinTUIODriver\Services\Service5\Tuio-to-Vmulti-Service-5\Debug\TuioTime.obj
C:\Users\ecologylab\Documents\GitHub\WinTUIODriver\Services\Service5\Tuio-to-Vmulti-Service-5\Debug\Tuio-to-Vmulti-Service-5.exe.embed.manifest
C:\Users\ecologylab\Documents\GitHub\WinTUIODriver\Services\Service5\Tuio-to-Vmulti-Service-5\Debug\Tuio-to-Vmulti-Service-5.exe.embed.manifest.res
C:\Users\ecologylab\Documents\GitHub\WinTUIODriver\Services\Service5\Tuio-to-Vmulti-Service-5\Debug\Tuio-to-Vmulti-Service-5.exe.intermediate.manifest
C:\Users\ecologylab\Documents\GitHub\WinTUIODriver\Services\Service5\Tuio-to-Vmulti-Service-5\Debug\Tuio-to-Vmulti-Service-5.obj
C:\Users\ecologylab\Documents\GitHub\WinTUIODriver\Services\Service5\Tuio-to-Vmulti-Service-5\Debug\Tuio-to-Vmulti-Service-5.pch
C:\Users\ecologylab\Documents\GitHub\WinTUIODriver\Services\Service5\Tuio-to-Vmulti-Service-5\Debug\Tuio-to-Vmulti-Service-5.write.1.tlog
C:\Users\ecologylab\Documents\GitHub\WinTUIODriver\Services\Service5\Tuio-to-Vmulti-Service-5\Debug\Tuio-to-Vmulti-Service-5_manifest.rc
C:\Users\ecologylab\Documents\GitHub\WinTUIODriver\Services\Service5\Tuio-to-Vmulti-Service-5\Debug\UdpSocket.obj
C:\Users\ecologylab\Documents\GitHub\WinTUIODriver\Services\Service5\Tuio-to-Vmulti-Service-5\Debug\vc100.idb
C:\Users\ecologylab\Documents\GitHub\WinTUIODriver\Services\Service5\Tuio-to-Vmulti-Service-5\Debug\vc100.pdb
Debug\..\..\..\..\Executables\Tuio-to-Vmulti-Service-5.pdb
E:\ECOLOGY-LAB\ECOLOGYLAB-WINTUIODRIVER-375775C\EXECUTABLES\TUIO-TO-VMULTI-SERVICE-5.EXE
E:\ECOLOGY-LAB\ECOLOGYLAB-WINTUIODRIVER-375775C\EXECUTABLES\TUIO-TO-VMULTI-SERVICE-5.ILK
E:\ECOLOGY-LAB\ECOLOGYLAB-WINTUIODRIVER-375775C\EXECUTABLES\TUIO-TO-VMULTI-SERVICE-5.PDB
E:\ECOLOGY-LAB\ECOLOGYLAB-WINTUIODRIVER-375775C\TUIOTOVMULTI-CLIENT\TUIO-TO-VMULTI-SERVICE-5\DEBUG\NETWORKINGUTILS.OBJ
E:\ECOLOGY-LAB\ECOLOGYLAB-WINTUIODRIVER-375775C\TUIOTOVMULTI-CLIENT\TUIO-TO-VMULTI-SERVICE-5\DEBUG\OSCPRINTRECEIVEDELEMENTS.OBJ
E:\ECOLOGY-LAB\ECOLOGYLAB-WINTUIODRIVER-375775C\TUIOTOVMULTI-CLIENT\TUIO-TO-VMULTI-SERVICE-5\DEBUG\OSCRECEIVEDELEMENTS.OBJ
E:\ECOLOGY-LAB\ECOLOGYLAB-WINTUIODRIVER-375775C\TUIOTOVMULTI-CLIENT\TUIO-TO-VMULTI-SERVICE-5\DEBUG\OSCTYPES.OBJ
E:\ECOLOGY-LAB\ECOLOGYLAB-WINTUIODRIVER-375775C\TUIOTOVMULTI-CLIENT\TUIO-TO-VMULTI-SERVICE-5\DEBUG\SERVICEBASE.OBJ
E:\ECOLOGY-LAB\ECOLOGYLAB-WINTUIODRIVER-375775C\TUIOTOVMULTI-CLIENT\TUIO-TO-VMULTI-SERVICE-5\DEBUG\SERVICEINSTALLER.OBJ
E:\ECOLOGY-LAB\ECOLOGYLAB-WINTUIODRIVER-375775C\TUIOTOVMULTI-CLIENT\TUIO-TO-VMULTI-SERVICE-5\DEBUG\STDAFX.OBJ
E:\ECOLOGY-LAB\ECOLOGYLAB-WINTUIODRIVER-375775C\TUIOTOVMULTI-CLIENT\TUIO-TO-VMULTI-SERVICE-5\DEBUG\TUIOCLIENT.OBJ
E:\ECOLOGY-LAB\ECOLOGYLAB-WINTUIODRIVER-375775C\TUIOTOVMULTI-CLIENT\TUIO-TO-VMULTI-SERVICE-5\DEBUG\TUIOSERVICE5.OBJ
E:\ECOLOGY-LAB\ECOLOGYLAB-WINTUIODRIVER-375775C\TUIOTOVMULTI-CLIENT\TUIO-TO-VMULTI-SERVICE-5\DEBUG\TUIOTIME.OBJ
E:\ECOLOGY-LAB\ECOLOGYLAB-WINTUIODRIVER-375775C\TUIOTOVMULTI-CLIENT\TUIO-TO-VMULTI-SERVICE-5\DEBUG\TUIO-TO-VMULTI-SERVICE-5.EXE.EMBED.MANIFEST
E:\ECOLOGY-LAB\ECOLOGYLAB-WINTUIODRIVER-375775C\TUIOTOVMULTI-CLIENT\TUIO-TO-VMULTI-SERVICE-5\DEBUG\TUIO-TO-VMULTI-SERVICE-5.EXE.EMBED.MANIFEST.RES
E:\ECOLOGY-LAB\ECOLOGYLAB-WINTUIODRIVER-375775C\TUIOTOVMULTI-CLIENT\TUIO-TO-VMULTI-SERVICE-5\DEBUG\TUIO-TO-VMULTI-SERVICE-5.EXE.INTERMEDIATE.MANIFEST
E:\ECOLOGY-LAB\ECOLOGYLAB-WINTUIODRIVER-375775C\TUIOTOVMULTI-CLIENT\TUIO-TO-VMULTI-SERVICE-5\DEBUG\TUIO-TO-VMULTI-SERVICE-5.OBJ
E:\ECOLOGY-LAB\ECOLOGYLAB-WINTUIODRIVER-375775C\TUIOTOVMULTI-CLIENT\TUIO-TO-VMULTI-SERVICE-5\DEBUG\TUIO-TO-VMULTI-SERVICE-5.PCH
E:\ECOLOGY-LAB\ECOLOGYLAB-WINTUIODRIVER-375775C\TUIOTOVMULTI-CLIENT\TUIO-TO-VMULTI-SERVICE-5\DEBUG\UDPSOCKET.OBJ
E:\ECOLOGY-LAB\ECOLOGYLAB-WINTUIODRIVER-375775C\TUIOTOVMULTI-CLIENT\TUIO-TO-VMULTI-SERVICE-5\DEBUG\VC100.PDB
