C:\ecology-lab\ecologylab-WinTUIODriver-375775c\TuioToVmulti-Client\Tuio-to-Vmulti-Service-4\Debug\cl.command.1.tlog
C:\ecology-lab\ecologylab-WinTUIODriver-375775c\TuioToVmulti-Client\Tuio-to-Vmulti-Service-4\Debug\CL.read.1.tlog
C:\ecology-lab\ecologylab-WinTUIODriver-375775c\TuioToVmulti-Client\Tuio-to-Vmulti-Service-4\Debug\CL.write.1.tlog
C:\ecology-lab\ecologylab-WinTUIODriver-375775c\TuioToVmulti-Client\Tuio-to-Vmulti-Service-4\Debug\link.8580.read.1.tlog
C:\ecology-lab\ecologylab-WinTUIODriver-375775c\TuioToVmulti-Client\Tuio-to-Vmulti-Service-4\Debug\link.8580.write.1.tlog
C:\ecology-lab\ecologylab-WinTUIODriver-375775c\TuioToVmulti-Client\Tuio-to-Vmulti-Service-4\Debug\link.8580-cvtres.read.1.tlog
C:\ecology-lab\ecologylab-WinTUIODriver-375775c\TuioToVmulti-Client\Tuio-to-Vmulti-Service-4\Debug\link.8580-cvtres.write.1.tlog
C:\ecology-lab\ecologylab-WinTUIODriver-375775c\TuioToVmulti-Client\Tuio-to-Vmulti-Service-4\Debug\link.924.read.1.tlog
C:\ecology-lab\ecologylab-WinTUIODriver-375775c\TuioToVmulti-Client\Tuio-to-Vmulti-Service-4\Debug\link.924.write.1.tlog
C:\ecology-lab\ecologylab-WinTUIODriver-375775c\TuioToVmulti-Client\Tuio-to-Vmulti-Service-4\Debug\link.924-cvtres.read.1.tlog
C:\ecology-lab\ecologylab-WinTUIODriver-375775c\TuioToVmulti-Client\Tuio-to-Vmulti-Service-4\Debug\link.924-cvtres.write.1.tlog
C:\ecology-lab\ecologylab-WinTUIODriver-375775c\TuioToVmulti-Client\Tuio-to-Vmulti-Service-4\Debug\link.command.1.tlog
C:\ecology-lab\ecologylab-WinTUIODriver-375775c\TuioToVmulti-Client\Tuio-to-Vmulti-Service-4\Debug\link.read.1.tlog
C:\ecology-lab\ecologylab-WinTUIODriver-375775c\TuioToVmulti-Client\Tuio-to-Vmulti-Service-4\Debug\link.write.1.tlog
C:\ecology-lab\ecologylab-WinTUIODriver-375775c\TuioToVmulti-Client\Tuio-to-Vmulti-Service-4\Debug\link-cvtres.read.1.tlog
C:\ecology-lab\ecologylab-WinTUIODriver-375775c\TuioToVmulti-Client\Tuio-to-Vmulti-Service-4\Debug\link-cvtres.write.1.tlog
C:\ecology-lab\ecologylab-WinTUIODriver-375775c\TuioToVmulti-Client\Tuio-to-Vmulti-Service-4\Debug\mt.command.1.tlog
C:\ecology-lab\ecologylab-WinTUIODriver-375775c\TuioToVmulti-Client\Tuio-to-Vmulti-Service-4\Debug\mt.read.1.tlog
C:\ecology-lab\ecologylab-WinTUIODriver-375775c\TuioToVmulti-Client\Tuio-to-Vmulti-Service-4\Debug\mt.write.1.tlog
C:\ECOLOGY-LAB\ECOLOGYLAB-WINTUIODRIVER-375775C\TUIOTOVMULTI-CLIENT\TUIO-TO-VMULTI-SERVICE-4\DEBUG\NETWORKINGUTILS.OBJ
C:\ECOLOGY-LAB\ECOLOGYLAB-WINTUIODRIVER-375775C\TUIOTOVMULTI-CLIENT\TUIO-TO-VMULTI-SERVICE-4\DEBUG\OSCPRINTRECEIVEDELEMENTS.OBJ
C:\ECOLOGY-LAB\ECOLOGYLAB-WINTUIODRIVER-375775C\TUIOTOVMULTI-CLIENT\TUIO-TO-VMULTI-SERVICE-4\DEBUG\OSCRECEIVEDELEMENTS.OBJ
C:\ECOLOGY-LAB\ECOLOGYLAB-WINTUIODRIVER-375775C\TUIOTOVMULTI-CLIENT\TUIO-TO-VMULTI-SERVICE-4\DEBUG\OSCTYPES.OBJ
C:\ecology-lab\ecologylab-WinTUIODriver-375775c\TuioToVmulti-Client\Tuio-to-Vmulti-Service-4\Debug\rc.command.1.tlog
C:\ecology-lab\ecologylab-WinTUIODriver-375775c\TuioToVmulti-Client\Tuio-to-Vmulti-Service-4\Debug\rc.read.1.tlog
C:\ecology-lab\ecologylab-WinTUIODriver-375775c\TuioToVmulti-Client\Tuio-to-Vmulti-Service-4\Debug\rc.write.1.tlog
C:\ECOLOGY-LAB\ECOLOGYLAB-WINTUIODRIVER-375775C\TUIOTOVMULTI-CLIENT\TUIO-TO-VMULTI-SERVICE-4\DEBUG\SERVICEBASE.OBJ
C:\ECOLOGY-LAB\ECOLOGYLAB-WINTUIODRIVER-375775C\TUIOTOVMULTI-CLIENT\TUIO-TO-VMULTI-SERVICE-4\DEBUG\SERVICEINSTALLER.OBJ
C:\ECOLOGY-LAB\ECOLOGYLAB-WINTUIODRIVER-375775C\TUIOTOVMULTI-CLIENT\TUIO-TO-VMULTI-SERVICE-4\DEBUG\STDAFX.OBJ
C:\ECOLOGY-LAB\ECOLOGYLAB-WINTUIODRIVER-375775C\TUIOTOVMULTI-CLIENT\TUIO-TO-VMULTI-SERVICE-4\DEBUG\TUIOCLIENT.OBJ
C:\ECOLOGY-LAB\ECOLOGYLAB-WINTUIODRIVER-375775C\TUIOTOVMULTI-CLIENT\TUIO-TO-VMULTI-SERVICE-4\DEBUG\TUIOSERVICE4.OBJ
C:\ECOLOGY-LAB\ECOLOGYLAB-WINTUIODRIVER-375775C\TUIOTOVMULTI-CLIENT\TUIO-TO-VMULTI-SERVICE-4\DEBUG\TUIOTIME.OBJ
C:\ecology-lab\ecologylab-WinTUIODriver-375775c\TuioToVmulti-Client\Tuio-to-Vmulti-Service-4\Debug\Tuio-to-Vmulti-Service-4.exe.embed.manifest
C:\ECOLOGY-LAB\ECOLOGYLAB-WINTUIODRIVER-375775C\TUIOTOVMULTI-CLIENT\TUIO-TO-VMULTI-SERVICE-4\DEBUG\TUIO-TO-VMULTI-SERVICE-4.EXE.EMBED.MANIFEST.RES
C:\ecology-lab\ecologylab-WinTUIODriver-375775c\TuioToVmulti-Client\Tuio-to-Vmulti-Service-4\Debug\Tuio-to-Vmulti-Service-4.exe.intermediate.manifest
C:\ECOLOGY-LAB\ECOLOGYLAB-WINTUIODRIVER-375775C\TUIOTOVMULTI-CLIENT\TUIO-TO-VMULTI-SERVICE-4\DEBUG\TUIO-TO-VMULTI-SERVICE-4.OBJ
C:\ECOLOGY-LAB\ECOLOGYLAB-WINTUIODRIVER-375775C\TUIOTOVMULTI-CLIENT\TUIO-TO-VMULTI-SERVICE-4\DEBUG\TUIO-TO-VMULTI-SERVICE-4.PCH
C:\ecology-lab\ecologylab-WinTUIODriver-375775c\TuioToVmulti-Client\Tuio-to-Vmulti-Service-4\Debug\Tuio-to-Vmulti-Service-4.vcxprojResolveAssemblyReference.cache
C:\ecology-lab\ecologylab-WinTUIODriver-375775c\TuioToVmulti-Client\Tuio-to-Vmulti-Service-4\Debug\Tuio-to-Vmulti-Service-4.write.1.tlog
C:\ecology-lab\ecologylab-WinTUIODriver-375775c\TuioToVmulti-Client\Tuio-to-Vmulti-Service-4\Debug\Tuio-to-Vmulti-Service-4_manifest.rc
C:\ECOLOGY-LAB\ECOLOGYLAB-WINTUIODRIVER-375775C\TUIOTOVMULTI-CLIENT\TUIO-TO-VMULTI-SERVICE-4\DEBUG\UDPSOCKET.OBJ
C:\ecology-lab\ecologylab-WinTUIODriver-375775c\TuioToVmulti-Client\Tuio-to-Vmulti-Service-4\Debug\vc100.idb
C:\ECOLOGY-LAB\ECOLOGYLAB-WINTUIODRIVER-375775C\TUIOTOVMULTI-CLIENT\TUIO-TO-VMULTI-SERVICE-4\DEBUG\VC100.PDB
Debug\..\..\..\Executables\Tuio-to-Vmulti-Service-4.pdb
E:\ECOLOGY-LAB\ECOLOGYLAB-WINTUIODRIVER-375775C\EXECUTABLES\TUIO-TO-VMULTI-SERVICE-4.EXE
E:\ECOLOGY-LAB\ECOLOGYLAB-WINTUIODRIVER-375775C\EXECUTABLES\TUIO-TO-VMULTI-SERVICE-4.ILK
E:\ECOLOGY-LAB\ECOLOGYLAB-WINTUIODRIVER-375775C\EXECUTABLES\TUIO-TO-VMULTI-SERVICE-4.PDB
E:\ECOLOGY-LAB\ECOLOGYLAB-WINTUIODRIVER-375775C\TUIOTOVMULTI-CLIENT\TUIO-TO-VMULTI-SERVICE-4\DEBUG\NETWORKINGUTILS.OBJ
E:\ECOLOGY-LAB\ECOLOGYLAB-WINTUIODRIVER-375775C\TUIOTOVMULTI-CLIENT\TUIO-TO-VMULTI-SERVICE-4\DEBUG\OSCPRINTRECEIVEDELEMENTS.OBJ
E:\ECOLOGY-LAB\ECOLOGYLAB-WINTUIODRIVER-375775C\TUIOTOVMULTI-CLIENT\TUIO-TO-VMULTI-SERVICE-4\DEBUG\OSCRECEIVEDELEMENTS.OBJ
E:\ECOLOGY-LAB\ECOLOGYLAB-WINTUIODRIVER-375775C\TUIOTOVMULTI-CLIENT\TUIO-TO-VMULTI-SERVICE-4\DEBUG\OSCTYPES.OBJ
E:\ECOLOGY-LAB\ECOLOGYLAB-WINTUIODRIVER-375775C\TUIOTOVMULTI-CLIENT\TUIO-TO-VMULTI-SERVICE-4\DEBUG\SERVICEBASE.OBJ
E:\ECOLOGY-LAB\ECOLOGYLAB-WINTUIODRIVER-375775C\TUIOTOVMULTI-CLIENT\TUIO-TO-VMULTI-SERVICE-4\DEBUG\SERVICEINSTALLER.OBJ
E:\ECOLOGY-LAB\ECOLOGYLAB-WINTUIODRIVER-375775C\TUIOTOVMULTI-CLIENT\TUIO-TO-VMULTI-SERVICE-4\DEBUG\STDAFX.OBJ
E:\ECOLOGY-LAB\ECOLOGYLAB-WINTUIODRIVER-375775C\TUIOTOVMULTI-CLIENT\TUIO-TO-VMULTI-SERVICE-4\DEBUG\TUIOCLIENT.OBJ
E:\ECOLOGY-LAB\ECOLOGYLAB-WINTUIODRIVER-375775C\TUIOTOVMULTI-CLIENT\TUIO-TO-VMULTI-SERVICE-4\DEBUG\TUIOSERVICE4.OBJ
E:\ECOLOGY-LAB\ECOLOGYLAB-WINTUIODRIVER-375775C\TUIOTOVMULTI-CLIENT\TUIO-TO-VMULTI-SERVICE-4\DEBUG\TUIOTIME.OBJ
E:\ECOLOGY-LAB\ECOLOGYLAB-WINTUIODRIVER-375775C\TUIOTOVMULTI-CLIENT\TUIO-TO-VMULTI-SERVICE-4\DEBUG\TUIO-TO-VMULTI-SERVICE-4.EXE.EMBED.MANIFEST
E:\ECOLOGY-LAB\ECOLOGYLAB-WINTUIODRIVER-375775C\TUIOTOVMULTI-CLIENT\TUIO-TO-VMULTI-SERVICE-4\DEBUG\TUIO-TO-VMULTI-SERVICE-4.EXE.EMBED.MANIFEST.RES
E:\ECOLOGY-LAB\ECOLOGYLAB-WINTUIODRIVER-375775C\TUIOTOVMULTI-CLIENT\TUIO-TO-VMULTI-SERVICE-4\DEBUG\TUIO-TO-VMULTI-SERVICE-4.EXE.INTERMEDIATE.MANIFEST
E:\ECOLOGY-LAB\ECOLOGYLAB-WINTUIODRIVER-375775C\TUIOTOVMULTI-CLIENT\TUIO-TO-VMULTI-SERVICE-4\DEBUG\TUIO-TO-VMULTI-SERVICE-4.OBJ
E:\ECOLOGY-LAB\ECOLOGYLAB-WINTUIODRIVER-375775C\TUIOTOVMULTI-CLIENT\TUIO-TO-VMULTI-SERVICE-4\DEBUG\TUIO-TO-VMULTI-SERVICE-4.PCH
E:\ECOLOGY-LAB\ECOLOGYLAB-WINTUIODRIVER-375775C\TUIOTOVMULTI-CLIENT\TUIO-TO-VMULTI-SERVICE-4\DEBUG\UDPSOCKET.OBJ
E:\ECOLOGY-LAB\ECOLOGYLAB-WINTUIODRIVER-375775C\TUIOTOVMULTI-CLIENT\TUIO-TO-VMULTI-SERVICE-4\DEBUG\VC100.PDB
