C:\ecology-lab\ecologylab-WinTUIODriver-375775c\TuioToVmulti-Client\Tuio-to-Vmulti-Service-1\Debug\cl.command.1.tlog
C:\ecology-lab\ecologylab-WinTUIODriver-375775c\TuioToVmulti-Client\Tuio-to-Vmulti-Service-1\Debug\CL.read.1.tlog
C:\ecology-lab\ecologylab-WinTUIODriver-375775c\TuioToVmulti-Client\Tuio-to-Vmulti-Service-1\Debug\CL.write.1.tlog
C:\ecology-lab\ecologylab-WinTUIODriver-375775c\TuioToVmulti-Client\Tuio-to-Vmulti-Service-1\Debug\link.1332.read.1.tlog
C:\ecology-lab\ecologylab-WinTUIODriver-375775c\TuioToVmulti-Client\Tuio-to-Vmulti-Service-1\Debug\link.1332.write.1.tlog
C:\ecology-lab\ecologylab-WinTUIODriver-375775c\TuioToVmulti-Client\Tuio-to-Vmulti-Service-1\Debug\link.1332-cvtres.read.1.tlog
C:\ecology-lab\ecologylab-WinTUIODriver-375775c\TuioToVmulti-Client\Tuio-to-Vmulti-Service-1\Debug\link.1332-cvtres.write.1.tlog
C:\ecology-lab\ecologylab-WinTUIODriver-375775c\TuioToVmulti-Client\Tuio-to-Vmulti-Service-1\Debug\link.8896.read.1.tlog
C:\ecology-lab\ecologylab-WinTUIODriver-375775c\TuioToVmulti-Client\Tuio-to-Vmulti-Service-1\Debug\link.8896.write.1.tlog
C:\ecology-lab\ecologylab-WinTUIODriver-375775c\TuioToVmulti-Client\Tuio-to-Vmulti-Service-1\Debug\link.command.1.tlog
C:\ecology-lab\ecologylab-WinTUIODriver-375775c\TuioToVmulti-Client\Tuio-to-Vmulti-Service-1\Debug\link.read.1.tlog
C:\ecology-lab\ecologylab-WinTUIODriver-375775c\TuioToVmulti-Client\Tuio-to-Vmulti-Service-1\Debug\link.write.1.tlog
C:\ecology-lab\ecologylab-WinTUIODriver-375775c\TuioToVmulti-Client\Tuio-to-Vmulti-Service-1\Debug\link-cvtres.read.1.tlog
C:\ecology-lab\ecologylab-WinTUIODriver-375775c\TuioToVmulti-Client\Tuio-to-Vmulti-Service-1\Debug\link-cvtres.write.1.tlog
C:\ecology-lab\ecologylab-WinTUIODriver-375775c\TuioToVmulti-Client\Tuio-to-Vmulti-Service-1\Debug\mt.command.1.tlog
C:\ecology-lab\ecologylab-WinTUIODriver-375775c\TuioToVmulti-Client\Tuio-to-Vmulti-Service-1\Debug\mt.read.1.tlog
C:\ecology-lab\ecologylab-WinTUIODriver-375775c\TuioToVmulti-Client\Tuio-to-Vmulti-Service-1\Debug\mt.write.1.tlog
C:\ECOLOGY-LAB\ECOLOGYLAB-WINTUIODRIVER-375775C\TUIOTOVMULTI-CLIENT\TUIO-TO-VMULTI-SERVICE-1\DEBUG\NETWORKINGUTILS.OBJ
C:\ECOLOGY-LAB\ECOLOGYLAB-WINTUIODRIVER-375775C\TUIOTOVMULTI-CLIENT\TUIO-TO-VMULTI-SERVICE-1\DEBUG\OSCPRINTRECEIVEDELEMENTS.OBJ
C:\ECOLOGY-LAB\ECOLOGYLAB-WINTUIODRIVER-375775C\TUIOTOVMULTI-CLIENT\TUIO-TO-VMULTI-SERVICE-1\DEBUG\OSCRECEIVEDELEMENTS.OBJ
C:\ECOLOGY-LAB\ECOLOGYLAB-WINTUIODRIVER-375775C\TUIOTOVMULTI-CLIENT\TUIO-TO-VMULTI-SERVICE-1\DEBUG\OSCTYPES.OBJ
C:\ecology-lab\ecologylab-WinTUIODriver-375775c\TuioToVmulti-Client\Tuio-to-Vmulti-Service-1\Debug\rc.command.1.tlog
C:\ecology-lab\ecologylab-WinTUIODriver-375775c\TuioToVmulti-Client\Tuio-to-Vmulti-Service-1\Debug\rc.read.1.tlog
C:\ecology-lab\ecologylab-WinTUIODriver-375775c\TuioToVmulti-Client\Tuio-to-Vmulti-Service-1\Debug\rc.write.1.tlog
C:\ECOLOGY-LAB\ECOLOGYLAB-WINTUIODRIVER-375775C\TUIOTOVMULTI-CLIENT\TUIO-TO-VMULTI-SERVICE-1\DEBUG\SERVICEBASE.OBJ
C:\ECOLOGY-LAB\ECOLOGYLAB-WINTUIODRIVER-375775C\TUIOTOVMULTI-CLIENT\TUIO-TO-VMULTI-SERVICE-1\DEBUG\SERVICEINSTALLER.OBJ
C:\ECOLOGY-LAB\ECOLOGYLAB-WINTUIODRIVER-375775C\TUIOTOVMULTI-CLIENT\TUIO-TO-VMULTI-SERVICE-1\DEBUG\TUIOCLIENT.OBJ
C:\ECOLOGY-LAB\ECOLOGYLAB-WINTUIODRIVER-375775C\TUIOTOVMULTI-CLIENT\TUIO-TO-VMULTI-SERVICE-1\DEBUG\TUIOSERVICE1.OBJ
C:\ECOLOGY-LAB\ECOLOGYLAB-WINTUIODRIVER-375775C\TUIOTOVMULTI-CLIENT\TUIO-TO-VMULTI-SERVICE-1\DEBUG\TUIOTIME.OBJ
C:\ecology-lab\ecologylab-WinTUIODriver-375775c\TuioToVmulti-Client\Tuio-to-Vmulti-Service-1\Debug\Tuio-to-Vmulti-Service-1.exe.embed.manifest
C:\ECOLOGY-LAB\ECOLOGYLAB-WINTUIODRIVER-375775C\TUIOTOVMULTI-CLIENT\TUIO-TO-VMULTI-SERVICE-1\DEBUG\TUIO-TO-VMULTI-SERVICE-1.EXE.EMBED.MANIFEST.RES
C:\ecology-lab\ecologylab-WinTUIODriver-375775c\TuioToVmulti-Client\Tuio-to-Vmulti-Service-1\Debug\Tuio-to-Vmulti-Service-1.exe.intermediate.manifest
C:\ECOLOGY-LAB\ECOLOGYLAB-WINTUIODRIVER-375775C\TUIOTOVMULTI-CLIENT\TUIO-TO-VMULTI-SERVICE-1\DEBUG\TUIO-TO-VMULTI-SERVICE-1.OBJ
C:\ecology-lab\ecologylab-WinTUIODriver-375775c\TuioToVmulti-Client\Tuio-to-Vmulti-Service-1\Debug\Tuio-to-Vmulti-Service-1.vcxprojResolveAssemblyReference.cache
C:\ecology-lab\ecologylab-WinTUIODriver-375775c\TuioToVmulti-Client\Tuio-to-Vmulti-Service-1\Debug\Tuio-to-Vmulti-Service-1.write.1.tlog
C:\ecology-lab\ecologylab-WinTUIODriver-375775c\TuioToVmulti-Client\Tuio-to-Vmulti-Service-1\Debug\Tuio-to-Vmulti-Service-1_manifest.rc
C:\ECOLOGY-LAB\ECOLOGYLAB-WINTUIODRIVER-375775C\TUIOTOVMULTI-CLIENT\TUIO-TO-VMULTI-SERVICE-1\DEBUG\UDPSOCKET.OBJ
C:\ecology-lab\ecologylab-WinTUIODriver-375775c\TuioToVmulti-Client\Tuio-to-Vmulti-Service-1\Debug\vc100.idb
C:\ECOLOGY-LAB\ECOLOGYLAB-WINTUIODRIVER-375775C\TUIOTOVMULTI-CLIENT\TUIO-TO-VMULTI-SERVICE-1\DEBUG\VC100.PDB
Debug\..\..\..\Executables\Tuio-to-Vmulti-Service-1.pdb
E:\ECOLOGY-LAB\ECOLOGYLAB-WINTUIODRIVER-375775C\EXECUTABLES\TUIO-TO-VMULTI-SERVICE-1.EXE
E:\ECOLOGY-LAB\ECOLOGYLAB-WINTUIODRIVER-375775C\EXECUTABLES\TUIO-TO-VMULTI-SERVICE-1.ILK
E:\ECOLOGY-LAB\ECOLOGYLAB-WINTUIODRIVER-375775C\EXECUTABLES\TUIO-TO-VMULTI-SERVICE-1.PDB
E:\ECOLOGY-LAB\ECOLOGYLAB-WINTUIODRIVER-375775C\TUIOTOVMULTI-CLIENT\TUIO-TO-VMULTI-SERVICE-1\DEBUG\NETWORKINGUTILS.OBJ
E:\ECOLOGY-LAB\ECOLOGYLAB-WINTUIODRIVER-375775C\TUIOTOVMULTI-CLIENT\TUIO-TO-VMULTI-SERVICE-1\DEBUG\OSCPRINTRECEIVEDELEMENTS.OBJ
E:\ECOLOGY-LAB\ECOLOGYLAB-WINTUIODRIVER-375775C\TUIOTOVMULTI-CLIENT\TUIO-TO-VMULTI-SERVICE-1\DEBUG\OSCRECEIVEDELEMENTS.OBJ
E:\ECOLOGY-LAB\ECOLOGYLAB-WINTUIODRIVER-375775C\TUIOTOVMULTI-CLIENT\TUIO-TO-VMULTI-SERVICE-1\DEBUG\OSCTYPES.OBJ
E:\ECOLOGY-LAB\ECOLOGYLAB-WINTUIODRIVER-375775C\TUIOTOVMULTI-CLIENT\TUIO-TO-VMULTI-SERVICE-1\DEBUG\SERVICEBASE.OBJ
E:\ECOLOGY-LAB\ECOLOGYLAB-WINTUIODRIVER-375775C\TUIOTOVMULTI-CLIENT\TUIO-TO-VMULTI-SERVICE-1\DEBUG\SERVICEINSTALLER.OBJ
E:\ECOLOGY-LAB\ECOLOGYLAB-WINTUIODRIVER-375775C\TUIOTOVMULTI-CLIENT\TUIO-TO-VMULTI-SERVICE-1\DEBUG\TUIOCLIENT.OBJ
E:\ECOLOGY-LAB\ECOLOGYLAB-WINTUIODRIVER-375775C\TUIOTOVMULTI-CLIENT\TUIO-TO-VMULTI-SERVICE-1\DEBUG\TUIOSERVICE1.OBJ
E:\ECOLOGY-LAB\ECOLOGYLAB-WINTUIODRIVER-375775C\TUIOTOVMULTI-CLIENT\TUIO-TO-VMULTI-SERVICE-1\DEBUG\TUIOTIME.OBJ
E:\ECOLOGY-LAB\ECOLOGYLAB-WINTUIODRIVER-375775C\TUIOTOVMULTI-CLIENT\TUIO-TO-VMULTI-SERVICE-1\DEBUG\TUIO-TO-VMULTI-SERVICE-1.EXE.EMBED.MANIFEST
E:\ECOLOGY-LAB\ECOLOGYLAB-WINTUIODRIVER-375775C\TUIOTOVMULTI-CLIENT\TUIO-TO-VMULTI-SERVICE-1\DEBUG\TUIO-TO-VMULTI-SERVICE-1.EXE.EMBED.MANIFEST.RES
E:\ECOLOGY-LAB\ECOLOGYLAB-WINTUIODRIVER-375775C\TUIOTOVMULTI-CLIENT\TUIO-TO-VMULTI-SERVICE-1\DEBUG\TUIO-TO-VMULTI-SERVICE-1.EXE.INTERMEDIATE.MANIFEST
E:\ECOLOGY-LAB\ECOLOGYLAB-WINTUIODRIVER-375775C\TUIOTOVMULTI-CLIENT\TUIO-TO-VMULTI-SERVICE-1\DEBUG\TUIO-TO-VMULTI-SERVICE-1.OBJ
E:\ECOLOGY-LAB\ECOLOGYLAB-WINTUIODRIVER-375775C\TUIOTOVMULTI-CLIENT\TUIO-TO-VMULTI-SERVICE-1\DEBUG\UDPSOCKET.OBJ
E:\ECOLOGY-LAB\ECOLOGYLAB-WINTUIODRIVER-375775C\TUIOTOVMULTI-CLIENT\TUIO-TO-VMULTI-SERVICE-1\DEBUG\VC100.PDB
