Build started 6/14/2012 2:28:53 AM.
     1>Project "C:\WinTUIODriver\WinTUIODriver\TuioToVmulti-Client\TuioListener\TuioListener.vcxproj" on node 2 (build target(s)).
     1>InitializeBuildStatus:
         Creating "Debug\TuioListener\TuioListener.unsuccessfulbuild" because "AlwaysCreate" was specified.
       ClCompile:
         C:\Program Files (x86)\Microsoft Visual Studio 10.0\VC\bin\CL.exe /c /I.\TUIO /I.\oscpack /I..\inc /ZI /nologo /W2 /WX- /Od /Oy- /D WIN32 /D _DEBUG /D _CONSOLE /D ENDIANESS=OSC_HOST_LITTLE_ENDIAN /D _VC80_UPGRADE=0x0710 /D _MBCS /Gm /EHsc /RTC1 /MTd /GS /fp:precise /Zc:wchar_t /Zc:forScope /Fo"Debug\TuioListener\\" /Fd"Debug\TuioListener\vc100.pdb" /Gd /TP /analyze- /errorReport:prompt TuioListener.cpp
         TuioListener.cpp
     1>c:\wintuiodriver\wintuiodriver\tuiotovmulti-client\tuiolistener\tuiolistener.cpp(72): warning C4129: 'N' : unrecognized character escape sequence
       ManifestResourceCompile:
         All outputs are up-to-date.
       Link:
         C:\Program Files (x86)\Microsoft Visual Studio 10.0\VC\bin\link.exe /ERRORREPORT:PROMPT /OUT:"Debug\TuioListener.exe" /INCREMENTAL /NOLOGO /LIBPATH:C:\WinDDK\7600.16385.1\lib\wxp\i386 hid.lib setupapi.lib ws2_32.lib WINMM.LIB kernel32.lib user32.lib gdi32.lib winspool.lib comdlg32.lib advapi32.lib shell32.lib ole32.lib oleaut32.lib uuid.lib odbc32.lib odbccp32.lib /MANIFEST /ManifestFile:"Debug\TuioListener\TuioListener.exe.intermediate.manifest" /MANIFESTUAC:"level='asInvoker' uiAccess='false'" /DEBUG /PDB:"Debug\TUIO_CPP.pdb" /SUBSYSTEM:CONSOLE /TLBID:1 /DYNAMICBASE /NXCOMPAT /IMPLIB:"Debug\TuioListener.lib" /MACHINE:X86 Debug\TuioListener\TuioListener.exe.embed.manifest.res
         Debug\TuioListener\TuioListener.obj
         Debug\TuioListener\TuioClient.obj
         Debug\TuioListener\TuioTime.obj
         Debug\TuioListener\NetworkingUtils.obj
         Debug\TuioListener\OscPrintReceivedElements.obj
         Debug\TuioListener\OscReceivedElements.obj
         Debug\TuioListener\OscTypes.obj
         Debug\TuioListener\UdpSocket.obj
         "C:\WinTUIODriver\WinTUIODriver\TuioToVmulti-Client\Debug\vmulticlient.lib"
       Manifest:
         C:\Program Files (x86)\Microsoft SDKs\Windows\v7.0A\bin\mt.exe /nologo /verbose /out:"Debug\TuioListener\TuioListener.exe.embed.manifest" /manifest Debug\TuioListener\TuioListener.exe.intermediate.manifest
         All outputs are up-to-date.
       LinkEmbedManifest:
         All outputs are up-to-date.
         TuioListener.vcxproj -> C:\WinTUIODriver\WinTUIODriver\TuioToVmulti-Client\TuioListener\Debug\TuioListener.exe
       FinalizeBuildStatus:
         Deleting file "Debug\TuioListener\TuioListener.unsuccessfulbuild".
         Touching "Debug\TuioListener\TuioListener.lastbuildstate".
     1>Done Building Project "C:\WinTUIODriver\WinTUIODriver\TuioToVmulti-Client\TuioListener\TuioListener.vcxproj" (build target(s)).

Build succeeded.

Time Elapsed 00:00:05.17
