C:\WinTUIODriver\WinTUIODriver\TuioToVmulti-Client\TuioListener\Debug\TuioListener\cl.command.1.tlog
C:\WinTUIODriver\WinTUIODriver\TuioToVmulti-Client\TuioListener\Debug\TuioListener\CL.read.1.tlog
C:\WinTUIODriver\WinTUIODriver\TuioToVmulti-Client\TuioListener\Debug\TuioListener\CL.write.1.tlog
C:\WinTUIODriver\WinTUIODriver\TuioToVmulti-Client\TuioListener\Debug\TuioListener\link.6280.read.1.tlog
C:\WinTUIODriver\WinTUIODriver\TuioToVmulti-Client\TuioListener\Debug\TuioListener\link.6280.write.1.tlog
C:\WinTUIODriver\WinTUIODriver\TuioToVmulti-Client\TuioListener\Debug\TuioListener\link.command.1.tlog
C:\WinTUIODriver\WinTUIODriver\TuioToVmulti-Client\TuioListener\Debug\TuioListener\link.read.1.tlog
C:\WinTUIODriver\WinTUIODriver\TuioToVmulti-Client\TuioListener\Debug\TuioListener\link.write.1.tlog
C:\WinTUIODriver\WinTUIODriver\TuioToVmulti-Client\TuioListener\Debug\TuioListener\link-cvtres.read.1.tlog
C:\WinTUIODriver\WinTUIODriver\TuioToVmulti-Client\TuioListener\Debug\TuioListener\link-cvtres.write.1.tlog
C:\WinTUIODriver\WinTUIODriver\TuioToVmulti-Client\TuioListener\Debug\TuioListener\mt.command.1.tlog
C:\WinTUIODriver\WinTUIODriver\TuioToVmulti-Client\TuioListener\Debug\TuioListener\mt.read.1.tlog
C:\WinTUIODriver\WinTUIODriver\TuioToVmulti-Client\TuioListener\Debug\TuioListener\mt.write.1.tlog
C:\WINTUIODRIVER\WINTUIODRIVER\TUIOTOVMULTI-CLIENT\TUIOLISTENER\DEBUG\TUIOLISTENER\NETWORKINGUTILS.OBJ
C:\WINTUIODRIVER\WINTUIODRIVER\TUIOTOVMULTI-CLIENT\TUIOLISTENER\DEBUG\TUIOLISTENER\OSCPRINTRECEIVEDELEMENTS.OBJ
C:\WINTUIODRIVER\WINTUIODRIVER\TUIOTOVMULTI-CLIENT\TUIOLISTENER\DEBUG\TUIOLISTENER\OSCRECEIVEDELEMENTS.OBJ
C:\WINTUIODRIVER\WINTUIODRIVER\TUIOTOVMULTI-CLIENT\TUIOLISTENER\DEBUG\TUIOLISTENER\OSCTYPES.OBJ
C:\WinTUIODriver\WinTUIODriver\TuioToVmulti-Client\TuioListener\Debug\TuioListener\rc.command.1.tlog
C:\WinTUIODriver\WinTUIODriver\TuioToVmulti-Client\TuioListener\Debug\TuioListener\rc.read.1.tlog
C:\WinTUIODriver\WinTUIODriver\TuioToVmulti-Client\TuioListener\Debug\TuioListener\rc.write.1.tlog
C:\WINTUIODRIVER\WINTUIODRIVER\TUIOTOVMULTI-CLIENT\TUIOLISTENER\DEBUG\TUIOLISTENER\TUIOCLIENT.OBJ
C:\WINTUIODRIVER\WINTUIODRIVER\TUIOTOVMULTI-CLIENT\TUIOLISTENER\DEBUG\TUIOLISTENER\TUIOLISTENER.EXE.EMBED.MANIFEST
C:\WINTUIODRIVER\WINTUIODRIVER\TUIOTOVMULTI-CLIENT\TUIOLISTENER\DEBUG\TUIOLISTENER\TUIOLISTENER.EXE.EMBED.MANIFEST.RES
C:\WinTUIODriver\WinTUIODriver\TuioToVmulti-Client\TuioListener\Debug\TuioListener\TuioListener.exe.intermediate.manifest
C:\WINTUIODRIVER\WINTUIODRIVER\TUIOTOVMULTI-CLIENT\TUIOLISTENER\DEBUG\TUIOLISTENER\TUIOLISTENER.OBJ
C:\WinTUIODriver\WinTUIODriver\TuioToVmulti-Client\TuioListener\Debug\TuioListener\TuioListener.write.1.tlog
C:\WinTUIODriver\WinTUIODriver\TuioToVmulti-Client\TuioListener\Debug\TuioListener\TuioListener_manifest.rc
C:\WINTUIODRIVER\WINTUIODRIVER\TUIOTOVMULTI-CLIENT\TUIOLISTENER\DEBUG\TUIOLISTENER\TUIOTIME.OBJ
C:\WINTUIODRIVER\WINTUIODRIVER\TUIOTOVMULTI-CLIENT\TUIOLISTENER\DEBUG\TUIOLISTENER\UDPSOCKET.OBJ
C:\WinTUIODriver\WinTUIODriver\TuioToVmulti-Client\TuioListener\Debug\TuioListener\vc100.idb
C:\WINTUIODRIVER\WINTUIODRIVER\TUIOTOVMULTI-CLIENT\TUIOLISTENER\DEBUG\TUIOLISTENER\VC100.PDB
