C:\ECOLOGY-LAB\ECOLOGYLAB-WINTUIODRIVER-375775C\EXECUTABLES\TUIO-TO-VMULTI-SERVICE-3.EXE
C:\ECOLOGY-LAB\ECOLOGYLAB-WINTUIODRIVER-375775C\EXECUTABLES\TUIO-TO-VMULTI-SERVICE-3.ILK
C:\ECOLOGY-LAB\ECOLOGYLAB-WINTUIODRIVER-375775C\EXECUTABLES\TUIO-TO-VMULTI-SERVICE-3.PDB
C:\ECOLOGY-LAB\ECOLOGYLAB-WINTUIODRIVER-375775C\TUIOTOVMULTI-CLIENT\TUIO-TO-VMULTI-SERVICE-3\DEBUG\NETWORKINGUTILS.OBJ
C:\ECOLOGY-LAB\ECOLOGYLAB-WINTUIODRIVER-375775C\TUIOTOVMULTI-CLIENT\TUIO-TO-VMULTI-SERVICE-3\DEBUG\OSCPRINTRECEIVEDELEMENTS.OBJ
C:\ECOLOGY-LAB\ECOLOGYLAB-WINTUIODRIVER-375775C\TUIOTOVMULTI-CLIENT\TUIO-TO-VMULTI-SERVICE-3\DEBUG\OSCRECEIVEDELEMENTS.OBJ
C:\ECOLOGY-LAB\ECOLOGYLAB-WINTUIODRIVER-375775C\TUIOTOVMULTI-CLIENT\TUIO-TO-VMULTI-SERVICE-3\DEBUG\OSCTYPES.OBJ
C:\ECOLOGY-LAB\ECOLOGYLAB-WINTUIODRIVER-375775C\TUIOTOVMULTI-CLIENT\TUIO-TO-VMULTI-SERVICE-3\DEBUG\SERVICEBASE.OBJ
C:\ECOLOGY-LAB\ECOLOGYLAB-WINTUIODRIVER-375775C\TUIOTOVMULTI-CLIENT\TUIO-TO-VMULTI-SERVICE-3\DEBUG\SERVICEINSTALLER.OBJ
C:\ECOLOGY-LAB\ECOLOGYLAB-WINTUIODRIVER-375775C\TUIOTOVMULTI-CLIENT\TUIO-TO-VMULTI-SERVICE-3\DEBUG\STDAFX.OBJ
C:\ECOLOGY-LAB\ECOLOGYLAB-WINTUIODRIVER-375775C\TUIOTOVMULTI-CLIENT\TUIO-TO-VMULTI-SERVICE-3\DEBUG\TUIOCLIENT.OBJ
C:\ECOLOGY-LAB\ECOLOGYLAB-WINTUIODRIVER-375775C\TUIOTOVMULTI-CLIENT\TUIO-TO-VMULTI-SERVICE-3\DEBUG\TUIOSERVICE3.OBJ
C:\ECOLOGY-LAB\ECOLOGYLAB-WINTUIODRIVER-375775C\TUIOTOVMULTI-CLIENT\TUIO-TO-VMULTI-SERVICE-3\DEBUG\TUIOTIME.OBJ
C:\ECOLOGY-LAB\ECOLOGYLAB-WINTUIODRIVER-375775C\TUIOTOVMULTI-CLIENT\TUIO-TO-VMULTI-SERVICE-3\DEBUG\TUIO-TO-VMULTI-SERVICE-3.EXE.EMBED.MANIFEST.RES
C:\ECOLOGY-LAB\ECOLOGYLAB-WINTUIODRIVER-375775C\TUIOTOVMULTI-CLIENT\TUIO-TO-VMULTI-SERVICE-3\DEBUG\TUIO-TO-VMULTI-SERVICE-3.EXE.INTERMEDIATE.MANIFEST
C:\ECOLOGY-LAB\ECOLOGYLAB-WINTUIODRIVER-375775C\TUIOTOVMULTI-CLIENT\TUIO-TO-VMULTI-SERVICE-3\DEBUG\TUIO-TO-VMULTI-SERVICE-3.OBJ
C:\ECOLOGY-LAB\ECOLOGYLAB-WINTUIODRIVER-375775C\TUIOTOVMULTI-CLIENT\TUIO-TO-VMULTI-SERVICE-3\DEBUG\TUIO-TO-VMULTI-SERVICE-3.PCH
C:\ECOLOGY-LAB\ECOLOGYLAB-WINTUIODRIVER-375775C\TUIOTOVMULTI-CLIENT\TUIO-TO-VMULTI-SERVICE-3\DEBUG\UDPSOCKET.OBJ
C:\ECOLOGY-LAB\ECOLOGYLAB-WINTUIODRIVER-375775C\TUIOTOVMULTI-CLIENT\TUIO-TO-VMULTI-SERVICE-3\DEBUG\VC100.PDB
C:\FINAL PROJECT\DRIVERS\EXECUTABLES\TUIO-TO-VMULTI-SERVICE-3.EXE
C:\FINAL PROJECT\DRIVERS\EXECUTABLES\TUIO-TO-VMULTI-SERVICE-3.ILK
C:\FINAL PROJECT\DRIVERS\EXECUTABLES\TUIO-TO-VMULTI-SERVICE-3.PDB
C:\FINAL PROJECT\DRIVERS\SERVICES\SERVICE3\TUIO-TO-VMULTI-SERVICE-3\DEBUG\NETWORKINGUTILS.OBJ
C:\FINAL PROJECT\DRIVERS\SERVICES\SERVICE3\TUIO-TO-VMULTI-SERVICE-3\DEBUG\OSCPRINTRECEIVEDELEMENTS.OBJ
C:\FINAL PROJECT\DRIVERS\SERVICES\SERVICE3\TUIO-TO-VMULTI-SERVICE-3\DEBUG\OSCRECEIVEDELEMENTS.OBJ
C:\FINAL PROJECT\DRIVERS\SERVICES\SERVICE3\TUIO-TO-VMULTI-SERVICE-3\DEBUG\OSCTYPES.OBJ
C:\FINAL PROJECT\DRIVERS\SERVICES\SERVICE3\TUIO-TO-VMULTI-SERVICE-3\DEBUG\SERVICEBASE.OBJ
C:\FINAL PROJECT\DRIVERS\SERVICES\SERVICE3\TUIO-TO-VMULTI-SERVICE-3\DEBUG\SERVICEINSTALLER.OBJ
C:\FINAL PROJECT\DRIVERS\SERVICES\SERVICE3\TUIO-TO-VMULTI-SERVICE-3\DEBUG\STDAFX.OBJ
C:\FINAL PROJECT\DRIVERS\SERVICES\SERVICE3\TUIO-TO-VMULTI-SERVICE-3\DEBUG\TUIOCLIENT.OBJ
C:\FINAL PROJECT\DRIVERS\SERVICES\SERVICE3\TUIO-TO-VMULTI-SERVICE-3\DEBUG\TUIOSERVICE3.OBJ
C:\FINAL PROJECT\DRIVERS\SERVICES\SERVICE3\TUIO-TO-VMULTI-SERVICE-3\DEBUG\TUIOTIME.OBJ
C:\FINAL PROJECT\DRIVERS\SERVICES\SERVICE3\TUIO-TO-VMULTI-SERVICE-3\DEBUG\TUIO-TO-VMULTI-SERVICE-3.EXE.EMBED.MANIFEST.RES
C:\FINAL PROJECT\DRIVERS\SERVICES\SERVICE3\TUIO-TO-VMULTI-SERVICE-3\DEBUG\TUIO-TO-VMULTI-SERVICE-3.EXE.INTERMEDIATE.MANIFEST
C:\FINAL PROJECT\DRIVERS\SERVICES\SERVICE3\TUIO-TO-VMULTI-SERVICE-3\DEBUG\TUIO-TO-VMULTI-SERVICE-3.OBJ
C:\FINAL PROJECT\DRIVERS\SERVICES\SERVICE3\TUIO-TO-VMULTI-SERVICE-3\DEBUG\TUIO-TO-VMULTI-SERVICE-3.PCH
C:\FINAL PROJECT\DRIVERS\SERVICES\SERVICE3\TUIO-TO-VMULTI-SERVICE-3\DEBUG\UDPSOCKET.OBJ
C:\FINAL PROJECT\DRIVERS\SERVICES\SERVICE3\TUIO-TO-VMULTI-SERVICE-3\DEBUG\VC100.PDB
C:\FINAL PROJECT\DRIVERS\TUIOTOVMULTI-CLIENT - COPY (2)\TUIO-TO-VMULTI-SERVICE-3\DEBUG\NETWORKINGUTILS.OBJ
C:\FINAL PROJECT\DRIVERS\TUIOTOVMULTI-CLIENT - COPY (2)\TUIO-TO-VMULTI-SERVICE-3\DEBUG\OSCPRINTRECEIVEDELEMENTS.OBJ
C:\FINAL PROJECT\DRIVERS\TUIOTOVMULTI-CLIENT - COPY (2)\TUIO-TO-VMULTI-SERVICE-3\DEBUG\OSCRECEIVEDELEMENTS.OBJ
C:\FINAL PROJECT\DRIVERS\TUIOTOVMULTI-CLIENT - COPY (2)\TUIO-TO-VMULTI-SERVICE-3\DEBUG\OSCTYPES.OBJ
C:\FINAL PROJECT\DRIVERS\TUIOTOVMULTI-CLIENT - COPY (2)\TUIO-TO-VMULTI-SERVICE-3\DEBUG\SERVICEBASE.OBJ
C:\FINAL PROJECT\DRIVERS\TUIOTOVMULTI-CLIENT - COPY (2)\TUIO-TO-VMULTI-SERVICE-3\DEBUG\SERVICEINSTALLER.OBJ
C:\FINAL PROJECT\DRIVERS\TUIOTOVMULTI-CLIENT - COPY (2)\TUIO-TO-VMULTI-SERVICE-3\DEBUG\STDAFX.OBJ
C:\FINAL PROJECT\DRIVERS\TUIOTOVMULTI-CLIENT - COPY (2)\TUIO-TO-VMULTI-SERVICE-3\DEBUG\TUIOCLIENT.OBJ
C:\FINAL PROJECT\DRIVERS\TUIOTOVMULTI-CLIENT - COPY (2)\TUIO-TO-VMULTI-SERVICE-3\DEBUG\TUIOSERVICE3.OBJ
C:\FINAL PROJECT\DRIVERS\TUIOTOVMULTI-CLIENT - COPY (2)\TUIO-TO-VMULTI-SERVICE-3\DEBUG\TUIOTIME.OBJ
C:\FINAL PROJECT\DRIVERS\TUIOTOVMULTI-CLIENT - COPY (2)\TUIO-TO-VMULTI-SERVICE-3\DEBUG\TUIO-TO-VMULTI-SERVICE-3.EXE.EMBED.MANIFEST.RES
C:\FINAL PROJECT\DRIVERS\TUIOTOVMULTI-CLIENT - COPY (2)\TUIO-TO-VMULTI-SERVICE-3\DEBUG\TUIO-TO-VMULTI-SERVICE-3.OBJ
C:\FINAL PROJECT\DRIVERS\TUIOTOVMULTI-CLIENT - COPY (2)\TUIO-TO-VMULTI-SERVICE-3\DEBUG\TUIO-TO-VMULTI-SERVICE-3.PCH
C:\FINAL PROJECT\DRIVERS\TUIOTOVMULTI-CLIENT - COPY (2)\TUIO-TO-VMULTI-SERVICE-3\DEBUG\UDPSOCKET.OBJ
C:\FINAL PROJECT\DRIVERS\TUIOTOVMULTI-CLIENT - COPY (2)\TUIO-TO-VMULTI-SERVICE-3\DEBUG\VC100.PDB
C:\FINAL PROJECT\DRIVERS\TUIOTOVMULTI-CLIENT\TUIO-TO-VMULTI-SERVICE-3\DEBUG\NETWORKINGUTILS.OBJ
C:\FINAL PROJECT\DRIVERS\TUIOTOVMULTI-CLIENT\TUIO-TO-VMULTI-SERVICE-3\DEBUG\OSCPRINTRECEIVEDELEMENTS.OBJ
C:\FINAL PROJECT\DRIVERS\TUIOTOVMULTI-CLIENT\TUIO-TO-VMULTI-SERVICE-3\DEBUG\OSCRECEIVEDELEMENTS.OBJ
C:\FINAL PROJECT\DRIVERS\TUIOTOVMULTI-CLIENT\TUIO-TO-VMULTI-SERVICE-3\DEBUG\OSCTYPES.OBJ
C:\FINAL PROJECT\DRIVERS\TUIOTOVMULTI-CLIENT\TUIO-TO-VMULTI-SERVICE-3\DEBUG\SERVICEBASE.OBJ
C:\FINAL PROJECT\DRIVERS\TUIOTOVMULTI-CLIENT\TUIO-TO-VMULTI-SERVICE-3\DEBUG\SERVICEINSTALLER.OBJ
C:\FINAL PROJECT\DRIVERS\TUIOTOVMULTI-CLIENT\TUIO-TO-VMULTI-SERVICE-3\DEBUG\STDAFX.OBJ
C:\FINAL PROJECT\DRIVERS\TUIOTOVMULTI-CLIENT\TUIO-TO-VMULTI-SERVICE-3\DEBUG\TUIOCLIENT.OBJ
C:\FINAL PROJECT\DRIVERS\TUIOTOVMULTI-CLIENT\TUIO-TO-VMULTI-SERVICE-3\DEBUG\TUIOSERVICE3.OBJ
C:\FINAL PROJECT\DRIVERS\TUIOTOVMULTI-CLIENT\TUIO-TO-VMULTI-SERVICE-3\DEBUG\TUIOTIME.OBJ
C:\FINAL PROJECT\DRIVERS\TUIOTOVMULTI-CLIENT\TUIO-TO-VMULTI-SERVICE-3\DEBUG\TUIO-TO-VMULTI-SERVICE-3.EXE.EMBED.MANIFEST.RES
C:\FINAL PROJECT\DRIVERS\TUIOTOVMULTI-CLIENT\TUIO-TO-VMULTI-SERVICE-3\DEBUG\TUIO-TO-VMULTI-SERVICE-3.OBJ
C:\FINAL PROJECT\DRIVERS\TUIOTOVMULTI-CLIENT\TUIO-TO-VMULTI-SERVICE-3\DEBUG\TUIO-TO-VMULTI-SERVICE-3.PCH
C:\FINAL PROJECT\DRIVERS\TUIOTOVMULTI-CLIENT\TUIO-TO-VMULTI-SERVICE-3\DEBUG\UDPSOCKET.OBJ
C:\FINAL PROJECT\DRIVERS\TUIOTOVMULTI-CLIENT\TUIO-TO-VMULTI-SERVICE-3\DEBUG\VC100.PDB
C:\Users\ecologylab\Documents\GitHub\WinTUIODriver\Services\Service3\Tuio-to-Vmulti-Service-3\Debug\..\..\..\..\Executables\Tuio-to-Vmulti-Service-3.exe
C:\Users\ecologylab\Documents\GitHub\WinTUIODriver\Services\Service3\Tuio-to-Vmulti-Service-3\Debug\cl.command.1.tlog
C:\Users\ecologylab\Documents\GitHub\WinTUIODriver\Services\Service3\Tuio-to-Vmulti-Service-3\Debug\CL.read.1.tlog
C:\Users\ecologylab\Documents\GitHub\WinTUIODriver\Services\Service3\Tuio-to-Vmulti-Service-3\Debug\CL.write.1.tlog
C:\Users\ecologylab\Documents\GitHub\WinTUIODriver\Services\Service3\Tuio-to-Vmulti-Service-3\Debug\link.1424.read.1.tlog
C:\Users\ecologylab\Documents\GitHub\WinTUIODriver\Services\Service3\Tuio-to-Vmulti-Service-3\Debug\link.1424.write.1.tlog
C:\Users\ecologylab\Documents\GitHub\WinTUIODriver\Services\Service3\Tuio-to-Vmulti-Service-3\Debug\link.1424-cvtres.read.1.tlog
C:\Users\ecologylab\Documents\GitHub\WinTUIODriver\Services\Service3\Tuio-to-Vmulti-Service-3\Debug\link.1424-cvtres.write.1.tlog
C:\Users\ecologylab\Documents\GitHub\WinTUIODriver\Services\Service3\Tuio-to-Vmulti-Service-3\Debug\link.4896.read.1.tlog
C:\Users\ecologylab\Documents\GitHub\WinTUIODriver\Services\Service3\Tuio-to-Vmulti-Service-3\Debug\link.4896.write.1.tlog
C:\Users\ecologylab\Documents\GitHub\WinTUIODriver\Services\Service3\Tuio-to-Vmulti-Service-3\Debug\link.4896-cvtres.read.1.tlog
C:\Users\ecologylab\Documents\GitHub\WinTUIODriver\Services\Service3\Tuio-to-Vmulti-Service-3\Debug\link.4896-cvtres.write.1.tlog
C:\Users\ecologylab\Documents\GitHub\WinTUIODriver\Services\Service3\Tuio-to-Vmulti-Service-3\Debug\link.5476.read.1.tlog
C:\Users\ecologylab\Documents\GitHub\WinTUIODriver\Services\Service3\Tuio-to-Vmulti-Service-3\Debug\link.5476.write.1.tlog
C:\Users\ecologylab\Documents\GitHub\WinTUIODriver\Services\Service3\Tuio-to-Vmulti-Service-3\Debug\link.5476-cvtres.read.1.tlog
C:\Users\ecologylab\Documents\GitHub\WinTUIODriver\Services\Service3\Tuio-to-Vmulti-Service-3\Debug\link.5476-cvtres.write.1.tlog
C:\Users\ecologylab\Documents\GitHub\WinTUIODriver\Services\Service3\Tuio-to-Vmulti-Service-3\Debug\link.6076.read.1.tlog
C:\Users\ecologylab\Documents\GitHub\WinTUIODriver\Services\Service3\Tuio-to-Vmulti-Service-3\Debug\link.6076.write.1.tlog
C:\Users\ecologylab\Documents\GitHub\WinTUIODriver\Services\Service3\Tuio-to-Vmulti-Service-3\Debug\link.6076-cvtres.read.1.tlog
C:\Users\ecologylab\Documents\GitHub\WinTUIODriver\Services\Service3\Tuio-to-Vmulti-Service-3\Debug\link.6076-cvtres.write.1.tlog
C:\Users\ecologylab\Documents\GitHub\WinTUIODriver\Services\Service3\Tuio-to-Vmulti-Service-3\Debug\link.640.read.1.tlog
C:\Users\ecologylab\Documents\GitHub\WinTUIODriver\Services\Service3\Tuio-to-Vmulti-Service-3\Debug\link.640.write.1.tlog
C:\Users\ecologylab\Documents\GitHub\WinTUIODriver\Services\Service3\Tuio-to-Vmulti-Service-3\Debug\link.640-cvtres.read.1.tlog
C:\Users\ecologylab\Documents\GitHub\WinTUIODriver\Services\Service3\Tuio-to-Vmulti-Service-3\Debug\link.640-cvtres.write.1.tlog
C:\Users\ecologylab\Documents\GitHub\WinTUIODriver\Services\Service3\Tuio-to-Vmulti-Service-3\Debug\link.7076.read.1.tlog
C:\Users\ecologylab\Documents\GitHub\WinTUIODriver\Services\Service3\Tuio-to-Vmulti-Service-3\Debug\link.7076.write.1.tlog
C:\Users\ecologylab\Documents\GitHub\WinTUIODriver\Services\Service3\Tuio-to-Vmulti-Service-3\Debug\link.7076-cvtres.read.1.tlog
C:\Users\ecologylab\Documents\GitHub\WinTUIODriver\Services\Service3\Tuio-to-Vmulti-Service-3\Debug\link.7076-cvtres.write.1.tlog
C:\Users\ecologylab\Documents\GitHub\WinTUIODriver\Services\Service3\Tuio-to-Vmulti-Service-3\Debug\link.7292.read.1.tlog
C:\Users\ecologylab\Documents\GitHub\WinTUIODriver\Services\Service3\Tuio-to-Vmulti-Service-3\Debug\link.7292.write.1.tlog
C:\Users\ecologylab\Documents\GitHub\WinTUIODriver\Services\Service3\Tuio-to-Vmulti-Service-3\Debug\link.7292-cvtres.read.1.tlog
C:\Users\ecologylab\Documents\GitHub\WinTUIODriver\Services\Service3\Tuio-to-Vmulti-Service-3\Debug\link.7292-cvtres.write.1.tlog
C:\Users\ecologylab\Documents\GitHub\WinTUIODriver\Services\Service3\Tuio-to-Vmulti-Service-3\Debug\link.command.1.tlog
C:\Users\ecologylab\Documents\GitHub\WinTUIODriver\Services\Service3\Tuio-to-Vmulti-Service-3\Debug\link.read.1.tlog
C:\Users\ecologylab\Documents\GitHub\WinTUIODriver\Services\Service3\Tuio-to-Vmulti-Service-3\Debug\link.write.1.tlog
C:\Users\ecologylab\Documents\GitHub\WinTUIODriver\Services\Service3\Tuio-to-Vmulti-Service-3\Debug\link-cvtres.read.1.tlog
C:\Users\ecologylab\Documents\GitHub\WinTUIODriver\Services\Service3\Tuio-to-Vmulti-Service-3\Debug\link-cvtres.write.1.tlog
C:\Users\ecologylab\Documents\GitHub\WinTUIODriver\Services\Service3\Tuio-to-Vmulti-Service-3\Debug\mt.command.1.tlog
C:\Users\ecologylab\Documents\GitHub\WinTUIODriver\Services\Service3\Tuio-to-Vmulti-Service-3\Debug\mt.read.1.tlog
C:\Users\ecologylab\Documents\GitHub\WinTUIODriver\Services\Service3\Tuio-to-Vmulti-Service-3\Debug\mt.write.1.tlog
C:\Users\ecologylab\Documents\GitHub\WinTUIODriver\Services\Service3\Tuio-to-Vmulti-Service-3\Debug\NetworkingUtils.obj
C:\Users\ecologylab\Documents\GitHub\WinTUIODriver\Services\Service3\Tuio-to-Vmulti-Service-3\Debug\OscPrintReceivedElements.obj
C:\Users\ecologylab\Documents\GitHub\WinTUIODriver\Services\Service3\Tuio-to-Vmulti-Service-3\Debug\OscReceivedElements.obj
C:\Users\ecologylab\Documents\GitHub\WinTUIODriver\Services\Service3\Tuio-to-Vmulti-Service-3\Debug\OscTypes.obj
C:\Users\ecologylab\Documents\GitHub\WinTUIODriver\Services\Service3\Tuio-to-Vmulti-Service-3\Debug\rc.command.1.tlog
C:\Users\ecologylab\Documents\GitHub\WinTUIODriver\Services\Service3\Tuio-to-Vmulti-Service-3\Debug\rc.read.1.tlog
C:\Users\ecologylab\Documents\GitHub\WinTUIODriver\Services\Service3\Tuio-to-Vmulti-Service-3\Debug\rc.write.1.tlog
C:\Users\ecologylab\Documents\GitHub\WinTUIODriver\Services\Service3\Tuio-to-Vmulti-Service-3\Debug\ResolveAssemblyReference.cache
C:\Users\ecologylab\Documents\GitHub\WinTUIODriver\Services\Service3\Tuio-to-Vmulti-Service-3\Debug\ServiceBase.obj
C:\Users\ecologylab\Documents\GitHub\WinTUIODriver\Services\Service3\Tuio-to-Vmulti-Service-3\Debug\ServiceInstaller.obj
C:\Users\ecologylab\Documents\GitHub\WinTUIODriver\Services\Service3\Tuio-to-Vmulti-Service-3\Debug\stdafx.obj
C:\Users\ecologylab\Documents\GitHub\WinTUIODriver\Services\Service3\Tuio-to-Vmulti-Service-3\Debug\TuioClient.obj
C:\Users\ecologylab\Documents\GitHub\WinTUIODriver\Services\Service3\Tuio-to-Vmulti-Service-3\Debug\TUIOService3.obj
C:\Users\ecologylab\Documents\GitHub\WinTUIODriver\Services\Service3\Tuio-to-Vmulti-Service-3\Debug\TuioTime.obj
C:\Users\ecologylab\Documents\GitHub\WinTUIODriver\Services\Service3\Tuio-to-Vmulti-Service-3\Debug\Tuio-to-Vmulti-Service-3.exe.embed.manifest
C:\Users\ecologylab\Documents\GitHub\WinTUIODriver\Services\Service3\Tuio-to-Vmulti-Service-3\Debug\Tuio-to-Vmulti-Service-3.exe.embed.manifest.res
C:\Users\ecologylab\Documents\GitHub\WinTUIODriver\Services\Service3\Tuio-to-Vmulti-Service-3\Debug\Tuio-to-Vmulti-Service-3.exe.intermediate.manifest
C:\Users\ecologylab\Documents\GitHub\WinTUIODriver\Services\Service3\Tuio-to-Vmulti-Service-3\Debug\Tuio-to-Vmulti-Service-3.obj
C:\Users\ecologylab\Documents\GitHub\WinTUIODriver\Services\Service3\Tuio-to-Vmulti-Service-3\Debug\Tuio-to-Vmulti-Service-3.pch
C:\Users\ecologylab\Documents\GitHub\WinTUIODriver\Services\Service3\Tuio-to-Vmulti-Service-3\Debug\Tuio-to-Vmulti-Service-3.vcxprojResolveAssemblyReference.cache
C:\Users\ecologylab\Documents\GitHub\WinTUIODriver\Services\Service3\Tuio-to-Vmulti-Service-3\Debug\Tuio-to-Vmulti-Service-3.write.1.tlog
C:\Users\ecologylab\Documents\GitHub\WinTUIODriver\Services\Service3\Tuio-to-Vmulti-Service-3\Debug\Tuio-to-Vmulti-Service-3_manifest.rc
C:\Users\ecologylab\Documents\GitHub\WinTUIODriver\Services\Service3\Tuio-to-Vmulti-Service-3\Debug\UdpSocket.obj
C:\Users\ecologylab\Documents\GitHub\WinTUIODriver\Services\Service3\Tuio-to-Vmulti-Service-3\Debug\vc100.idb
C:\Users\ecologylab\Documents\GitHub\WinTUIODriver\Services\Service3\Tuio-to-Vmulti-Service-3\Debug\vc100.pdb
Debug\..\..\..\..\Executables\Tuio-to-Vmulti-Service-3.pdb
E:\ECOLOGY-LAB\ECOLOGYLAB-WINTUIODRIVER-375775C\EXECUTABLES\TUIO-TO-VMULTI-SERVICE-3.EXE
E:\ECOLOGY-LAB\ECOLOGYLAB-WINTUIODRIVER-375775C\EXECUTABLES\TUIO-TO-VMULTI-SERVICE-3.ILK
E:\ECOLOGY-LAB\ECOLOGYLAB-WINTUIODRIVER-375775C\EXECUTABLES\TUIO-TO-VMULTI-SERVICE-3.PDB
E:\ECOLOGY-LAB\ECOLOGYLAB-WINTUIODRIVER-375775C\TUIOTOVMULTI-CLIENT\TUIO-TO-VMULTI-SERVICE-3\DEBUG\NETWORKINGUTILS.OBJ
E:\ECOLOGY-LAB\ECOLOGYLAB-WINTUIODRIVER-375775C\TUIOTOVMULTI-CLIENT\TUIO-TO-VMULTI-SERVICE-3\DEBUG\OSCPRINTRECEIVEDELEMENTS.OBJ
E:\ECOLOGY-LAB\ECOLOGYLAB-WINTUIODRIVER-375775C\TUIOTOVMULTI-CLIENT\TUIO-TO-VMULTI-SERVICE-3\DEBUG\OSCRECEIVEDELEMENTS.OBJ
E:\ECOLOGY-LAB\ECOLOGYLAB-WINTUIODRIVER-375775C\TUIOTOVMULTI-CLIENT\TUIO-TO-VMULTI-SERVICE-3\DEBUG\OSCTYPES.OBJ
E:\ECOLOGY-LAB\ECOLOGYLAB-WINTUIODRIVER-375775C\TUIOTOVMULTI-CLIENT\TUIO-TO-VMULTI-SERVICE-3\DEBUG\SERVICEBASE.OBJ
E:\ECOLOGY-LAB\ECOLOGYLAB-WINTUIODRIVER-375775C\TUIOTOVMULTI-CLIENT\TUIO-TO-VMULTI-SERVICE-3\DEBUG\SERVICEINSTALLER.OBJ
E:\ECOLOGY-LAB\ECOLOGYLAB-WINTUIODRIVER-375775C\TUIOTOVMULTI-CLIENT\TUIO-TO-VMULTI-SERVICE-3\DEBUG\STDAFX.OBJ
E:\ECOLOGY-LAB\ECOLOGYLAB-WINTUIODRIVER-375775C\TUIOTOVMULTI-CLIENT\TUIO-TO-VMULTI-SERVICE-3\DEBUG\TUIOCLIENT.OBJ
E:\ECOLOGY-LAB\ECOLOGYLAB-WINTUIODRIVER-375775C\TUIOTOVMULTI-CLIENT\TUIO-TO-VMULTI-SERVICE-3\DEBUG\TUIOSERVICE3.OBJ
E:\ECOLOGY-LAB\ECOLOGYLAB-WINTUIODRIVER-375775C\TUIOTOVMULTI-CLIENT\TUIO-TO-VMULTI-SERVICE-3\DEBUG\TUIOTIME.OBJ
E:\ECOLOGY-LAB\ECOLOGYLAB-WINTUIODRIVER-375775C\TUIOTOVMULTI-CLIENT\TUIO-TO-VMULTI-SERVICE-3\DEBUG\TUIO-TO-VMULTI-SERVICE-3.EXE.EMBED.MANIFEST
E:\ECOLOGY-LAB\ECOLOGYLAB-WINTUIODRIVER-375775C\TUIOTOVMULTI-CLIENT\TUIO-TO-VMULTI-SERVICE-3\DEBUG\TUIO-TO-VMULTI-SERVICE-3.EXE.EMBED.MANIFEST.RES
E:\ECOLOGY-LAB\ECOLOGYLAB-WINTUIODRIVER-375775C\TUIOTOVMULTI-CLIENT\TUIO-TO-VMULTI-SERVICE-3\DEBUG\TUIO-TO-VMULTI-SERVICE-3.EXE.INTERMEDIATE.MANIFEST
E:\ECOLOGY-LAB\ECOLOGYLAB-WINTUIODRIVER-375775C\TUIOTOVMULTI-CLIENT\TUIO-TO-VMULTI-SERVICE-3\DEBUG\TUIO-TO-VMULTI-SERVICE-3.OBJ
E:\ECOLOGY-LAB\ECOLOGYLAB-WINTUIODRIVER-375775C\TUIOTOVMULTI-CLIENT\TUIO-TO-VMULTI-SERVICE-3\DEBUG\TUIO-TO-VMULTI-SERVICE-3.PCH
E:\ECOLOGY-LAB\ECOLOGYLAB-WINTUIODRIVER-375775C\TUIOTOVMULTI-CLIENT\TUIO-TO-VMULTI-SERVICE-3\DEBUG\UDPSOCKET.OBJ
E:\ECOLOGY-LAB\ECOLOGYLAB-WINTUIODRIVER-375775C\TUIOTOVMULTI-CLIENT\TUIO-TO-VMULTI-SERVICE-3\DEBUG\VC100.PDB
