Build started 8/25/2012 10:45:19 AM.
     1>Project "C:\Final Project\Drivers\Services\Service3\Tuio-to-Vmulti-Service-3\Tuio-to-Vmulti-Service-3.vcxproj" on node 3 (build target(s)).
     1>InitializeBuildStatus:
         Creating "Debug\Tuio-to-Vmulti-Service-3.unsuccessfulbuild" because "AlwaysCreate" was specified.
       ClCompile:
         C:\Program Files\Microsoft Visual Studio 10.0\VC\bin\CL.exe /c /I..\TuioListener\TUIO /I..\TuioListener\oscpack /I..\inc /I..\TuioListener /ZI /nologo /W3 /WX- /Od /Oy- /D WIN32 /D _DEBUG /D _CONSOLE /D _UNICODE /D UNICODE /Gm /EHsc /RTC1 /MDd /GS /fp:precise /Zc:wchar_t /Zc:forScope /Yc"StdAfx.h" /Fp"Debug\Tuio-to-Vmulti-Service-3.pch" /Fo"Debug\\" /Fd"Debug\vc100.pdb" /Gd /TP /analyze- /errorReport:prompt stdafx.cpp
         stdafx.cpp
         C:\Program Files\Microsoft Visual Studio 10.0\VC\bin\CL.exe /c /I..\TuioListener\TUIO /I..\TuioListener\oscpack /I..\inc /I..\TuioListener /ZI /nologo /W3 /WX- /Od /Oy- /D WIN32 /D _DEBUG /D _CONSOLE /D _UNICODE /D UNICODE /Gm /EHsc /RTC1 /MDd /GS /fp:precise /Zc:wchar_t /Zc:forScope /Fo"Debug\\" /Fd"Debug\vc100.pdb" /Gd /TP /analyze- /errorReport:prompt ..\TuioListener\oscpack\ip\win32\NetworkingUtils.cpp ..\TuioListener\oscpack\ip\win32\UdpSocket.cpp ..\TuioListener\oscpack\osc\OscPrintReceivedElements.cpp ..\TuioListener\oscpack\osc\OscReceivedElements.cpp ..\TuioListener\oscpack\osc\OscTypes.cpp ..\TuioListener\ServiceBase.cpp ..\TuioListener\ServiceInstaller.cpp ..\TuioListener\TUIOService3.cpp ..\TuioListener\TUIO\TuioClient.cpp ..\TuioListener\TUIO\TuioTime.cpp "Tuio-to-Vmulti-Service-3.cpp"
         Tuio-to-Vmulti-Service-3.cpp
         TuioTime.cpp
         TuioClient.cpp
     1>c:\final project\drivers\services\service3\tuiolistener\tuio\tuioclient.cpp(83): warning C4101: 'e' : unreferenced local variable
         TUIOService3.cpp
         ServiceInstaller.cpp
         ServiceBase.cpp
     1>c:\program files\microsoft visual studio 10.0\vc\include\cstdio(48): warning C4995: 'gets': name was marked as #pragma deprecated
     1>c:\program files\microsoft visual studio 10.0\vc\include\cstdio(52): warning C4995: 'sprintf': name was marked as #pragma deprecated
     1>c:\program files\microsoft visual studio 10.0\vc\include\cstdio(55): warning C4995: 'vsprintf': name was marked as #pragma deprecated
     1>c:\program files\microsoft visual studio 10.0\vc\include\cstring(21): warning C4995: 'strcat': name was marked as #pragma deprecated
     1>c:\program files\microsoft visual studio 10.0\vc\include\cstring(22): warning C4995: 'strcpy': name was marked as #pragma deprecated
     1>c:\program files\microsoft visual studio 10.0\vc\include\cwchar(30): warning C4995: 'swprintf': name was marked as #pragma deprecated
     1>c:\program files\microsoft visual studio 10.0\vc\include\cwchar(31): warning C4995: 'vswprintf': name was marked as #pragma deprecated
     1>c:\program files\microsoft visual studio 10.0\vc\include\cwchar(33): warning C4995: 'wcscat': name was marked as #pragma deprecated
     1>c:\program files\microsoft visual studio 10.0\vc\include\cwchar(35): warning C4995: 'wcscpy': name was marked as #pragma deprecated
         OscTypes.cpp
         OscReceivedElements.cpp
         OscPrintReceivedElements.cpp
     1>c:\final project\drivers\services\service3\tuiolistener\oscpack\osc\oscprintreceivedelements.cpp(117): warning C4996: 'ctime': This function or variable may be unsafe. Consider using ctime_s instead. To disable deprecation, use _CRT_SECURE_NO_WARNINGS. See online help for details.
                 c:\program files\microsoft visual studio 10.0\vc\include\time.inl(86) : see declaration of 'ctime'
     1>c:\final project\drivers\services\service3\tuiolistener\oscpack\osc\oscprintreceivedelements.cpp(120): warning C4996: 'strcpy': This function or variable may be unsafe. Consider using strcpy_s instead. To disable deprecation, use _CRT_SECURE_NO_WARNINGS. See online help for details.
                 c:\program files\microsoft visual studio 10.0\vc\include\string.h(105) : see declaration of 'strcpy'
         UdpSocket.cpp
         NetworkingUtils.cpp
         Generating Code...
       ManifestResourceCompile:
         C:\Program Files\Microsoft SDKs\Windows\v7.0A\bin\rc.exe /nologo /fo"Debug\Tuio-to-Vmulti-Service-3.exe.embed.manifest.res" Debug\Tuio-to-Vmulti-Service-3_manifest.rc 
       Link:
         C:\Program Files\Microsoft Visual Studio 10.0\VC\bin\link.exe /ERRORREPORT:PROMPT /OUT:"Debug\..\..\..\..\Executables\Tuio-to-Vmulti-Service-3.exe" /INCREMENTAL /NOLOGO /LIBPATH:C:\WinDDK\7600.16385.1\lib\wxp\i386 hid.lib setupapi.lib ws2_32.lib WINMM.LIB kernel32.lib user32.lib gdi32.lib winspool.lib comdlg32.lib advapi32.lib shell32.lib ole32.lib oleaut32.lib uuid.lib odbc32.lib odbccp32.lib kernel32.lib user32.lib gdi32.lib winspool.lib comdlg32.lib advapi32.lib shell32.lib ole32.lib oleaut32.lib uuid.lib odbc32.lib odbccp32.lib kernel32.lib user32.lib gdi32.lib winspool.lib comdlg32.lib advapi32.lib shell32.lib ole32.lib oleaut32.lib uuid.lib odbc32.lib odbccp32.lib kernel32.lib user32.lib gdi32.lib winspool.lib comdlg32.lib advapi32.lib shell32.lib ole32.lib oleaut32.lib uuid.lib odbc32.lib odbccp32.lib kernel32.lib user32.lib gdi32.lib winspool.lib comdlg32.lib advapi32.lib shell32.lib ole32.lib oleaut32.lib uuid.lib odbc32.lib odbccp32.lib /MANIFEST /ManifestFile:"Debug\Tuio-to-Vmulti-Service-3.exe.intermediate.manifest" /MANIFESTUAC:"level='asInvoker' uiAccess='false'" /DEBUG /PDB:"C:\Final Project\Drivers\Executables\Tuio-to-Vmulti-Service-3.pdb" /SUBSYSTEM:CONSOLE /TLBID:1 /DYNAMICBASE /NXCOMPAT /IMPLIB:"Debug\..\..\..\..\Executables\Tuio-to-Vmulti-Service-3.lib" /MACHINE:X86 "Debug\Tuio-to-Vmulti-Service-3.exe.embed.manifest.res"
         Debug\NetworkingUtils.obj
         Debug\UdpSocket.obj
         Debug\OscPrintReceivedElements.obj
         Debug\OscReceivedElements.obj
         Debug\OscTypes.obj
         Debug\ServiceBase.obj
         Debug\ServiceInstaller.obj
         Debug\TUIOService3.obj
         Debug\TuioClient.obj
         Debug\TuioTime.obj
         Debug\stdafx.obj
         "Debug\Tuio-to-Vmulti-Service-3.obj"
         "C:\Final Project\Drivers\Services\Service3\Debug\vmulticlient.lib"
     1>LINK : warning LNK4098: defaultlib 'LIBCMTD' conflicts with use of other libs; use /NODEFAULTLIB:library
       Manifest:
         C:\Program Files\Microsoft SDKs\Windows\v7.0A\bin\mt.exe /nologo /verbose /out:"Debug\Tuio-to-Vmulti-Service-3.exe.embed.manifest" /manifest "Debug\Tuio-to-Vmulti-Service-3.exe.intermediate.manifest"
         All outputs are up-to-date.
       LinkEmbedManifest:
         All outputs are up-to-date.
         Tuio-to-Vmulti-Service-3.vcxproj -> C:\Final Project\Drivers\Services\Service3\Tuio-to-Vmulti-Service-3\Debug\..\..\..\..\Executables\Tuio-to-Vmulti-Service-3.exe
       FinalizeBuildStatus:
         Deleting file "Debug\Tuio-to-Vmulti-Service-3.unsuccessfulbuild".
         Touching "Debug\Tuio-to-Vmulti-Service-3.lastbuildstate".
     1>Done Building Project "C:\Final Project\Drivers\Services\Service3\Tuio-to-Vmulti-Service-3\Tuio-to-Vmulti-Service-3.vcxproj" (build target(s)).

Build succeeded.

Time Elapsed 00:00:25.84
