Build started 10/18/2012 5:36:56 PM.
     1>Project "C:\Users\ecologylab\Documents\GitHub\WinTUIODriver\Services\Service4\Tuio-to-Vmulti-Service-4\Tuio-to-Vmulti-Service-4.vcxproj" on node 2 (build target(s)).
     1>InitializeBuildStatus:
         Creating "Release\Tuio-to-Vmulti-Service-4.unsuccessfulbuild" because "AlwaysCreate" was specified.
       ClCompile:
         All outputs are up-to-date.
         All outputs are up-to-date.
       Link:
         c:\Program Files (x86)\Microsoft Visual Studio 10.0\VC\bin\link.exe /ERRORREPORT:PROMPT /OUT:"Release\..\..\..\..\Executables\Tuio-to-Vmulti-Service-4.exe" /INCREMENTAL:NO /NOLOGO /LIBPATH:C:\WinDDK\7600.16385.1\lib\wxp\i386 hid.lib setupapi.lib ws2_32.lib WINMM.LIB kernel32.lib user32.lib gdi32.lib winspool.lib comdlg32.lib advapi32.lib shell32.lib ole32.lib oleaut32.lib uuid.lib odbc32.lib odbccp32.lib kernel32.lib user32.lib gdi32.lib winspool.lib comdlg32.lib advapi32.lib shell32.lib ole32.lib oleaut32.lib uuid.lib odbc32.lib odbccp32.lib kernel32.lib user32.lib gdi32.lib winspool.lib comdlg32.lib advapi32.lib shell32.lib ole32.lib oleaut32.lib uuid.lib odbc32.lib odbccp32.lib kernel32.lib user32.lib gdi32.lib winspool.lib comdlg32.lib advapi32.lib shell32.lib ole32.lib oleaut32.lib uuid.lib odbc32.lib odbccp32.lib kernel32.lib user32.lib gdi32.lib winspool.lib comdlg32.lib advapi32.lib shell32.lib ole32.lib oleaut32.lib uuid.lib odbc32.lib odbccp32.lib /MANIFEST /ManifestFile:"Release\Tuio-to-Vmulti-Service-4.exe.intermediate.manifest" /MANIFESTUAC:"level='asInvoker' uiAccess='false'" /DEBUG /PDB:"C:\Users\ecologylab\Documents\GitHub\WinTUIODriver\Executables\Tuio-to-Vmulti-Service-4.pdb" /SUBSYSTEM:CONSOLE /OPT:REF /OPT:ICF /LTCG /TLBID:1 /DYNAMICBASE /NXCOMPAT /IMPLIB:"Release\..\..\..\..\Executables\Tuio-to-Vmulti-Service-4.lib" /MACHINE:X86 Release\NetworkingUtils.obj
         Release\UdpSocket.obj
         Release\OscPrintReceivedElements.obj
         Release\OscReceivedElements.obj
         Release\OscTypes.obj
         Release\ServiceBase.obj
         Release\ServiceInstaller.obj
         Release\TUIOService4.obj
         Release\TuioClient.obj
         Release\TuioTime.obj
         Release\stdafx.obj
         "Release\Tuio-to-Vmulti-Service-4.obj"
         C:\Users\ecologylab\Documents\GitHub\WinTUIODriver\Services\Service4\Release\vmulticlient.lib
         Generating code
         Finished generating code
         Tuio-to-Vmulti-Service-4.vcxproj -> C:\Users\ecologylab\Documents\GitHub\WinTUIODriver\Services\Service4\Tuio-to-Vmulti-Service-4\Release\..\..\..\..\Executables\Tuio-to-Vmulti-Service-4.exe
       Manifest:
         C:\Program Files (x86)\Microsoft SDKs\Windows\v7.0A\bin\mt.exe /nologo /verbose /outputresource:"Release\..\..\..\..\Executables\Tuio-to-Vmulti-Service-4.exe;#1" /manifest "Release\Tuio-to-Vmulti-Service-4.exe.intermediate.manifest"
       FinalizeBuildStatus:
         Deleting file "Release\Tuio-to-Vmulti-Service-4.unsuccessfulbuild".
         Touching "Release\Tuio-to-Vmulti-Service-4.lastbuildstate".
     1>Done Building Project "C:\Users\ecologylab\Documents\GitHub\WinTUIODriver\Services\Service4\Tuio-to-Vmulti-Service-4\Tuio-to-Vmulti-Service-4.vcxproj" (build target(s)).

Build succeeded.

Time Elapsed 00:00:01.61
