BUILD: Computing Include file dependencies:
BUILD: Examining e:\18aug\vmulti1 directory tree for files to compile.
oacr invalidate root:x86fre /autocleanqueue
1>Building generated files in e:\18aug\vmulti1\sys *************
1>'nmake.exe /nologo BUILDMSG=Stop. -i BUILD_PASS=PASS0 NOLINK=1 PASS0ONLY=1 MAKEDIR_RELATIVE_TO_BASEDIR='
1>BUILDMSG: Processing e:\18aug\vmulti1\sys
1> copy .\vmultia.inx e:\18aug\vmulti1\sys\objfre_win7_x86\i386\vmultia.inf
1> 1 file(s) copied.
1> stampinf -f e:\18aug\vmulti1\sys\objfre_win7_x86\i386\vmultia.inf -a x86 -k 1.9
1>Using version information from C:\WinDDK\7600.16385.1\inc\api\ntverp.h
1>Stamping e:\18aug\vmulti1\sys\objfre_win7_x86\i386\vmultia.inf [Version] section with DriverVer=08/18/2012,6.1.7600.16385
BUILD: Examining e:\18aug\vmulti1 directory tree for files to compile. (2nd Pass)
1>Compiling e:\18aug\vmulti1\client *************
1>'nmake.exe /nologo BUILDMSG=Stop. -i /nologo /f c:\winddk\7600.16385.1\bin\makefile.def BUILD_PASS=PASS1 NOLINK=1 NOPASS0=1 MAKEDIR_RELATIVE_TO_BASEDIR='
1>BUILDMSG: _NT_TARGET_VERSION SET TO WINXP
1> C:\WinDDK\7600.16385.1\Bin\x86\oacr\oacrcl @e:\18aug\vmulti1\client\objfre_win7_x86\i386\cl.rsp
1>Microsoft (R) 32-bit C/C++ Optimizing Compiler Version 15.00.30729.207 for 80x86
1>Copyright (C) Microsoft Corporation.  All rights reserved.
1>cl /Fo"e:\18aug\vmulti1\client\objfre_win7_x86\i386/"
1> /FC
1> /Ii386
1> /I.
1> /I..\inc
1> /Ie:\18aug\vmulti1\client\objfre_win7_x86\i386
1> /IC:\WinDDK\7600.16385.1\inc\api
1> /IC:\WinDDK\7600.16385.1\inc\api
1> /IC:\WinDDK\7600.16385.1\inc\crt
1> /D_X86_=1
1> /Di386=1
1> /DSTD_CALL
1> /DCONDITION_HANDLING=1
1> /DNT_UP=1
1> /DNT_INST=0
1> /DWIN32=100
1> /D_NT1X_=100
1> /DWINNT=1
1> /D_WIN32_WINNT=0x0501
1> /DWINVER=0x0501
1> /D_WIN32_IE=0x0603
1> /DWIN32_LEAN_AND_MEAN=1
1> /DDEVL=1
1> /D__BUILDMACHINE__=WinDDK
1> /DFPO=0
1> /DNDEBUG
1> /D_DLL=1
1> /D_MT=1
1> /DNTDDI_VERSION=0x05010200
1> /DPSAPI_VERSION=1
1> /c
1> /Zc:wchar_t-
1> /Zl
1> /Zp8
1> /Gy
1> /Gm-
1> /W3
1> /WX
1> /Gz
1> /hotpatch
1> /EHs-c-
1> /GR-
1> /GF
1> /GS
1> /Z7
1> /Oxs
1> /Oy-
1> /Z7
1> /DKMDF_MAJOR_VERSION_STRING=01
1> /DKMDF_MINOR_VERSION_STRING=009
1> /wd4603
1> /wd4627
1> /typedil-
1> /FIC:\WinDDK\7600.16385.1\inc\api\warning.h
1> .\client.c 
1>client.c
1> C:\WinDDK\7600.16385.1\Bin\x86\oacr\oacrlink /lib /out:e:\18aug\vmulti1\client\objfre_win7_x86\i386\vmultiaclient.lib /IGNORE:4198,4010,4037,4039,4065,4070,4078,4087,4089,4221  /WX /nodefaultlib /machine:ix86 @e:\18aug\vmulti1\client\objfre_win7_x86\i386\lib.rsp
1>Microsoft (R) Library Manager Version 9.00.30729.207
1>Copyright (C) Microsoft Corporation.  All rights reserved.
1>e:\18aug\vmulti1\client\objfre_win7_x86\i386\client.obj 
1>Compiling and Linking e:\18aug\vmulti1\hidmapper *************
1>'nmake.exe /nologo BUILDMSG=Stop. -i BUILD_PASS=PASS2 LINKONLY=1 NOPASS0=1 MAKEDIR_RELATIVE_TO_BASEDIR='
1> rc.exe -l 409 -DSXS_PROCESSOR_ARCHITECTURE="""x86"""  -DSXS_TARGET="""hidkmdf.sys"""   -DSYSTEM_COMPATIBLE_ASSEMBLY_NAME="""Microsoft.Windows.SystemCompatible"""  -DLSYSTEM_COMPATIBLE_ASSEMBLY_NAME=L"""Microsoft.Windows.SystemCompatible"""   -DSXS_ASSEMBLY_VERSION=""""""  /r /fo e:\18aug\vmulti1\hidmapper\objfre_win7_x86\i386\hidkmdf.res /D_X86_=1 /Di386=1  /DSTD_CALL /DCONDITION_HANDLING=1 /DNT_UP=1  /DNT_INST=0 /DWIN32=100 /D_NT1X_=100 /DWINNT=1 /D_WIN32_WINNT=0x0601 /DWINVER=0x0601 /D_WIN32_IE=0x0800    /DWIN32_LEAN_AND_MEAN=1  /DDEVL=1 /D__BUILDMACHINE__=WinDDK /DFPO=0  /DNDEBUG /D_DLL=1 /DNDEBUG  /DNTDDI_VERSION=0x06010000   /Ie:\18aug\vmulti1\hidmapper\objfre_win7_x86\i386 /IC:\WinDDK\7600.16385.1\inc\api /IC:\WinDDK\7600.16385.1\inc\api /IC:\WinDDK\7600.16385.1\inc\ddk /IC:\WinDDK\7600.16385.1\inc\ddk /IC:\WinDDK\7600.16385.1\inc\crt .\hidkmdf.rc
1>Microsoft (R) Windows (R) Resource Compiler Version 6.1.6908.0
1>Copyright (C) Microsoft Corporation.  All rights reserved.
1> C:\WinDDK\7600.16385.1\Bin\x86\oacr\oacrcl @e:\18aug\vmulti1\hidmapper\objfre_win7_x86\i386\cl.rsp
1>Microsoft (R) 32-bit C/C++ Optimizing Compiler Version 15.00.30729.207 for 80x86
1>Copyright (C) Microsoft Corporation.  All rights reserved.
1>cl /Fo"e:\18aug\vmulti1\hidmapper\objfre_win7_x86\i386/"
1> /FC
1> /Ii386
1> /I.
1> /Ie:\18aug\vmulti1\hidmapper\objfre_win7_x86\i386
1> /IC:\WinDDK\7600.16385.1\inc\api
1> /IC:\WinDDK\7600.16385.1\inc\api
1> /IC:\WinDDK\7600.16385.1\inc\ddk
1> /IC:\WinDDK\7600.16385.1\inc\ddk
1> /IC:\WinDDK\7600.16385.1\inc\crt
1> /D_X86_=1
1> /Di386=1
1> /DSTD_CALL
1> /DCONDITION_HANDLING=1
1> /DNT_UP=1
1> /DNT_INST=0
1> /DWIN32=100
1> /D_NT1X_=100
1> /DWINNT=1
1> /D_WIN32_WINNT=0x0601
1> /DWINVER=0x0601
1> /D_WIN32_IE=0x0800
1> /DWIN32_LEAN_AND_MEAN=1
1> /DDEVL=1
1> /D__BUILDMACHINE__=WinDDK
1> /DFPO=0
1> /DNDEBUG
1> /D_DLL=1
1> /DNDEBUG
1> /DNTDDI_VERSION=0x06010000
1> /c
1> /Zc:wchar_t-
1> /Zl
1> /Zp8
1> /Gy
1> /Gm-
1> -cbstring
1> /W3
1> /WX
1> /Gz
1> /hotpatch
1> /EHs-c-
1> /GR-
1> /GF
1> /GS
1> /Zi
1> /Oxs
1> /Oy-
1> /Zi
1> /Fde:\18aug\vmulti1\hidmapper\objfre_win7_x86\i386\
1> /DKMDF_MAJOR_VERSION_STRING=01
1> /DKMDF_MINOR_VERSION_STRING=009
1> /wd4603
1> /wd4627
1> /typedil-
1> /FIC:\WinDDK\7600.16385.1\inc\api\warning.h
1> .\hidkmdf.c 
1>hidkmdf.c
1> C:\WinDDK\7600.16385.1\Bin\x86\oacr\oacrlink /out:e:\18aug\vmulti1\hidmapper\objfre_win7_x86\i386\hidkmdf.sys /machine:ix86 @e:\18aug\vmulti1\hidmapper\objfre_win7_x86\i386\lnk.rsp
1>Microsoft (R) Incremental Linker Version 9.00.30729.207
1>Copyright (C) Microsoft Corporation.  All rights reserved.
1>/MERGE:_PAGE=PAGE 
1>/MERGE:_TEXT=.text 
1>/SECTION:INIT,d 
1>/OPT:REF 
1>/OPT:ICF 
1>/IGNORE:4198,4010,4037,4039,4065,4070,4078,4087,4089,4221 
1>/INCREMENTAL:NO 
1>/release 
1>/NODEFAULTLIB 
1>/WX 
1>/debug 
1>/debugtype:cv,fixup,pdata 
1>/version:6.1 
1>/osversion:6.1 
1>/functionpadmin:5 
1>/safeseh 
1>/pdbcompress 
1>/STACK:0x40000,0x1000 
1>/driver 
1>/base:0x10000 
1>/subsystem:native,6.01 
1>/entry:GsDriverEntry@8 
1>/out:e:\18aug\vmulti1\hidmapper\objfre_win7_x86\i386\hidkmdf.sys 
1>e:\18aug\vmulti1\hidmapper\objfre_win7_x86\i386\hidkmdf.res 
1>e:\18aug\vmulti1\hidmapper\objfre_win7_x86\i386\hidkmdf.obj 
1>C:\WinDDK\7600.16385.1\lib\win7\i386\BufferOverflowK.lib 
1>C:\WinDDK\7600.16385.1\lib\win7\i386\ntoskrnl.lib 
1>C:\WinDDK\7600.16385.1\lib\win7\i386\hal.lib 
1>C:\WinDDK\7600.16385.1\lib\win7\i386\wmilib.lib 
1>C:\WinDDK\7600.16385.1\lib\win7\i386\hidclass.lib 
1>Compiling and Linking e:\18aug\vmulti1\sys *************
1>'nmake.exe /nologo BUILDMSG=Stop. -i BUILD_PASS=PASS2 LINKONLY=1 NOPASS0=1 MAKEDIR_RELATIVE_TO_BASEDIR='
1> rc.exe -l 409 -DSXS_PROCESSOR_ARCHITECTURE="""x86"""  -DSXS_TARGET="""vmultia.sys"""   -DSYSTEM_COMPATIBLE_ASSEMBLY_NAME="""Microsoft.Windows.SystemCompatible"""  -DLSYSTEM_COMPATIBLE_ASSEMBLY_NAME=L"""Microsoft.Windows.SystemCompatible"""   -DSXS_ASSEMBLY_VERSION=""""""  /r /fo e:\18aug\vmulti1\sys\objfre_win7_x86\i386\vmultia.res /D_X86_=1 /Di386=1  /DSTD_CALL /DCONDITION_HANDLING=1 /DNT_UP=1  /DNT_INST=0 /DWIN32=100 /D_NT1X_=100 /DWINNT=1 /D_WIN32_WINNT=0x0601 /DWINVER=0x0601 /D_WIN32_IE=0x0800    /DWIN32_LEAN_AND_MEAN=1  /DDEVL=1 /D__BUILDMACHINE__=WinDDK /DFPO=0  /DNDEBUG /D_DLL=1 /DNDEBUG  /DNTDDI_VERSION=0x06010000   /I..\inc /Ie:\18aug\vmulti1\sys\objfre_win7_x86\i386 /IC:\WinDDK\7600.16385.1\inc\api /IC:\WinDDK\7600.16385.1\inc\api /IC:\WinDDK\7600.16385.1\inc\ddk /IC:\WinDDK\7600.16385.1\inc\ddk /IC:\WinDDK\7600.16385.1\inc\wdf\kmdf\1.9 /IC:\WinDDK\7600.16385.1\inc\crt .\vmultia.rc
1>Microsoft (R) Windows (R) Resource Compiler Version 6.1.6908.0
1>Copyright (C) Microsoft Corporation.  All rights reserved.
1> C:\WinDDK\7600.16385.1\Bin\x86\oacr\oacrcl @e:\18aug\vmulti1\sys\objfre_win7_x86\i386\cl.rsp
1>Microsoft (R) 32-bit C/C++ Optimizing Compiler Version 15.00.30729.207 for 80x86
1>Copyright (C) Microsoft Corporation.  All rights reserved.
1>cl /Fo"e:\18aug\vmulti1\sys\objfre_win7_x86\i386/"
1> /FC
1> /Ii386
1> /I.
1> /I..\inc
1> /Ie:\18aug\vmulti1\sys\objfre_win7_x86\i386
1> /IC:\WinDDK\7600.16385.1\inc\api
1> /IC:\WinDDK\7600.16385.1\inc\api
1> /IC:\WinDDK\7600.16385.1\inc\ddk
1> /IC:\WinDDK\7600.16385.1\inc\ddk
1> /IC:\WinDDK\7600.16385.1\inc\wdf\kmdf\1.9
1> /IC:\WinDDK\7600.16385.1\inc\crt
1> /D_X86_=1
1> /Di386=1
1> /DSTD_CALL
1> /DCONDITION_HANDLING=1
1> /DNT_UP=1
1> /DNT_INST=0
1> /DWIN32=100
1> /D_NT1X_=100
1> /DWINNT=1
1> /D_WIN32_WINNT=0x0601
1> /DWINVER=0x0601
1> /D_WIN32_IE=0x0800
1> /DWIN32_LEAN_AND_MEAN=1
1> /DDEVL=1
1> /D__BUILDMACHINE__=WinDDK
1> /DFPO=0
1> /DNDEBUG
1> /D_DLL=1
1> /DNDEBUG
1> /DNTDDI_VERSION=0x06010000
1> /c
1> /Zc:wchar_t-
1> /Zl
1> /Zp8
1> /Gy
1> /Gm-
1> -cbstring
1> /W3
1> /WX
1> /Gz
1> /hotpatch
1> /EHs-c-
1> /GR-
1> /GF
1> /GS
1> /Zi
1> /Oxs
1> /Oy-
1> /Zi
1> /Fde:\18aug\vmulti1\sys\objfre_win7_x86\i386\
1> /DKMDF_MAJOR_VERSION=1
1> /DKMDF_MINOR_VERSION=9
1> /DKMDF_MAJOR_VERSION_STRING=01
1> /DKMDF_MINOR_VERSION_STRING=009
1> /wd4603
1> /wd4627
1> /typedil-
1> /FIC:\WinDDK\7600.16385.1\inc\api\warning.h
1> .\vmultia.c 
1>vmultia.c
1> C:\WinDDK\7600.16385.1\Bin\x86\oacr\oacrlink /out:e:\18aug\vmulti1\sys\objfre_win7_x86\i386\vmultia.sys /machine:ix86 @e:\18aug\vmulti1\sys\objfre_win7_x86\i386\lnk.rsp
1>Microsoft (R) Incremental Linker Version 9.00.30729.207
1>Copyright (C) Microsoft Corporation.  All rights reserved.
1>/MERGE:_PAGE=PAGE 
1>/MERGE:_TEXT=.text 
1>/SECTION:INIT,d 
1>/OPT:REF 
1>/OPT:ICF 
1>/IGNORE:4198,4010,4037,4039,4065,4070,4078,4087,4089,4221 
1>/INCREMENTAL:NO 
1>/release 
1>/NODEFAULTLIB 
1>/WX 
1>/debug 
1>/debugtype:cv,fixup,pdata 
1>/version:6.1 
1>/osversion:6.1 
1>/functionpadmin:5 
1>/safeseh 
1>/pdbcompress 
1>/STACK:0x40000,0x1000 
1>/driver 
1>/base:0x10000 
1>/subsystem:native,6.01 
1>/entry:FxDriverEntry@8 
1>/out:e:\18aug\vmulti1\sys\objfre_win7_x86\i386\vmultia.sys 
1>e:\18aug\vmulti1\sys\objfre_win7_x86\i386\vmultia.res 
1>e:\18aug\vmulti1\sys\objfre_win7_x86\i386\vmultia.obj 
1>C:\WinDDK\7600.16385.1\lib\win7\i386\BufferOverflowK.lib 
1>C:\WinDDK\7600.16385.1\lib\win7\i386\ntoskrnl.lib 
1>C:\WinDDK\7600.16385.1\lib\win7\i386\hal.lib 
1>C:\WinDDK\7600.16385.1\lib\win7\i386\wmilib.lib 
1>C:\WinDDK\7600.16385.1\lib\wdf\kmdf\i386\1.9\WdfLdr.lib 
1>C:\WinDDK\7600.16385.1\lib\wdf\kmdf\i386\1.9\WdfDriverEntry.lib 
1>C:\WinDDK\7600.16385.1\lib\win7\i386\hidclass.lib 
1>C:\WinDDK\7600.16385.1\lib\win7\i386\ntstrsafe.lib 
1>Compiling and Linking e:\18aug\vmulti1\test *************
1>'nmake.exe /nologo BUILDMSG=Stop. -i BUILD_PASS=PASS2 LINKONLY=1 NOPASS0=1 MAKEDIR_RELATIVE_TO_BASEDIR='
1>BUILDMSG: _NT_TARGET_VERSION SET TO WINXP
1> rc.exe -l 409 -DSXS_PROCESSOR_ARCHITECTURE="""x86"""  -DSXS_TARGET="""testvmultia.exe"""   -DSYSTEM_COMPATIBLE_ASSEMBLY_NAME="""Microsoft.Windows.SystemCompatible"""  -DLSYSTEM_COMPATIBLE_ASSEMBLY_NAME=L"""Microsoft.Windows.SystemCompatible"""   -DSXS_ASSEMBLY_VERSION=""""""  /r /fo e:\18aug\vmulti1\test\objfre_win7_x86\i386\testvmultia.res /D_X86_=1 /Di386=1  /DSTD_CALL /DCONDITION_HANDLING=1 /DNT_UP=1  /DNT_INST=0 /DWIN32=100 /D_NT1X_=100 /DWINNT=1 /D_WIN32_WINNT=0x0501 /DWINVER=0x0501 /D_WIN32_IE=0x0603    /DWIN32_LEAN_AND_MEAN=1  /DDEVL=1 /D__BUILDMACHINE__=WinDDK /DFPO=0  /DNDEBUG /D_DLL=1 /D_MT=1  /DNTDDI_VERSION=0x05010200 /DPSAPI_VERSION=1   /I..\inc /Ie:\18aug\vmulti1\test\objfre_win7_x86\i386 /IC:\WinDDK\7600.16385.1\inc\api /IC:\WinDDK\7600.16385.1\inc\api /IC:\WinDDK\7600.16385.1\inc\crt .\testvmultia.rc
1>Microsoft (R) Windows (R) Resource Compiler Version 6.1.6908.0
1>Copyright (C) Microsoft Corporation.  All rights reserved.
1> C:\WinDDK\7600.16385.1\Bin\x86\oacr\oacrcl @e:\18aug\vmulti1\test\objfre_win7_x86\i386\cl.rsp
1>Microsoft (R) 32-bit C/C++ Optimizing Compiler Version 15.00.30729.207 for 80x86
1>Copyright (C) Microsoft Corporation.  All rights reserved.
1>cl /Fo"e:\18aug\vmulti1\test\objfre_win7_x86\i386/"
1> /FC
1> /Ii386
1> /I.
1> /I..\inc
1> /Ie:\18aug\vmulti1\test\objfre_win7_x86\i386
1> /IC:\WinDDK\7600.16385.1\inc\api
1> /IC:\WinDDK\7600.16385.1\inc\api
1> /IC:\WinDDK\7600.16385.1\inc\crt
1> /D_X86_=1
1> /Di386=1
1> /DSTD_CALL
1> /DCONDITION_HANDLING=1
1> /DNT_UP=1
1> /DNT_INST=0
1> /DWIN32=100
1> /D_NT1X_=100
1> /DWINNT=1
1> /D_WIN32_WINNT=0x0501
1> /DWINVER=0x0501
1> /D_WIN32_IE=0x0603
1> /DWIN32_LEAN_AND_MEAN=1
1> /DDEVL=1
1> /D__BUILDMACHINE__=WinDDK
1> /DFPO=0
1> /DNDEBUG
1> /D_DLL=1
1> /D_MT=1
1> /DNTDDI_VERSION=0x05010200
1> /DPSAPI_VERSION=1
1> /c
1> /Zc:wchar_t-
1> /Zl
1> /Zp8
1> /Gy
1> /Gm-
1> /W3
1> /WX
1> /Gz
1> /hotpatch
1> /EHs-c-
1> /GR-
1> /GF
1> /GS
1> /Zi
1> /Oxs
1> /Oy-
1> /Zi
1> /Fde:\18aug\vmulti1\test\objfre_win7_x86\i386\
1> /DKMDF_MAJOR_VERSION_STRING=01
1> /DKMDF_MINOR_VERSION_STRING=009
1> /wd4603
1> /wd4627
1> /typedil-
1> /FIC:\WinDDK\7600.16385.1\inc\api\warning.h
1> .\testvmultia.c 
1>testvmultia.c
1> C:\WinDDK\7600.16385.1\Bin\x86\oacr\oacrlink /out:e:\18aug\vmulti1\test\objfre_win7_x86\i386\testvmultia.exe /machine:ix86 @e:\18aug\vmulti1\test\objfre_win7_x86\i386\lnk.rsp
1>Microsoft (R) Incremental Linker Version 9.00.30729.207
1>Copyright (C) Microsoft Corporation.  All rights reserved.
1>/MERGE:_PAGE=PAGE 
1>/MERGE:_TEXT=.text 
1>/SECTION:INIT,d 
1>/OPT:REF 
1>/OPT:ICF 
1>/IGNORE:4198,4010,4037,4039,4065,4070,4078,4087,4089,4221 
1>/INCREMENTAL:NO 
1>/release 
1>/NODEFAULTLIB 
1>/WX 
1>/debug 
1>/debugtype:cv,fixup,pdata 
1>/version:6.1 
1>/osversion:6.1 
1>/functionpadmin:5 
1>/safeseh 
1>/nxcompat 
1>/merge:.rdata=.text 
1>/pdbcompress 
1>/STACK:0x40000,0x2000 
1>/tsaware 
1>/dynamicbase 
1>/subsystem:console,5.01 
1>/base:0x400000 
1>/entry:mainCRTStartup 
1>e:\18aug\vmulti1\test\objfre_win7_x86\i386\testvmultia.res 
1>e:\18aug\vmulti1\test\objfre_win7_x86\i386\testvmultia.obj 
1>c:\winddk\7600.16385.1\lib\wxp\i386\advapi32.lib 
1>c:\winddk\7600.16385.1\lib\wxp\i386\kernel32.lib 
1>c:\winddk\7600.16385.1\lib\wxp\i386\msvcrt_winxp.obj 
1>C:\WinDDK\7600.16385.1\lib\crt\i386\msvcrt.lib 
1>c:\winddk\7600.16385.1\lib\wxp\i386\hid.lib 
1>c:\winddk\7600.16385.1\lib\wxp\i386\setupapi.lib 
1>c:\winddk\7600.16385.1\lib\wxp\i386\comdlg32.lib 
1>e:\18aug\vmulti1\test\..\client\objfre_win7_x86\i386\vmultiaclient.lib 
1>c:\winddk\7600.16385.1\lib\wxp\i386\sehupd.lib 
