C:\Users\ecologylab\Documents\GitHub\WinTUIODriver\Services\Service1\Tuio-to-Vmulti-Service-1\Release\..\..\..\..\Executables\Tuio-to-Vmulti-Service-1.exe
C:\Users\ecologylab\Documents\GitHub\WinTUIODriver\Services\Service1\Tuio-to-Vmulti-Service-1\Release\cl.command.1.tlog
C:\Users\ecologylab\Documents\GitHub\WinTUIODriver\Services\Service1\Tuio-to-Vmulti-Service-1\Release\CL.read.1.tlog
C:\Users\ecologylab\Documents\GitHub\WinTUIODriver\Services\Service1\Tuio-to-Vmulti-Service-1\Release\CL.write.1.tlog
C:\Users\ecologylab\Documents\GitHub\WinTUIODriver\Services\Service1\Tuio-to-Vmulti-Service-1\Release\link.command.1.tlog
C:\Users\ecologylab\Documents\GitHub\WinTUIODriver\Services\Service1\Tuio-to-Vmulti-Service-1\Release\link.read.1.tlog
C:\USERS\ECOLOGYLAB\DOCUMENTS\GITHUB\WINTUIODRIVER\SERVICES\SERVICE1\TUIO-TO-VMULTI-SERVICE-1\RELEASE\NETWORKINGUTILS.OBJ
C:\USERS\ECOLOGYLAB\DOCUMENTS\GITHUB\WINTUIODRIVER\SERVICES\SERVICE1\TUIO-TO-VMULTI-SERVICE-1\RELEASE\OSCPRINTRECEIVEDELEMENTS.OBJ
C:\USERS\ECOLOGYLAB\DOCUMENTS\GITHUB\WINTUIODRIVER\SERVICES\SERVICE1\TUIO-TO-VMULTI-SERVICE-1\RELEASE\OSCRECEIVEDELEMENTS.OBJ
C:\USERS\ECOLOGYLAB\DOCUMENTS\GITHUB\WINTUIODRIVER\SERVICES\SERVICE1\TUIO-TO-VMULTI-SERVICE-1\RELEASE\OSCTYPES.OBJ
C:\Users\ecologylab\Documents\GitHub\WinTUIODriver\Services\Service1\Tuio-to-Vmulti-Service-1\Release\rc.command.1.tlog
C:\Users\ecologylab\Documents\GitHub\WinTUIODriver\Services\Service1\Tuio-to-Vmulti-Service-1\Release\rc.read.1.tlog
C:\Users\ecologylab\Documents\GitHub\WinTUIODriver\Services\Service1\Tuio-to-Vmulti-Service-1\Release\rc.write.1.tlog
C:\USERS\ECOLOGYLAB\DOCUMENTS\GITHUB\WINTUIODRIVER\SERVICES\SERVICE1\TUIO-TO-VMULTI-SERVICE-1\RELEASE\SERVICEBASE.OBJ
C:\USERS\ECOLOGYLAB\DOCUMENTS\GITHUB\WINTUIODRIVER\SERVICES\SERVICE1\TUIO-TO-VMULTI-SERVICE-1\RELEASE\SERVICEINSTALLER.OBJ
C:\USERS\ECOLOGYLAB\DOCUMENTS\GITHUB\WINTUIODRIVER\SERVICES\SERVICE1\TUIO-TO-VMULTI-SERVICE-1\RELEASE\TUIOCLIENT.OBJ
C:\USERS\ECOLOGYLAB\DOCUMENTS\GITHUB\WINTUIODRIVER\SERVICES\SERVICE1\TUIO-TO-VMULTI-SERVICE-1\RELEASE\TUIOSERVICE1.OBJ
C:\USERS\ECOLOGYLAB\DOCUMENTS\GITHUB\WINTUIODRIVER\SERVICES\SERVICE1\TUIO-TO-VMULTI-SERVICE-1\RELEASE\TUIOTIME.OBJ
C:\Users\ecologylab\Documents\GitHub\WinTUIODriver\Services\Service1\Tuio-to-Vmulti-Service-1\Release\Tuio-to-Vmulti-Service-1.exe.embed.manifest
C:\USERS\ECOLOGYLAB\DOCUMENTS\GITHUB\WINTUIODRIVER\SERVICES\SERVICE1\TUIO-TO-VMULTI-SERVICE-1\RELEASE\TUIO-TO-VMULTI-SERVICE-1.EXE.EMBED.MANIFEST.RES
C:\USERS\ECOLOGYLAB\DOCUMENTS\GITHUB\WINTUIODRIVER\SERVICES\SERVICE1\TUIO-TO-VMULTI-SERVICE-1\RELEASE\TUIO-TO-VMULTI-SERVICE-1.OBJ
C:\Users\ecologylab\Documents\GitHub\WinTUIODriver\Services\Service1\Tuio-to-Vmulti-Service-1\Release\Tuio-to-Vmulti-Service-1.write.1.tlog
C:\Users\ecologylab\Documents\GitHub\WinTUIODriver\Services\Service1\Tuio-to-Vmulti-Service-1\Release\Tuio-to-Vmulti-Service-1_manifest.rc
C:\USERS\ECOLOGYLAB\DOCUMENTS\GITHUB\WINTUIODRIVER\SERVICES\SERVICE1\TUIO-TO-VMULTI-SERVICE-1\RELEASE\UDPSOCKET.OBJ
C:\USERS\ECOLOGYLAB\DOCUMENTS\GITHUB\WINTUIODRIVER\SERVICES\SERVICE1\TUIO-TO-VMULTI-SERVICE-1\RELEASE\VC100.PDB
