Build started 10/19/2012 4:52:40 PM.
     1>Project "C:\Users\ecologylab\Documents\GitHub\WinTUIODriver\Services\Service2\Tuio-to-Vmulti-Service-2\Tuio-to-Vmulti-Service-2.vcxproj" on node 3 (rebuild target(s)).
     1>_PrepareForClean:
         Deleting file "Release\Tuio-to-Vmulti-Service-2.lastbuildstate".
       InitializeBuildStatus:
         Creating "Release\Tuio-to-Vmulti-Service-2.unsuccessfulbuild" because "AlwaysCreate" was specified.
       ClCompile:
         c:\Program Files (x86)\Microsoft Visual Studio 10.0\VC\bin\CL.exe /c /I..\TuioListener\TUIO /I..\TuioListener\oscpack /I..\inc /I..\TuioListener /Zi /nologo /W3 /WX- /O2 /Oi /Oy- /GL /D WIN32 /D NDEBUG /D _CONSOLE /D _UNICODE /D UNICODE /Gm- /EHsc /MD /GS /Gy /fp:precise /Zc:wchar_t /Zc:forScope /Yc"StdAfx.h" /Fp"Release\Tuio-to-Vmulti-Service-2.pch" /Fo"Release\\" /Fd"Release\vc100.pdb" /Gd /TP /analyze- /errorReport:prompt stdafx.cpp
         stdafx.cpp
         c:\Program Files (x86)\Microsoft Visual Studio 10.0\VC\bin\CL.exe /c /I..\TuioListener\TUIO /I..\TuioListener\oscpack /I..\inc /I..\TuioListener /Zi /nologo /W3 /WX- /O2 /Oi /Oy- /GL /D WIN32 /D NDEBUG /D _CONSOLE /D _UNICODE /D UNICODE /Gm- /EHsc /MD /GS /Gy /fp:precise /Zc:wchar_t /Zc:forScope /Fo"Release\\" /Fd"Release\vc100.pdb" /Gd /TP /analyze- /errorReport:prompt ..\TuioListener\oscpack\ip\win32\NetworkingUtils.cpp ..\TuioListener\oscpack\ip\win32\UdpSocket.cpp ..\TuioListener\oscpack\osc\OscPrintReceivedElements.cpp ..\TuioListener\oscpack\osc\OscReceivedElements.cpp ..\TuioListener\oscpack\osc\OscTypes.cpp ..\TuioListener\ServiceBase.cpp ..\TuioListener\ServiceInstaller.cpp ..\TuioListener\TUIOService2.cpp ..\TuioListener\TUIO\TuioClient.cpp ..\TuioListener\TUIO\TuioTime.cpp "Tuio-to-Vmulti-Service-2.cpp"
         NetworkingUtils.cpp
         UdpSocket.cpp
         OscPrintReceivedElements.cpp
     1>..\TuioListener\oscpack\osc\OscPrintReceivedElements.cpp(117): warning C4996: 'ctime': This function or variable may be unsafe. Consider using ctime_s instead. To disable deprecation, use _CRT_SECURE_NO_WARNINGS. See online help for details.
                 c:\Program Files (x86)\Microsoft Visual Studio 10.0\VC\include\time.inl(86) : see declaration of 'ctime'
     1>..\TuioListener\oscpack\osc\OscPrintReceivedElements.cpp(120): warning C4996: 'strcpy': This function or variable may be unsafe. Consider using strcpy_s instead. To disable deprecation, use _CRT_SECURE_NO_WARNINGS. See online help for details.
                 c:\Program Files (x86)\Microsoft Visual Studio 10.0\VC\include\string.h(105) : see declaration of 'strcpy'
         OscReceivedElements.cpp
         OscTypes.cpp
         ServiceBase.cpp
     1>c:\Program Files (x86)\Microsoft Visual Studio 10.0\VC\include\cstdio(48): warning C4995: 'gets': name was marked as #pragma deprecated
     1>c:\Program Files (x86)\Microsoft Visual Studio 10.0\VC\include\cstdio(52): warning C4995: 'sprintf': name was marked as #pragma deprecated
     1>c:\Program Files (x86)\Microsoft Visual Studio 10.0\VC\include\cstdio(55): warning C4995: 'vsprintf': name was marked as #pragma deprecated
     1>c:\Program Files (x86)\Microsoft Visual Studio 10.0\VC\include\cstring(21): warning C4995: 'strcat': name was marked as #pragma deprecated
     1>c:\Program Files (x86)\Microsoft Visual Studio 10.0\VC\include\cstring(22): warning C4995: 'strcpy': name was marked as #pragma deprecated
     1>c:\Program Files (x86)\Microsoft Visual Studio 10.0\VC\include\cwchar(30): warning C4995: 'swprintf': name was marked as #pragma deprecated
     1>c:\Program Files (x86)\Microsoft Visual Studio 10.0\VC\include\cwchar(31): warning C4995: 'vswprintf': name was marked as #pragma deprecated
     1>c:\Program Files (x86)\Microsoft Visual Studio 10.0\VC\include\cwchar(33): warning C4995: 'wcscat': name was marked as #pragma deprecated
     1>c:\Program Files (x86)\Microsoft Visual Studio 10.0\VC\include\cwchar(35): warning C4995: 'wcscpy': name was marked as #pragma deprecated
         ServiceInstaller.cpp
         TUIOService2.cpp
         TuioClient.cpp
     1>..\TuioListener\TUIO\TuioClient.cpp(83): warning C4101: 'e' : unreferenced local variable
         TuioTime.cpp
         Tuio-to-Vmulti-Service-2.cpp
       ManifestResourceCompile:
         C:\Program Files (x86)\Microsoft SDKs\Windows\v7.0A\bin\rc.exe /nologo /fo"Release\Tuio-to-Vmulti-Service-2.exe.embed.manifest.res" Release\Tuio-to-Vmulti-Service-2_manifest.rc 
       Link:
         c:\Program Files (x86)\Microsoft Visual Studio 10.0\VC\bin\link.exe /ERRORREPORT:PROMPT /OUT:"Release\..\..\..\..\Executables\Tuio-to-Vmulti-Service-2.exe" /INCREMENTAL /NOLOGO /LIBPATH:C:\WinDDK\7600.16385.1\lib\wxp\i386 hid.lib setupapi.lib ws2_32.lib WINMM.LIB kernel32.lib user32.lib gdi32.lib winspool.lib comdlg32.lib advapi32.lib shell32.lib ole32.lib oleaut32.lib uuid.lib odbc32.lib odbccp32.lib kernel32.lib user32.lib gdi32.lib winspool.lib comdlg32.lib advapi32.lib shell32.lib ole32.lib oleaut32.lib uuid.lib odbc32.lib odbccp32.lib kernel32.lib user32.lib gdi32.lib winspool.lib comdlg32.lib advapi32.lib shell32.lib ole32.lib oleaut32.lib uuid.lib odbc32.lib odbccp32.lib kernel32.lib user32.lib gdi32.lib winspool.lib comdlg32.lib advapi32.lib shell32.lib ole32.lib oleaut32.lib uuid.lib odbc32.lib odbccp32.lib kernel32.lib user32.lib gdi32.lib winspool.lib comdlg32.lib advapi32.lib shell32.lib ole32.lib oleaut32.lib uuid.lib odbc32.lib odbccp32.lib /MANIFEST /ManifestFile:"Release\Tuio-to-Vmulti-Service-2.exe.intermediate.manifest" /MANIFESTUAC:"level='asInvoker' uiAccess='false'" /DEBUG /PDB:"C:\Users\ecologylab\Documents\GitHub\WinTUIODriver\Executables\Tuio-to-Vmulti-Service-2.pdb" /SUBSYSTEM:CONSOLE /OPT:REF /OPT:ICF /LTCG /TLBID:1 /DYNAMICBASE /NXCOMPAT /IMPLIB:"Release\..\..\..\..\Executables\Tuio-to-Vmulti-Service-2.lib" /MACHINE:X86 "Release\Tuio-to-Vmulti-Service-2.exe.embed.manifest.res"
         Release\NetworkingUtils.obj
         Release\UdpSocket.obj
         Release\OscPrintReceivedElements.obj
         Release\OscReceivedElements.obj
         Release\OscTypes.obj
         Release\ServiceBase.obj
         Release\ServiceInstaller.obj
         Release\TUIOService2.obj
         Release\TuioClient.obj
         Release\TuioTime.obj
         Release\stdafx.obj
         "Release\Tuio-to-Vmulti-Service-2.obj"
         C:\Users\ecologylab\Documents\GitHub\WinTUIODriver\Services\Service2\Release\vmulticlient.lib
     1>LINK : warning LNK4075: ignoring '/INCREMENTAL' due to '/LTCG' specification
         Generating code
         Finished generating code
       Manifest:
         Deleting file "Release\Tuio-to-Vmulti-Service-2.exe.embed.manifest".
         C:\Program Files (x86)\Microsoft SDKs\Windows\v7.0A\bin\mt.exe /nologo /verbose /out:"Release\Tuio-to-Vmulti-Service-2.exe.embed.manifest" /manifest "Release\Tuio-to-Vmulti-Service-2.exe.intermediate.manifest"
         C:\Program Files (x86)\Microsoft SDKs\Windows\v7.0A\bin\rc.exe /nologo /fo"Release\Tuio-to-Vmulti-Service-2.exe.embed.manifest.res" Release\Tuio-to-Vmulti-Service-2_manifest.rc 
       LinkEmbedManifest:
         c:\Program Files (x86)\Microsoft Visual Studio 10.0\VC\bin\link.exe /ERRORREPORT:PROMPT /OUT:"Release\..\..\..\..\Executables\Tuio-to-Vmulti-Service-2.exe" /INCREMENTAL /NOLOGO /LIBPATH:C:\WinDDK\7600.16385.1\lib\wxp\i386 hid.lib setupapi.lib ws2_32.lib WINMM.LIB kernel32.lib user32.lib gdi32.lib winspool.lib comdlg32.lib advapi32.lib shell32.lib ole32.lib oleaut32.lib uuid.lib odbc32.lib odbccp32.lib kernel32.lib user32.lib gdi32.lib winspool.lib comdlg32.lib advapi32.lib shell32.lib ole32.lib oleaut32.lib uuid.lib odbc32.lib odbccp32.lib kernel32.lib user32.lib gdi32.lib winspool.lib comdlg32.lib advapi32.lib shell32.lib ole32.lib oleaut32.lib uuid.lib odbc32.lib odbccp32.lib kernel32.lib user32.lib gdi32.lib winspool.lib comdlg32.lib advapi32.lib shell32.lib ole32.lib oleaut32.lib uuid.lib odbc32.lib odbccp32.lib kernel32.lib user32.lib gdi32.lib winspool.lib comdlg32.lib advapi32.lib shell32.lib ole32.lib oleaut32.lib uuid.lib odbc32.lib odbccp32.lib /MANIFEST /ManifestFile:"Release\Tuio-to-Vmulti-Service-2.exe.intermediate.manifest" /MANIFESTUAC:"level='asInvoker' uiAccess='false'" /DEBUG /PDB:"C:\Users\ecologylab\Documents\GitHub\WinTUIODriver\Executables\Tuio-to-Vmulti-Service-2.pdb" /SUBSYSTEM:CONSOLE /OPT:REF /OPT:ICF /LTCG /TLBID:1 /DYNAMICBASE /NXCOMPAT /IMPLIB:"Release\..\..\..\..\Executables\Tuio-to-Vmulti-Service-2.lib" /MACHINE:X86 "Release\Tuio-to-Vmulti-Service-2.exe.embed.manifest.res"
         Release\NetworkingUtils.obj
         Release\UdpSocket.obj
         Release\OscPrintReceivedElements.obj
         Release\OscReceivedElements.obj
         Release\OscTypes.obj
         Release\ServiceBase.obj
         Release\ServiceInstaller.obj
         Release\TUIOService2.obj
         Release\TuioClient.obj
         Release\TuioTime.obj
         Release\stdafx.obj
         "Release\Tuio-to-Vmulti-Service-2.obj"
         C:\Users\ecologylab\Documents\GitHub\WinTUIODriver\Services\Service2\Release\vmulticlient.lib
     1>LINK : warning LNK4075: ignoring '/INCREMENTAL' due to '/LTCG' specification
         Generating code
         Finished generating code
         Tuio-to-Vmulti-Service-2.vcxproj -> C:\Users\ecologylab\Documents\GitHub\WinTUIODriver\Services\Service2\Tuio-to-Vmulti-Service-2\Release\..\..\..\..\Executables\Tuio-to-Vmulti-Service-2.exe
       FinalizeBuildStatus:
         Deleting file "Release\Tuio-to-Vmulti-Service-2.unsuccessfulbuild".
         Touching "Release\Tuio-to-Vmulti-Service-2.lastbuildstate".
     1>Done Building Project "C:\Users\ecologylab\Documents\GitHub\WinTUIODriver\Services\Service2\Tuio-to-Vmulti-Service-2\Tuio-to-Vmulti-Service-2.vcxproj" (rebuild target(s)).

Build succeeded.

Time Elapsed 00:00:07.94
