C:\USERS\ECOLOGYLAB\DOCUMENTS\GITHUB\WINTUIODRIVER\EXECUTABLES\TUIO-TO-VMULTI-SERVICE-2.EXE
C:\USERS\ECOLOGYLAB\DOCUMENTS\GITHUB\WINTUIODRIVER\EXECUTABLES\TUIO-TO-VMULTI-SERVICE-2.PDB
C:\Users\ecologylab\Documents\GitHub\WinTUIODriver\Services\Service2\Tuio-to-Vmulti-Service-2\Release\..\..\..\..\Executables\Tuio-to-Vmulti-Service-2.exe
C:\Users\ecologylab\Documents\GitHub\WinTUIODriver\Services\Service2\Tuio-to-Vmulti-Service-2\Release\cl.command.1.tlog
C:\Users\ecologylab\Documents\GitHub\WinTUIODriver\Services\Service2\Tuio-to-Vmulti-Service-2\Release\CL.read.1.tlog
C:\Users\ecologylab\Documents\GitHub\WinTUIODriver\Services\Service2\Tuio-to-Vmulti-Service-2\Release\CL.write.1.tlog
C:\Users\ecologylab\Documents\GitHub\WinTUIODriver\Services\Service2\Tuio-to-Vmulti-Service-2\Release\link.command.1.tlog
C:\Users\ecologylab\Documents\GitHub\WinTUIODriver\Services\Service2\Tuio-to-Vmulti-Service-2\Release\link.read.1.tlog
C:\Users\ecologylab\Documents\GitHub\WinTUIODriver\Services\Service2\Tuio-to-Vmulti-Service-2\Release\link.write.1.tlog
C:\Users\ecologylab\Documents\GitHub\WinTUIODriver\Services\Service2\Tuio-to-Vmulti-Service-2\Release\mt.command.1.tlog
C:\Users\ecologylab\Documents\GitHub\WinTUIODriver\Services\Service2\Tuio-to-Vmulti-Service-2\Release\mt.read.1.tlog
C:\Users\ecologylab\Documents\GitHub\WinTUIODriver\Services\Service2\Tuio-to-Vmulti-Service-2\Release\mt.write.1.tlog
C:\USERS\ECOLOGYLAB\DOCUMENTS\GITHUB\WINTUIODRIVER\SERVICES\SERVICE2\TUIO-TO-VMULTI-SERVICE-2\RELEASE\NETWORKINGUTILS.OBJ
C:\USERS\ECOLOGYLAB\DOCUMENTS\GITHUB\WINTUIODRIVER\SERVICES\SERVICE2\TUIO-TO-VMULTI-SERVICE-2\RELEASE\OSCPRINTRECEIVEDELEMENTS.OBJ
C:\USERS\ECOLOGYLAB\DOCUMENTS\GITHUB\WINTUIODRIVER\SERVICES\SERVICE2\TUIO-TO-VMULTI-SERVICE-2\RELEASE\OSCRECEIVEDELEMENTS.OBJ
C:\USERS\ECOLOGYLAB\DOCUMENTS\GITHUB\WINTUIODRIVER\SERVICES\SERVICE2\TUIO-TO-VMULTI-SERVICE-2\RELEASE\OSCTYPES.OBJ
C:\Users\ecologylab\Documents\GitHub\WinTUIODriver\Services\Service2\Tuio-to-Vmulti-Service-2\Release\ResolveAssemblyReference.cache
C:\USERS\ECOLOGYLAB\DOCUMENTS\GITHUB\WINTUIODRIVER\SERVICES\SERVICE2\TUIO-TO-VMULTI-SERVICE-2\RELEASE\SERVICEBASE.OBJ
C:\USERS\ECOLOGYLAB\DOCUMENTS\GITHUB\WINTUIODRIVER\SERVICES\SERVICE2\TUIO-TO-VMULTI-SERVICE-2\RELEASE\SERVICEINSTALLER.OBJ
C:\USERS\ECOLOGYLAB\DOCUMENTS\GITHUB\WINTUIODRIVER\SERVICES\SERVICE2\TUIO-TO-VMULTI-SERVICE-2\RELEASE\STDAFX.OBJ
C:\USERS\ECOLOGYLAB\DOCUMENTS\GITHUB\WINTUIODRIVER\SERVICES\SERVICE2\TUIO-TO-VMULTI-SERVICE-2\RELEASE\TUIOCLIENT.OBJ
C:\USERS\ECOLOGYLAB\DOCUMENTS\GITHUB\WINTUIODRIVER\SERVICES\SERVICE2\TUIO-TO-VMULTI-SERVICE-2\RELEASE\TUIOSERVICE2.OBJ
C:\USERS\ECOLOGYLAB\DOCUMENTS\GITHUB\WINTUIODRIVER\SERVICES\SERVICE2\TUIO-TO-VMULTI-SERVICE-2\RELEASE\TUIOTIME.OBJ
C:\USERS\ECOLOGYLAB\DOCUMENTS\GITHUB\WINTUIODRIVER\SERVICES\SERVICE2\TUIO-TO-VMULTI-SERVICE-2\RELEASE\TUIO-TO-VMULTI-SERVICE-2.EXE.INTERMEDIATE.MANIFEST
C:\USERS\ECOLOGYLAB\DOCUMENTS\GITHUB\WINTUIODRIVER\SERVICES\SERVICE2\TUIO-TO-VMULTI-SERVICE-2\RELEASE\TUIO-TO-VMULTI-SERVICE-2.OBJ
C:\USERS\ECOLOGYLAB\DOCUMENTS\GITHUB\WINTUIODRIVER\SERVICES\SERVICE2\TUIO-TO-VMULTI-SERVICE-2\RELEASE\TUIO-TO-VMULTI-SERVICE-2.PCH
C:\Users\ecologylab\Documents\GitHub\WinTUIODriver\Services\Service2\Tuio-to-Vmulti-Service-2\Release\Tuio-to-Vmulti-Service-2.write.1.tlog
C:\USERS\ECOLOGYLAB\DOCUMENTS\GITHUB\WINTUIODRIVER\SERVICES\SERVICE2\TUIO-TO-VMULTI-SERVICE-2\RELEASE\UDPSOCKET.OBJ
C:\USERS\ECOLOGYLAB\DOCUMENTS\GITHUB\WINTUIODRIVER\SERVICES\SERVICE2\TUIO-TO-VMULTI-SERVICE-2\RELEASE\VC100.PDB
Release\..\..\..\..\Executables\Tuio-to-Vmulti-Service-2.pdb
