C:\ecology-lab\ecologylab-WinTUIODriver-375775c\TuioToVmulti-Client\Tuio-to-Vmulti-Service-5\Debug\cl.command.1.tlog
C:\ecology-lab\ecologylab-WinTUIODriver-375775c\TuioToVmulti-Client\Tuio-to-Vmulti-Service-5\Debug\CL.read.1.tlog
C:\ecology-lab\ecologylab-WinTUIODriver-375775c\TuioToVmulti-Client\Tuio-to-Vmulti-Service-5\Debug\CL.write.1.tlog
C:\ecology-lab\ecologylab-WinTUIODriver-375775c\TuioToVmulti-Client\Tuio-to-Vmulti-Service-5\Debug\link.5896.read.1.tlog
C:\ecology-lab\ecologylab-WinTUIODriver-375775c\TuioToVmulti-Client\Tuio-to-Vmulti-Service-5\Debug\link.5896.write.1.tlog
C:\ecology-lab\ecologylab-WinTUIODriver-375775c\TuioToVmulti-Client\Tuio-to-Vmulti-Service-5\Debug\link.5896-cvtres.read.1.tlog
C:\ecology-lab\ecologylab-WinTUIODriver-375775c\TuioToVmulti-Client\Tuio-to-Vmulti-Service-5\Debug\link.5896-cvtres.write.1.tlog
C:\ecology-lab\ecologylab-WinTUIODriver-375775c\TuioToVmulti-Client\Tuio-to-Vmulti-Service-5\Debug\link.7760.read.1.tlog
C:\ecology-lab\ecologylab-WinTUIODriver-375775c\TuioToVmulti-Client\Tuio-to-Vmulti-Service-5\Debug\link.7760.write.1.tlog
C:\ecology-lab\ecologylab-WinTUIODriver-375775c\TuioToVmulti-Client\Tuio-to-Vmulti-Service-5\Debug\link.7760-cvtres.read.1.tlog
C:\ecology-lab\ecologylab-WinTUIODriver-375775c\TuioToVmulti-Client\Tuio-to-Vmulti-Service-5\Debug\link.7760-cvtres.write.1.tlog
C:\ecology-lab\ecologylab-WinTUIODriver-375775c\TuioToVmulti-Client\Tuio-to-Vmulti-Service-5\Debug\link.7900.read.1.tlog
C:\ecology-lab\ecologylab-WinTUIODriver-375775c\TuioToVmulti-Client\Tuio-to-Vmulti-Service-5\Debug\link.7900.write.1.tlog
C:\ecology-lab\ecologylab-WinTUIODriver-375775c\TuioToVmulti-Client\Tuio-to-Vmulti-Service-5\Debug\link.7900-cvtres.read.1.tlog
C:\ecology-lab\ecologylab-WinTUIODriver-375775c\TuioToVmulti-Client\Tuio-to-Vmulti-Service-5\Debug\link.7900-cvtres.write.1.tlog
C:\ecology-lab\ecologylab-WinTUIODriver-375775c\TuioToVmulti-Client\Tuio-to-Vmulti-Service-5\Debug\link.command.1.tlog
C:\ecology-lab\ecologylab-WinTUIODriver-375775c\TuioToVmulti-Client\Tuio-to-Vmulti-Service-5\Debug\link.read.1.tlog
C:\ecology-lab\ecologylab-WinTUIODriver-375775c\TuioToVmulti-Client\Tuio-to-Vmulti-Service-5\Debug\link.write.1.tlog
C:\ecology-lab\ecologylab-WinTUIODriver-375775c\TuioToVmulti-Client\Tuio-to-Vmulti-Service-5\Debug\link-cvtres.read.1.tlog
C:\ecology-lab\ecologylab-WinTUIODriver-375775c\TuioToVmulti-Client\Tuio-to-Vmulti-Service-5\Debug\link-cvtres.write.1.tlog
C:\ecology-lab\ecologylab-WinTUIODriver-375775c\TuioToVmulti-Client\Tuio-to-Vmulti-Service-5\Debug\mt.command.1.tlog
C:\ecology-lab\ecologylab-WinTUIODriver-375775c\TuioToVmulti-Client\Tuio-to-Vmulti-Service-5\Debug\mt.read.1.tlog
C:\ecology-lab\ecologylab-WinTUIODriver-375775c\TuioToVmulti-Client\Tuio-to-Vmulti-Service-5\Debug\mt.write.1.tlog
C:\ECOLOGY-LAB\ECOLOGYLAB-WINTUIODRIVER-375775C\TUIOTOVMULTI-CLIENT\TUIO-TO-VMULTI-SERVICE-5\DEBUG\NETWORKINGUTILS.OBJ
C:\ECOLOGY-LAB\ECOLOGYLAB-WINTUIODRIVER-375775C\TUIOTOVMULTI-CLIENT\TUIO-TO-VMULTI-SERVICE-5\DEBUG\OSCPRINTRECEIVEDELEMENTS.OBJ
C:\ECOLOGY-LAB\ECOLOGYLAB-WINTUIODRIVER-375775C\TUIOTOVMULTI-CLIENT\TUIO-TO-VMULTI-SERVICE-5\DEBUG\OSCRECEIVEDELEMENTS.OBJ
C:\ECOLOGY-LAB\ECOLOGYLAB-WINTUIODRIVER-375775C\TUIOTOVMULTI-CLIENT\TUIO-TO-VMULTI-SERVICE-5\DEBUG\OSCTYPES.OBJ
C:\ecology-lab\ecologylab-WinTUIODriver-375775c\TuioToVmulti-Client\Tuio-to-Vmulti-Service-5\Debug\rc.command.1.tlog
C:\ecology-lab\ecologylab-WinTUIODriver-375775c\TuioToVmulti-Client\Tuio-to-Vmulti-Service-5\Debug\rc.read.1.tlog
C:\ecology-lab\ecologylab-WinTUIODriver-375775c\TuioToVmulti-Client\Tuio-to-Vmulti-Service-5\Debug\rc.write.1.tlog
C:\ECOLOGY-LAB\ECOLOGYLAB-WINTUIODRIVER-375775C\TUIOTOVMULTI-CLIENT\TUIO-TO-VMULTI-SERVICE-5\DEBUG\SERVICEBASE.OBJ
C:\ECOLOGY-LAB\ECOLOGYLAB-WINTUIODRIVER-375775C\TUIOTOVMULTI-CLIENT\TUIO-TO-VMULTI-SERVICE-5\DEBUG\SERVICEINSTALLER.OBJ
C:\ECOLOGY-LAB\ECOLOGYLAB-WINTUIODRIVER-375775C\TUIOTOVMULTI-CLIENT\TUIO-TO-VMULTI-SERVICE-5\DEBUG\STDAFX.OBJ
C:\ECOLOGY-LAB\ECOLOGYLAB-WINTUIODRIVER-375775C\TUIOTOVMULTI-CLIENT\TUIO-TO-VMULTI-SERVICE-5\DEBUG\TUIOCLIENT.OBJ
C:\ECOLOGY-LAB\ECOLOGYLAB-WINTUIODRIVER-375775C\TUIOTOVMULTI-CLIENT\TUIO-TO-VMULTI-SERVICE-5\DEBUG\TUIOSERVICE5.OBJ
C:\ECOLOGY-LAB\ECOLOGYLAB-WINTUIODRIVER-375775C\TUIOTOVMULTI-CLIENT\TUIO-TO-VMULTI-SERVICE-5\DEBUG\TUIOTIME.OBJ
C:\ecology-lab\ecologylab-WinTUIODriver-375775c\TuioToVmulti-Client\Tuio-to-Vmulti-Service-5\Debug\Tuio-to-Vmulti-Service-5.exe.embed.manifest
C:\ECOLOGY-LAB\ECOLOGYLAB-WINTUIODRIVER-375775C\TUIOTOVMULTI-CLIENT\TUIO-TO-VMULTI-SERVICE-5\DEBUG\TUIO-TO-VMULTI-SERVICE-5.EXE.EMBED.MANIFEST.RES
C:\ecology-lab\ecologylab-WinTUIODriver-375775c\TuioToVmulti-Client\Tuio-to-Vmulti-Service-5\Debug\Tuio-to-Vmulti-Service-5.exe.intermediate.manifest
C:\ECOLOGY-LAB\ECOLOGYLAB-WINTUIODRIVER-375775C\TUIOTOVMULTI-CLIENT\TUIO-TO-VMULTI-SERVICE-5\DEBUG\TUIO-TO-VMULTI-SERVICE-5.OBJ
C:\ECOLOGY-LAB\ECOLOGYLAB-WINTUIODRIVER-375775C\TUIOTOVMULTI-CLIENT\TUIO-TO-VMULTI-SERVICE-5\DEBUG\TUIO-TO-VMULTI-SERVICE-5.PCH
C:\ecology-lab\ecologylab-WinTUIODriver-375775c\TuioToVmulti-Client\Tuio-to-Vmulti-Service-5\Debug\Tuio-to-Vmulti-Service-5.vcxprojResolveAssemblyReference.cache
C:\ecology-lab\ecologylab-WinTUIODriver-375775c\TuioToVmulti-Client\Tuio-to-Vmulti-Service-5\Debug\Tuio-to-Vmulti-Service-5.write.1.tlog
C:\ecology-lab\ecologylab-WinTUIODriver-375775c\TuioToVmulti-Client\Tuio-to-Vmulti-Service-5\Debug\Tuio-to-Vmulti-Service-5_manifest.rc
C:\ECOLOGY-LAB\ECOLOGYLAB-WINTUIODRIVER-375775C\TUIOTOVMULTI-CLIENT\TUIO-TO-VMULTI-SERVICE-5\DEBUG\UDPSOCKET.OBJ
C:\ecology-lab\ecologylab-WinTUIODriver-375775c\TuioToVmulti-Client\Tuio-to-Vmulti-Service-5\Debug\vc100.idb
C:\ECOLOGY-LAB\ECOLOGYLAB-WINTUIODRIVER-375775C\TUIOTOVMULTI-CLIENT\TUIO-TO-VMULTI-SERVICE-5\DEBUG\VC100.PDB
Debug\..\..\..\Executables\Tuio-to-Vmulti-Service-5.pdb
E:\ECOLOGY-LAB\ECOLOGYLAB-WINTUIODRIVER-375775C\EXECUTABLES\TUIO-TO-VMULTI-SERVICE-5.EXE
E:\ECOLOGY-LAB\ECOLOGYLAB-WINTUIODRIVER-375775C\EXECUTABLES\TUIO-TO-VMULTI-SERVICE-5.ILK
E:\ECOLOGY-LAB\ECOLOGYLAB-WINTUIODRIVER-375775C\EXECUTABLES\TUIO-TO-VMULTI-SERVICE-5.PDB
E:\ECOLOGY-LAB\ECOLOGYLAB-WINTUIODRIVER-375775C\TUIOTOVMULTI-CLIENT\TUIO-TO-VMULTI-SERVICE-5\DEBUG\NETWORKINGUTILS.OBJ
E:\ECOLOGY-LAB\ECOLOGYLAB-WINTUIODRIVER-375775C\TUIOTOVMULTI-CLIENT\TUIO-TO-VMULTI-SERVICE-5\DEBUG\OSCPRINTRECEIVEDELEMENTS.OBJ
E:\ECOLOGY-LAB\ECOLOGYLAB-WINTUIODRIVER-375775C\TUIOTOVMULTI-CLIENT\TUIO-TO-VMULTI-SERVICE-5\DEBUG\OSCRECEIVEDELEMENTS.OBJ
E:\ECOLOGY-LAB\ECOLOGYLAB-WINTUIODRIVER-375775C\TUIOTOVMULTI-CLIENT\TUIO-TO-VMULTI-SERVICE-5\DEBUG\OSCTYPES.OBJ
E:\ECOLOGY-LAB\ECOLOGYLAB-WINTUIODRIVER-375775C\TUIOTOVMULTI-CLIENT\TUIO-TO-VMULTI-SERVICE-5\DEBUG\SERVICEBASE.OBJ
E:\ECOLOGY-LAB\ECOLOGYLAB-WINTUIODRIVER-375775C\TUIOTOVMULTI-CLIENT\TUIO-TO-VMULTI-SERVICE-5\DEBUG\SERVICEINSTALLER.OBJ
E:\ECOLOGY-LAB\ECOLOGYLAB-WINTUIODRIVER-375775C\TUIOTOVMULTI-CLIENT\TUIO-TO-VMULTI-SERVICE-5\DEBUG\STDAFX.OBJ
E:\ECOLOGY-LAB\ECOLOGYLAB-WINTUIODRIVER-375775C\TUIOTOVMULTI-CLIENT\TUIO-TO-VMULTI-SERVICE-5\DEBUG\TUIOCLIENT.OBJ
E:\ECOLOGY-LAB\ECOLOGYLAB-WINTUIODRIVER-375775C\TUIOTOVMULTI-CLIENT\TUIO-TO-VMULTI-SERVICE-5\DEBUG\TUIOSERVICE5.OBJ
E:\ECOLOGY-LAB\ECOLOGYLAB-WINTUIODRIVER-375775C\TUIOTOVMULTI-CLIENT\TUIO-TO-VMULTI-SERVICE-5\DEBUG\TUIOTIME.OBJ
E:\ECOLOGY-LAB\ECOLOGYLAB-WINTUIODRIVER-375775C\TUIOTOVMULTI-CLIENT\TUIO-TO-VMULTI-SERVICE-5\DEBUG\TUIO-TO-VMULTI-SERVICE-5.EXE.EMBED.MANIFEST
E:\ECOLOGY-LAB\ECOLOGYLAB-WINTUIODRIVER-375775C\TUIOTOVMULTI-CLIENT\TUIO-TO-VMULTI-SERVICE-5\DEBUG\TUIO-TO-VMULTI-SERVICE-5.EXE.EMBED.MANIFEST.RES
E:\ECOLOGY-LAB\ECOLOGYLAB-WINTUIODRIVER-375775C\TUIOTOVMULTI-CLIENT\TUIO-TO-VMULTI-SERVICE-5\DEBUG\TUIO-TO-VMULTI-SERVICE-5.EXE.INTERMEDIATE.MANIFEST
E:\ECOLOGY-LAB\ECOLOGYLAB-WINTUIODRIVER-375775C\TUIOTOVMULTI-CLIENT\TUIO-TO-VMULTI-SERVICE-5\DEBUG\TUIO-TO-VMULTI-SERVICE-5.OBJ
E:\ECOLOGY-LAB\ECOLOGYLAB-WINTUIODRIVER-375775C\TUIOTOVMULTI-CLIENT\TUIO-TO-VMULTI-SERVICE-5\DEBUG\TUIO-TO-VMULTI-SERVICE-5.PCH
E:\ECOLOGY-LAB\ECOLOGYLAB-WINTUIODRIVER-375775C\TUIOTOVMULTI-CLIENT\TUIO-TO-VMULTI-SERVICE-5\DEBUG\UDPSOCKET.OBJ
E:\ECOLOGY-LAB\ECOLOGYLAB-WINTUIODRIVER-375775C\TUIOTOVMULTI-CLIENT\TUIO-TO-VMULTI-SERVICE-5\DEBUG\VC100.PDB
